#
# There is insufficient memory for the Java Runtime Environment to continue.
# Native memory allocation (mmap) failed to map 266338304 bytes for G1 virtual space
# Possible reasons:
#   The system is out of physical RAM or swap space
#   The process is running with CompressedOops enabled, and the Java Heap may be blocking the growth of the native heap
# Possible solutions:
#   Reduce memory load on the system
#   Increase physical memory or swap space
#   Check if swap backing store is full
#   Decrease Java heap size (-Xmx/-Xms)
#   Decrease number of Java threads
#   Decrease Java thread stack sizes (-Xss)
#   Set larger code cache with -XX:ReservedCodeCacheSize=
#   JVM is running with Zero Based Compressed Oops mode in which the Java heap is
#     placed in the first 32GB address space. The Java Heap base address is the
#     maximum limit for the native heap growth. Please use -XX:HeapBaseMinAddress
#     to set the Java Heap base and to place the Java Heap above 32GB virtual address.
# This output file may be truncated or incomplete.
#
#  Out of Memory Error (os_windows.cpp:3600), pid=18360, tid=23244
#
# JRE version:  (21.0+31) (build )
# Java VM: OpenJDK 64-Bit Server VM (21-ea+31-2444, mixed mode, emulated-client, sharing, tiered, compressed oops, compressed class ptrs, g1 gc, windows-amd64)
# No core dump will be written. Minidumps are not enabled by default on client versions of Windows
#

---------------  S U M M A R Y ------------

Command Line: -XX:TieredStopAtLevel=1 -Dspring.output.ansi.enabled=always -Dcom.sun.management.jmxremote -Dspring.jmx.enabled=true -Dspring.liveBeansView.mbeanDomain -Dspring.application.admin.enabled=true -Dmanagement.endpoints.jmx.exposure.include=* -javaagent:C:\Users\AHMEDHOSNY\AppData\Local\JetBrains\Toolbox\apps\IDEA-U\ch-0\231.9225.16.plugins\smx-idea\lib\xmx\bin\xmx-agent.jar=EmbeddedWebServer.Port=8081,config=C:\Users\AHMEDHOSNY\AppData\Local\JetBrains\Toolbox\apps\IDEA-U\ch-0\231.9225.16.plugins\smx-idea\lib\xmx\smx.ini -javaagent:C:\Users\AHMEDHOSNY\AppData\Local\JetBrains\Toolbox\apps\IDEA-U\ch-0\231.9225.16\lib\idea_rt.jar=32936:C:\Users\AHMEDHOSNY\AppData\Local\JetBrains\Toolbox\apps\IDEA-U\ch-0\231.9225.16\bin -Dfile.encoding=UTF-8 -Dsun.stdout.encoding=UTF-8 -Dsun.stderr.encoding=UTF-8 antifraud.AntiFraudApplication

Host: Intel(R) Core(TM) i7-10750H CPU @ 2.60GHz, 12 cores, 15G,  Windows 11 , 64 bit Build 25905 (10.0.25905.1000)
Time: Mon Jul 17 00:06:47 2023 Egypt Daylight Time elapsed time: 1.429672 seconds (0d 0h 0m 1s)

---------------  T H R E A D  ---------------

Current thread (0x00000226309b7ed0):  JavaThread "Unknown thread" [_thread_in_vm, id=23244, stack(0x00000026b5400000,0x00000026b5500000) (1024K)]

Stack: [0x00000026b5400000,0x00000026b5500000]
Native frames: (J=compiled Java code, j=interpreted, Vv=VM code, C=native code)
V  [jvm.dll+0x6c6c39]
V  [jvm.dll+0x851a71]
V  [jvm.dll+0x853cee]
V  [jvm.dll+0x8543c3]
V  [jvm.dll+0x280726]
V  [jvm.dll+0x6c3325]
V  [jvm.dll+0x6b7d1a]
V  [jvm.dll+0x35535a]
V  [jvm.dll+0x35cfa6]
V  [jvm.dll+0x3add0e]
V  [jvm.dll+0x3adfb8]
V  [jvm.dll+0x328d6c]
V  [jvm.dll+0x3298fb]
V  [jvm.dll+0x81a079]
V  [jvm.dll+0x3baff1]
V  [jvm.dll+0x803038]
V  [jvm.dll+0x44e11e]
V  [jvm.dll+0x44fa21]
C  [jli.dll+0x52a3]
C  [ucrtbase.dll+0x609e1]
C  [KERNEL32.DLL+0x124d8]
C  [ntdll.dll+0x4091]


---------------  P R O C E S S  ---------------

Threads class SMR info:
_java_thread_list=0x00007ff819ec5af8, length=0, elements={
}

Java Threads: ( => current thread )
Total: 0

Other Threads:
  0x000002263239a650 WorkerThread "GC Thread#0"                     [id=10144, stack(0x00000026b5500000,0x00000026b5600000) (1024K)]
  0x00000226323ac110 ConcurrentGCThread "G1 Main Marker"            [id=23144, stack(0x00000026b5600000,0x00000026b5700000) (1024K)]
  0x00000226323acb20 WorkerThread "G1 Conc#0"                       [id=16764, stack(0x00000026b5700000,0x00000026b5800000) (1024K)]

[error occurred during error reporting (printing all threads), id 0xc0000005, EXCEPTION_ACCESS_VIOLATION (0xc0000005) at pc=0x00007ff81963be37]
VM state: not at safepoint (not fully initialized)

VM Mutex/Monitor currently owned by a thread:  ([mutex/lock_event])
[0x00007ff819f365f8] Heap_lock - owner thread: 0x00000226309b7ed0

Heap address: 0x0000000702a00000, size: 4054 MB, Compressed Oops mode: Zero based, Oop shift amount: 3

CDS archive(s) mapped at: [0x0000000000000000-0x0000000000000000-0x0000000000000000), size 0, SharedBaseAddress: 0x0000000800000000, ArchiveRelocationMode: 0.
Narrow klass base: 0x0000000000000000, Narrow klass shift: 0, Narrow klass range: 0x0

GC Precious Log:
 CardTable entry size: 512
 Card Set container configuration: InlinePtr #cards 4 size 8 Array Of Cards #cards 16 size 48 Howl #buckets 8 coarsen threshold 3686 Howl Bitmap #cards 512 size 80 coarsen threshold 460 Card regions per heap region 1 cards per card region 4096

Heap:
 garbage-first heap   total 0K, used 0K [0x0000000702a00000, 0x0000000800000000)
  region size 2048K, 0 young (0K), 0 survivors (0K)

[error occurred during error reporting (printing heap information), id 0xc0000005, EXCEPTION_ACCESS_VIOLATION (0xc0000005) at pc=0x00007ff819a1f839]
GC Heap History (0 events):
No events

Dll operation events (1 events):
Event: 0.014 Loaded shared library D:\8-Programming\sdks\jdks\jdk-21\bin\java.dll

Deoptimization events (0 events):
No events

Classes loaded (0 events):
No events

Classes unloaded (0 events):
No events

Classes redefined (0 events):
No events

Internal exceptions (0 events):
No events

ZGC Phase Switch (0 events):
No events

VM Operations (0 events):
No events

Events (0 events):
No events


Dynamic libraries:
0x00007ff78c670000 - 0x00007ff78c67e000 	D:\8-Programming\sdks\jdks\jdk-21\bin\java.exe
0x00007ff890580000 - 0x00007ff8907ab000 	C:\WINDOWS\SYSTEM32\ntdll.dll
0x00007ff88f100000 - 0x00007ff88f1c6000 	C:\WINDOWS\System32\KERNEL32.DLL
0x00007ff88da30000 - 0x00007ff88dd8e000 	C:\WINDOWS\System32\KERNELBASE.dll
0x00007ff88e000000 - 0x00007ff88e133000 	C:\WINDOWS\System32\ucrtbase.dll
0x00007ff88b780000 - 0x00007ff88b798000 	D:\8-Programming\sdks\jdks\jdk-21\bin\jli.dll
0x00007ff88ac90000 - 0x00007ff88acab000 	D:\8-Programming\sdks\jdks\jdk-21\bin\VCRUNTIME140.dll
0x00007ff88ee80000 - 0x00007ff88f031000 	C:\WINDOWS\System32\USER32.dll
0x00007ff880ca0000 - 0x00007ff880f31000 	C:\WINDOWS\WinSxS\amd64_microsoft.windows.common-controls_6595b64144ccf1df_6.0.25905.1000_none_87b90b8fab340372\COMCTL32.dll
0x00007ff88dfd0000 - 0x00007ff88dff7000 	C:\WINDOWS\System32\win32u.dll
0x00007ff88f800000 - 0x00007ff88f8a7000 	C:\WINDOWS\System32\msvcrt.dll
0x00007ff890510000 - 0x00007ff890539000 	C:\WINDOWS\System32\GDI32.dll
0x00007ff88e200000 - 0x00007ff88e31f000 	C:\WINDOWS\System32\gdi32full.dll
0x00007ff88dda0000 - 0x00007ff88de45000 	C:\WINDOWS\System32\msvcp_win.dll
0x00007ff8904d0000 - 0x00007ff890500000 	C:\WINDOWS\System32\IMM32.DLL
0x00007ff88ac80000 - 0x00007ff88ac8c000 	D:\8-Programming\sdks\jdks\jdk-21\bin\vcruntime140_1.dll
0x00007ff870a40000 - 0x00007ff870ace000 	D:\8-Programming\sdks\jdks\jdk-21\bin\msvcp140.dll
0x00007ff819300000 - 0x00007ff81a011000 	D:\8-Programming\sdks\jdks\jdk-21\bin\server\jvm.dll
0x00007ff88f040000 - 0x00007ff88f0f0000 	C:\WINDOWS\System32\ADVAPI32.dll
0x00007ff890420000 - 0x00007ff8904c0000 	C:\WINDOWS\System32\sechost.dll
0x00007ff88e850000 - 0x00007ff88e975000 	C:\WINDOWS\System32\RPCRT4.dll
0x00007ff88e530000 - 0x00007ff88e5a3000 	C:\WINDOWS\System32\WS2_32.dll
0x00007ff88d160000 - 0x00007ff88d1ae000 	C:\WINDOWS\SYSTEM32\POWRPROF.dll
0x00007ff8815d0000 - 0x00007ff881604000 	C:\WINDOWS\SYSTEM32\WINMM.dll
0x00007ff887ff0000 - 0x00007ff887ffa000 	C:\WINDOWS\SYSTEM32\VERSION.dll
0x00007ff88d140000 - 0x00007ff88d154000 	C:\WINDOWS\SYSTEM32\UMPDC.dll
0x00007ff88c890000 - 0x00007ff88c8a8000 	C:\WINDOWS\SYSTEM32\kernel.appcore.dll
0x00007ff88ac70000 - 0x00007ff88ac7a000 	D:\8-Programming\sdks\jdks\jdk-21\bin\jimage.dll
0x00007ff88b230000 - 0x00007ff88b465000 	C:\WINDOWS\SYSTEM32\DBGHELP.DLL
0x00007ff88f260000 - 0x00007ff88f5db000 	C:\WINDOWS\System32\combase.dll
0x00007ff890060000 - 0x00007ff890135000 	C:\WINDOWS\System32\OLEAUT32.dll
0x00007ff873880000 - 0x00007ff8738b8000 	C:\WINDOWS\SYSTEM32\dbgcore.DLL
0x00007ff88e330000 - 0x00007ff88e3b1000 	C:\WINDOWS\System32\bcryptPrimitives.dll
0x00007ff880b60000 - 0x00007ff880b6f000 	D:\8-Programming\sdks\jdks\jdk-21\bin\instrument.dll
0x00007ff88ac50000 - 0x00007ff88ac6f000 	D:\8-Programming\sdks\jdks\jdk-21\bin\java.dll

dbghelp: loaded successfully - version: 4.0.5 - missing functions: none
symbol engine: initialized successfully - sym options: 0x614 - pdb path: .;D:\8-Programming\sdks\jdks\jdk-21\bin;C:\WINDOWS\SYSTEM32;C:\WINDOWS\WinSxS\amd64_microsoft.windows.common-controls_6595b64144ccf1df_6.0.25905.1000_none_87b90b8fab340372;D:\8-Programming\sdks\jdks\jdk-21\bin\server

VM Arguments:
jvm_args: -XX:TieredStopAtLevel=1 -Dspring.output.ansi.enabled=always -Dcom.sun.management.jmxremote -Dspring.jmx.enabled=true -Dspring.liveBeansView.mbeanDomain -Dspring.application.admin.enabled=true -Dmanagement.endpoints.jmx.exposure.include=* -javaagent:C:\Users\AHMEDHOSNY\AppData\Local\JetBrains\Toolbox\apps\IDEA-U\ch-0\231.9225.16.plugins\smx-idea\lib\xmx\bin\xmx-agent.jar=EmbeddedWebServer.Port=8081,config=C:\Users\AHMEDHOSNY\AppData\Local\JetBrains\Toolbox\apps\IDEA-U\ch-0\231.9225.16.plugins\smx-idea\lib\xmx\smx.ini -javaagent:C:\Users\AHMEDHOSNY\AppData\Local\JetBrains\Toolbox\apps\IDEA-U\ch-0\231.9225.16\lib\idea_rt.jar=32936:C:\Users\AHMEDHOSNY\AppData\Local\JetBrains\Toolbox\apps\IDEA-U\ch-0\231.9225.16\bin -Dfile.encoding=UTF-8 -Dsun.stdout.encoding=UTF-8 -Dsun.stderr.encoding=UTF-8 
java_command: antifraud.AntiFraudApplication
java_class_path (initial): D:\7-Learn\HyperSkill\Java\Anti-Fraud System\Anti-Fraud System\task\out\production\classes;D:\7-Learn\HyperSkill\Java\Anti-Fraud System\Anti-Fraud System\task\out\production\resources;C:\Users\AHMEDHOSNY\.gradle\caches\modules-2\files-2.1\org.projectlombok\lombok\1.18.24\13a394eed5c4f9efb2a6d956e2086f1d81e857d9\lombok-1.18.24.jar;C:\Users\AHMEDHOSNY\.gradle\caches\modules-2\files-2.1\org.springframework.boot\spring-boot-starter-actuator\3.0.2\7d884d7edd505b6d419e86cfaa90c6ec7e847cc7\spring-boot-starter-actuator-3.0.2.jar;C:\Users\AHMEDHOSNY\.gradle\caches\modules-2\files-2.1\org.springframework.boot\spring-boot-starter-web\3.0.2\3f6a2cb4cb11bac3611f5a95e234589eb190dd29\spring-boot-starter-web-3.0.2.jar;C:\Users\AHMEDHOSNY\.gradle\caches\modules-2\files-2.1\org.springframework.boot\spring-boot-starter-security\3.0.2\9482177b76f34717dc85b20c650ab1248005ebb4\spring-boot-starter-security-3.0.2.jar;C:\Users\AHMEDHOSNY\.gradle\caches\modules-2\files-2.1\org.springframework.boot\spring-boot-starter-data-jpa\3.0.2\fc0dbe82effb33d3d89b4cf2ec6b7968ad2af558\spring-boot-starter-data-jpa-3.0.2.jar;C:\Users\AHMEDHOSNY\.gradle\caches\modules-2\files-2.1\org.springframework.boot\spring-boot-starter-jdbc\3.0.2\662285456edce14301de88fc0ab4937643a51b50\spring-boot-starter-jdbc-3.0.2.jar;C:\Users\AHMEDHOSNY\.gradle\caches\modules-2\files-2.1\org.springframework.boot\spring-boot-starter-validation\3.0.2\19c672463a693c8a3cecaf458cd7e69f2971eea7\spring-boot-starter-validation-3.0.2.jar;C:\Users\AHMEDHOSNY\.gradle\caches\modules-2\files-2.1\org.springframework.boot\spring-boot-starter\3.0.2\a9426629b5a83ad64fbe4e1d24081cccf4cdab14\spring-boot-starter-3.0.2.jar;C:\Users\AHMEDHOSNY\.gradle\caches\modules-2\files-2.1\org.jetbrains.kotlin\kotlin-stdlib-jdk8\1.9.0\e000bd084353d84c9e888f6fb341dc1f5b79d948\kotlin-stdlib-jdk8-1.9.0.jar;C:\Users\AHMEDHOSNY\.gradle\caches\modules-2\files-2.1\org.jetbrains.kotlin\kotlin-reflect\1.9.0\2891f552979d4bf4d4ec516acb9df769fb62dbe9\kotlin-reflect-1.9.0.jar;C:\Users\AHMEDHOSNY\.gradle\caches\modules-2\files-2.1\org.modelmapper\modelmapper\2.3.5\fe5270dad6257d6defd8f6e965e802504d46d3b3\modelmapper-2.3.5.jar;C:\Users\AHMEDHOSNY\.gradle\caches\modules-2\files-2.1\org.springframework.boot\spring-boot-actuator-autoconfigure\3.0.2\93b5dc38805cc247ae5f1eb4612fe06a12930184\spring-boot-actuator-autoconfigure-3.0.2.jar;C:\Users\AHMEDHOSNY\.gradle\caches\modules-2\files-2.1\io.micrometer\micrometer-core\1.10.3\278d3ce3ec0032829291ed88096831ae7be1054a\micrometer-core-1.10.3.jar;C:\Users\AHMEDHOSNY\.gradle\caches\modules-2\files-2.1\io.micrometer\micrometer-observation\1.10.3\32cc59dc8b5f00fba9fa88b7139898b0f7905db7\micrometer-observation-1.10.3.jar;C:\Users\AHMEDHOSNY\.gradle\caches\modules-2\files-2.1\org.springframework.boot\spring-boot-starter-json\3.0.2\11b9a2903af9014696d2576605bb73e8bca6ee19\spring-boot-starter-json-3.0.2.jar;C:\Users\AHMEDHOSNY\.gradle\caches\modules-2\files-2.1\org.springframework.boot\spring-boot-starter-tomcat\3.0.2\4d50f0cdcb4b8f74221ae823dd77c18290473045\spring-boot-starter-tomcat-3.0.2.jar;C:\Users\AHMEDHOSNY\.gradle\caches\modules-2\files-2.1\org.springframework\spring-webmvc\6.0.4\84ee8a9107480c92186ef8216ba0e1dca6ee1665\spring-webmvc-6.0.4.jar;C:\Users\AHMEDHOSNY\.gradle\caches\modules-2\files-2.1\org.springframework\spring-web\6.0.4\de18e3e75a0e56534d9df5978bd2f43f950e1b4a\spring-web-6.0.4.jar;C:\Users\AHMEDHOSNY\.gradle\caches\modules-2\files-2.1\org.springframework.security\spring-security-web\6.0.1\3f0c00dcddb23941983f844cad3221141f1b873a\spring-security-web-6.0.1.jar;C:\Users\AHMEDHOSNY\.gradle\caches\modules-2\files-2.1\org.springframework.security\spring-security-config\6.0.1\30cbecc3573f430aa2fc25f5f6be5c1662184efe\spring-security-config-6.0.1.jar;C:\Users\AHMEDHOSNY\.gradle\caches\modules-2\files-2.1\org.springframework\spring-aop\6.0.4\c47b65c09a5a6fc41293b6aa981fcbe24a3adcd0\spring-aop-6.0.4.jar;C:\Users\AHMEDHOSNY\.gradle\caches\modules-2\files-2.1\org.springframework.boot\spring-boot-starter-aop\3.0.2\cfb3ff6a7f8d47c9703f140387f39a837b81ab52\spring-boot-starter-aop-3.0.2.jar;C:\Users\AHMEDHOSNY\.gradle\caches\modules-2\files-2.1\org.springframework.data\spring-data-jpa\3.0.1\96f4ea7c780b6c902f83f4fd3c98dffe3ac5fbec\spring-data-jpa-3.0.1.jar;C:\Users\AHMEDHOSNY\.gradle\caches\modules-2\files-2.1\org.hibernate.orm\hibernate-core\6.1.6.Final\e2ff7dfc50d16377da7bedbf48a0a2e9db30ac66\hibernate-core-6.1.6.Final.jar;C:\Users\AHMEDHOSNY\.gradle\caches\modules-2\files-2.1\org.springframework\spring-aspects\6.0.4\5baf7a2260278ca9748be9dd8278d6519ff2da00\spring-aspects-6.0.4.jar;C:\Users\AHMEDHOSNY\.gradle\caches\modules-2\files-2.1\org.springframework\spring-jdbc\6.0.4\97304a02dec542762c19a7b39e1124f1714f7be9\spring-jdbc-6.0.4.jar;C:\Users\AHMEDHOSNY\.gradle\caches\modules-2\files-2.1\com.zaxxer\HikariCP\5.0.1\a74c7f0a37046846e88d54f7cb6ea6d565c65f9c\HikariCP-5.0.1.jar;C:\Users\AHMEDHOSNY\.gradle\caches\modules-2\files-2.1\org.apache.tomcat.embed\tomcat-embed-el\10.1.5\c125df13af42a0fc0cd342370449b1276181e2a1\tomcat-embed-el-10.1.5.jar;C:\Users\AHMEDHOSNY\.gradle\caches\modules-2\files-2.1\org.hibernate.validator\hibernate-validator\8.0.0.Final\8e0389f22a3a246915a3311877da4168256b95d2\hibernate-validator-8.0.0.Final.jar;C:\Users\AHMEDHOSNY\.gradle\caches\modules-2\files-2.1\org.springframework.boot\spring-boot-autoconfigure\3.0.2\42ad589ec930e05a2ed702a4940955ff97b16a8c\spring-boot-autoconfigure-3.0.2.jar;C:\Users\AHMEDHOSNY\.gradle\caches\modules-2\files-2.1\org.springframework.boot\spring-boot\3.0.2\69d2e0a07f7df180a4aacdc47c47a3db656857dc\spring-boot-3.0.2.jar;C:\Users\AHMEDHOSNY\.gradle\caches\modules-2\files-2.1\org.springframework.boot\spring-boot-starter-logging\3.0.2\1c5c71058a0297534d5c5f33a5d125bbbdb6a390\spring-boot-starter-logging-3.0.2.jar;C:\Users\AHMEDHOSNY\.gradle\caches\modules-2\files-2.1\jakarta.annotation\jakarta.annotation-api\2.1.1\48b9bda22b091b1f48b13af03fe36db3be6e1ae3\jakarta.annotation-api-2.1.1.jar;C:\Users\AHMEDHOSNY\.gradle\caches\modules-2\files-2.1\org.springframework\spring-core\6.0.4\8e24ad493887023cf5fac93541c72516f8ed9f6a\spring-core-6.0.4.jar;C:\Users\AHMEDHOSNY\.gradle\caches\modules-2\files-2.1\org.yaml\snakeyaml\1.33\2cd0a87ff7df953f810c344bdf2fe3340b954c69\snakeyaml-1.33.jar;C:\Users\AHMEDHOSNY\.gradle\caches\modules-2\files-2.1\org.jetbrains.kotlin\kotlin-stdlib-jdk7\1.9.0\f320478990d05e0cfaadd74f9619fd6027adbf37\kotlin-stdlib-jdk7-1.9.0.jar;C:\Users\AHMEDHOSNY\.gradle\caches\modules-2\files-2.1\org.jetbrains.kotlin\kotlin-stdlib\1.9.0\8ee15ef0c67dc83d874f412d84378d7f0eb50b63\kotlin-stdlib-1.9.0.jar;C:\Users\AHMEDHOSNY\.gradle\caches\modules-2\files-2.1\org.springframework.boot\spring-boot-actuator\3.0.2\24a6ef47c1eab1e010a2cba0b9877f0d2a515354\spring-boot-actuator-3.0.2.jar;C:\Users\AHMEDHOSNY\.gradle\caches\modules-2\files-2.1\io.micrometer\micrometer-commons\1.10.3\334080a1a6b849d09d3ef96d7b243fc3c16b2e5a\micrometer-commons-1.10.3.jar;C:\Users\AHMEDHOSNY\.gradle\caches\modules-2\files-2.1\com.fasterxml.jackson.datatype\jackson-datatype-jsr310\2.14.1\f24e8cb1437e05149b7a3049ebd6700f42e664b1\jackson-datatype-jsr310-2.14.1.jar;C:\Users\AHMEDHOSNY\.gradle\caches\modules-2\files-2.1\com.fasterxml.jackson.module\jackson-module-parameter-names\2.14.1\2e05a86dba3d4b05074b6a313c4d5b7ff844c8dd\jackson-module-parameter-names-2.14.1.jar;C:\Users\AHMEDHOSNY\.gradle\caches\modules-2\files-2.1\com.fasterxml.jackson.datatype\jackson-datatype-jdk8\2.14.1\da194197d187bf24a8699514344ebf0abd7c342a\jackson-datatype-jdk8-2.14.1.jar;C:\Users\AHMEDHOSNY\.gradle\caches\modules-2\files-2.1\com.fasterxml.jackson.core\jackson-databind\2.14.1\268524b9056cae1211b9f1f52560ef19347f4d17\jackson-databind-2.14.1.jar;C:\Users\AHMEDHOSNY\.gradle\caches\modules-2\files-2.1\org.apache.tomcat.embed\tomcat-embed-websocket\10.1.5\14529cbd593571dc9029272ddc9166b5ef113fc2\tomcat-embed-websocket-10.1.5.jar;C:\Users\AHMEDHOSNY\.gradle\caches\modules-2\files-2.1\org.apache.tomcat.embed\tomcat-embed-core\10.1.5\21417d3ef8189e2af05aae0a765ad9204d7211b5\tomcat-embed-core-10.1.5.jar;C:\Users\AHMEDHOSNY\.gradle\caches\modules-2\files-2.1\org.springframework\spring-context\6.0.4\4fffcbb7eb4f1e9f1a4c9d3ca60098f7c063fc05\spring-context-6.0.4.jar;C:\Users\AHMEDHOSNY\.gradle\caches\modules-2\files-2.1\org.springframework\spring-beans\6.0.4\7d903607ecfcdefccd0d48aea8724632479b3e83\spring-beans-6.0.4.jar;C:\Users\AHMEDHOSNY\.gradle\caches\modules-2\files-2.1\org.springframework\spring-expression\6.0.4\a908e6d3c46fcd6b58221d8427bbaf284bbbee0c\spring-expression-6.0.4.jar;C:\Users\AHMEDHOSNY\.gradle\caches\modules-2\files-2.1\org.springframework.security\spring-security-core\6.0.1\7d54b69c31cee7ff8d68dfb852cd904ed65af3cd\spring-security-core-6.0.1.jar;C:\Users\AHMEDHOSNY\.gradle\caches\modules-2\files-2.1\org.aspectj\aspectjweaver\1.9.19\afbffb1210239fbba5cad73093c5b216d515838f\aspectjweaver-1.9.19.jar;C:\Users\AHMEDHOSNY\.gradle\caches\modules-2\files-2.1\org.springframework\spring-orm\6.0.4\c9958d0879bdc05f7221c0b49d90a1b8825da540\spring-orm-6.0.4.jar;C:\Users\AHMEDHOSNY\.gradle\caches\modules-2\files-2.1\org.springframework.data\spring-data-commons\3.0.1\a748e9d73fe23bec3a8604c68da74446a887d59\spring-data-commons-3.0.1.jar;C:\Users\AHMEDHOSNY\.gradle\caches\modules-2\files-2.1\org.springframework\spring-tx\6.0.4\f8a50c2547179328a5f2202591d6341e3cbf1708\spring-tx-6.0.4.jar;C:\Users\AHMEDHOSNY\.gradle\caches\modules-2\files-2.1\org.slf4j\slf4j-api\2.0.6\88c40d8b4f33326f19a7d3c0aaf2c7e8721d4953\slf4j-api-2.0.6.jar;C:\Users\AHMEDHOSNY\.gradle\caches\modules-2\files-2.1\jakarta.persistence\jakarta.persistence-api\3.1.0\66901fa1c373c6aff65c13791cc11da72060a8d6\jakarta.persistence-api-3.1.0.jar;C:\Users\AHMEDHOSNY\.gradle\caches\modules-2\files-2.1\jakarta.transaction\jakarta.transaction-api\2.0.1\51a520e3fae406abb84e2e1148e6746ce3f80a1a\jakarta.transaction-api-2.0.1.jar;C:\Users\AHMEDHOSNY\.gradle\caches\modules-2\files-2.1\jakarta.validation\jakarta.validation-api\3.0.2\92b6631659ba35ca09e44874d3eb936edfeee532\jakarta.validation-api-3.0.2.jar;C:\Users\AHMEDHOSNY\.gradle\caches\modules-2\files-2.1\org.jboss.logging\jboss-logging\3.5.0.Final\c19307cc11f28f5e2679347e633a3294d865334d\jboss-logging-3.5.0.Final.jar;C:\Users\AHMEDHOSNY\.gradle\caches\modules-2\files-2.1\com.fasterxml\classmate\1.5.1\3fe0bed568c62df5e89f4f174c101eab25345b6c\classmate-1.5.1.jar;C:\Users\AHMEDHOSNY\.gradle\caches\modules-2\files-2.1\ch.qos.logback\logback-classic\1.4.5\28e7dc0b208d6c3f15beefd73976e064b4ecfa9b\logback-classic-1.4.5.jar;C:\Users\AHMEDHOSNY\.gradle\caches\modules-2\files-2.1\org.apache.logging.log4j\log4j-to-slf4j\2.19.0\30f4812e43172ecca5041da2cb6b965cc4777c19\log4j-to-slf4j-2.19.0.jar;C:\Users\AHMEDHOSNY\.gradle\caches\modules-2\files-2.1\org.slf4j\jul-to-slf4j\2.0.6\c4d348977a83a0bfcf42fd6fd1fee6e7904f1a0c\jul-to-slf4j-2.0.6.jar;C:\Users\AHMEDHOSNY\.gradle\caches\modules-2\files-2.1\org.springframework\spring-jcl\6.0.4\2d6523d00fc40cdb2c2f409113447940d2c872b5\spring-jcl-6.0.4.jar;C:\Users\AHMEDHOSNY\.gradle\caches\modules-2\files-2.1\org.jetbrains.kotlin\kotlin-stdlib-common\1.9.0\cd65c21cfd1eec4d44ef09f9f52b6d9f8a720636\kotlin-stdlib-common-1.9.0.jar;C:\Users\AHMEDHOSNY\.gradle\caches\modules-2\files-2.1\org.jetbrains\annotations\13.0\919f0dfe192fb4e063e7dacadee7f8bb9a2672a9\annotations-13.0.jar;C:\Users\AHMEDHOSNY\.gradle\caches\modules-2\files-2.1\com.fasterxml.jackson.core\jackson-annotations\2.14.1\2a6ad504d591a7903ffdec76b5b7252819a2d162\jackson-annotations-2.14.1.jar;C:\Users\AHMEDHOSNY\.gradle\caches\modules-2\files-2.1\com.fasterxml.jackson.core\jackson-core\2.14.1\7a07bc535ccf0b7f6929c4d0f2ab9b294ef7c4a3\jackson-core-2.14.1.jar;C:\Users\AHMEDHOSNY\.gradle\caches\modules-2\files-2.1\org.springframework.security\spring-security-crypto\6.0.1\2384513fec136174d4be8ebaf3a2cf9aecef5416\spring-security-crypto-6.0.1.jar;C:\Users\AHMEDHOSNY\.gradle\caches\modules-2\files-2.1\ch.qos.logback\logback-core\1.4.5\e9bb2ea70f84401314da4300343b0a246c8954da\logback-core-1.4.5.jar;C:\Users\AHMEDHOSNY\.gradle\caches\modules-2\files-2.1\org.apache.logging.log4j\log4j-api\2.19.0\ea1b37f38c327596b216542bc636cfdc0b8036fa\log4j-api-2.19.0.jar;C:\Users\AHMEDHOSNY\.gradle\caches\modules-2\files-2.1\com.h2database\h2\2.1.214\d5c2005c9e3279201e12d4776c948578b16bf8b2\h2-2.1.214.jar;C:\Users\AHMEDHOSNY\.gradle\caches\modules-2\files-2.1\org.postgresql\postgresql\42.5.1\ac2f61eb3b1b4e47ea45de47e73d2e92f49e3ce1\postgresql-42.5.1.jar;C:\Users\AHMEDHOSNY\.gradle\caches\modules-2\files-2.1\org.checkerframework\checker-qual\3.5.0\2f50520c8abea66fbd8d26e481d3aef5c673b510\checker-qual-3.5.0.jar;C:\Users\AHMEDHOSNY\.gradle\caches\modules-2\files-2.1\org.hdrhistogram\HdrHistogram\2.1.12\6eb7552156e0d517ae80cc2247be1427c8d90452\HdrHistogram-2.1.12.jar;C:\Users\AHMEDHOSNY\.gradle\caches\modules-2\files-2.1\org.latencyutils\LatencyUtils\2.0.3\769c0b82cb2421c8256300e907298a9410a2a3d3\LatencyUtils-2.0.3.jar;C:\Users\AHMEDHOSNY\.gradle\caches\modules-2\files-2.1\org.hibernate.common\hibernate-commons-annotations\6.0.2.Final\fa5a14ef3d2e5c3c99b53a4bef756a3268d69187\hibernate-commons-annotations-6.0.2.Final.jar;C:\Users\AHMEDHOSNY\.gradle\caches\modules-2\files-2.1\org.jboss\jandex\2.4.2.Final\1e1c385990b258ff1a24c801e84aebbacf70eb39\jandex-2.4.2.Final.jar;C:\Users\AHMEDHOSNY\.gradle\caches\modules-2\files-2.1\net.bytebuddy\byte-buddy\1.12.22\984e536b4f3fb668b21f15b90c1e8704292d4bdd\byte-buddy-1.12.22.jar;C:\Users\AHMEDHOSNY\.gradle\caches\modules-2\files-2.1\org.glassfish.jaxb\jaxb-runtime\4.0.1\7abfa1ee788a8f090dc598c45876ef068731e72b\jaxb-runtime-4.0.1.jar;C:\Users\AHMEDHOSNY\.gradle\caches\modules-2\files-2.1\jakarta.xml.bind\jakarta.xml.bind-api\4.0.0\bbb399208d288b15ec101fa4fcfc4bd77cedc97a\jakarta.xml.bind-api-4.0.0.jar;C:\Users\AHMEDHOSNY\.gradle\caches\modules-2\files-2.1\jakarta.inject\jakarta.inject-api\2.0.0\46fc8560b6fd17b78396d88f39c1a730457671f0\jakarta.inject-api-2.0.0.jar;C:\Users\AHMEDHOSNY\.gradle\caches\modules-2\files-2.1\org.antlr\antlr4-runtime\4.10.1\10839f875928f59c622d675091d51a43ea0dc5f7\antlr4-runtime-4.10.1.jar;C:\Users\AHMEDHOSNY\.gradle\caches\modules-2\files-2.1\org.glassfish.jaxb\jaxb-core\4.0.1\b4707bb31dfcf54ae424b930741f0cd62d672af9\jaxb-core-4.0.1.jar;C:\Users\AHMEDHOSNY\.gradle\caches\modules-2\files-2.1\jakarta.activation\jakarta.activation-api\2.1.1\88c774ab863a21fb2fc4219af95379fafe499a31\jakarta.activation-api-2.1.1.jar;C:\Users\AHMEDHOSNY\.gradle\caches\modules-2\files-2.1\org.eclipse.angus\angus-activation\1.0.0\f0ceddd49f92109fbfad9125e958f5bfd3f2aa1\angus-activation-1.0.0.jar;C:\Users\AHMEDHOSNY\.gradle\caches\modules-2\files-2.1\org.glassfish.jaxb\txw2\4.0.1\797720dfe2e15504f6014fb82eb873051a653c75\txw2-4.0.1.jar;C:\Users\AHMEDHOSNY\.gradle\caches\modules-2\files-2.1\com.sun.istack\istack-commons-runtime\4.1.1\9b3769c76235bc283b060da4fae2318c6d53f07e\istack-commons-runtime-4.1.1.jar
Launcher Type: SUN_STANDARD

[Global flags]
     intx CICompilerCount                          = 4                                         {product} {ergonomic}
     uint ConcGCThreads                            = 3                                         {product} {ergonomic}
     uint G1ConcRefinementThreads                  = 10                                        {product} {ergonomic}
   size_t G1HeapRegionSize                         = 2097152                                   {product} {ergonomic}
    uintx GCDrainStackTargetSize                   = 64                                        {product} {ergonomic}
   size_t InitialHeapSize                          = 266338304                                 {product} {ergonomic}
     bool ManagementServer                         = true                                      {product} {command line}
   size_t MarkStackSize                            = 4194304                                   {product} {ergonomic}
   size_t MaxHeapSize                              = 4250927104                                {product} {ergonomic}
   size_t MinHeapDeltaBytes                        = 2097152                                   {product} {ergonomic}
   size_t MinHeapSize                              = 8388608                                   {product} {ergonomic}
    uintx NonNMethodCodeHeapSize                   = 4096                                   {pd product} {ergonomic}
    uintx NonProfiledCodeHeapSize                  = 0                                      {pd product} {ergonomic}
     bool ProfileInterpreter                       = false                                  {pd product} {command line}
    uintx ProfiledCodeHeapSize                     = 0                                      {pd product} {ergonomic}
   size_t SoftMaxHeapSize                          = 4250927104                             {manageable} {ergonomic}
     intx TieredStopAtLevel                        = 1                                         {product} {command line}
     bool UseCompressedOops                        = true                           {product lp64_product} {ergonomic}
     bool UseG1GC                                  = true                                      {product} {ergonomic}
     bool UseLargePagesIndividualAllocation        = false                                  {pd product} {ergonomic}

Logging:
Log output configuration:
 #0: stdout all=warning uptime,level,tags foldmultilines=false
 #1: stderr all=off uptime,level,tags foldmultilines=false

Environment Variables:
CLASSPATH=.;C:\Program Files (x86)\QuickTime\QTSystem\QTJava.zip
PATH=C:\Python311\Scripts\;C:\Python311\;C:\Program Files\Common Files\Oracle\Java\javapath;C:\Program Files (x86)\Common Files\Oracle\Java\javapath;C:\Program Files (x86)\Common Files\Intel\Shared Libraries\redist\intel64_win\compiler;C:\Program Files (x86)\Common Files\Intel\Shared Libraries\redist\intel64\compiler;C:\Windows\system32;C:\Windows;C:\Windows\System32\Wbem;C:\Windows\System32\WindowsPowerShell\v1.0\;C:\Windows\System32\OpenSSH\;C:\Program Files (x86)\NVIDIA Corporation\PhysX\Common;C:\WINDOWS\system32;C:\WINDOWS;C:\WINDOWS\System32\Wbem;C:\WINDOWS\System32\WindowsPowerShell\v1.0\;C:\WINDOWS\System32\OpenSSH\;C:\Program Files (x86)\QuickTime\QTSystem\;C:\Program Files\dotnet\;C:\Program Files (x86)\Minimal ADB and Fastboot;C:\Program Files\MATLAB\R2022a\runtime\win64;C:\Program Files\MATLAB\R2022a\bin;C:\Program Files\Wolfram Research\WolframScript\;C:\ProgramData\chocolatey\bin;D:\8-Programming\maven\bin;C:\Users\AHMEDHOSNY\.jdks\openjdk-20\bin;C:\Users\AHMEDHOSNY\AppData\Local\Android\Sdk\tools\bin;C:\Users\AHMEDHOSNY\AppData\Local\Android\Sdk\platform-tools;C:\Users\AHMEDHOSNY\AppData\Local\Android\Sdk\emulator;C:\Users\AHMEDHOSNY\AppData\Roaming\npm\node_modules\@angular\cli\bin;C:\Users\AHMEDHOSNY\AppData\Roaming\npm;C:\Program Files\PostgreSQL\15\bin;C:\Moodle\server\php\php.exe;C:\Program Files\PuTTY\;C:\Program Files\Git\cmd;C:\Program Files\NVIDIA Corporation\NVIDIA NvDLISR;C:\Program Files\Docker\Docker\resources\bin;C:\Program Files\nodejs\;C:\Program Files\PowerShell\7\;C:\Users\AHMEDHOSNY\AppData\Local\Microsoft\WindowsApps;C:\Users\AHMEDHOSNY\AppData\Local\JetBrains\Toolbox\scripts;C:\Users\AHMEDHOSNY\AppData\Local\Programs\Microsoft VS Code\bin;C:\Users\AHMEDHOSNY\AppData\Local\GitHubDesktop\bin;C:\Users\AHMEDHOSNY\AppData\Local\Microsoft\WindowsApps;C:\Program Files\Java\jdk-11\bin
USERNAME=AHMEDHOSNY
OS=Windows_NT
PROCESSOR_IDENTIFIER=Intel64 Family 6 Model 165 Stepping 2, GenuineIntel
TMP=C:\Users\AHMEDHOSNY\AppData\Local\Temp
TEMP=C:\Users\AHMEDHOSNY\AppData\Local\Temp




---------------  S Y S T E M  ---------------

OS:
 Windows 11 , 64 bit Build 25905 (10.0.25905.1000)
OS uptime: 2 days 18:58 hours
Hyper-V role detected

CPU: total 12 (initial active 12) (6 cores per cpu, 2 threads per core) family 6 model 165 stepping 2 microcode 0xea, cx8, cmov, fxsr, ht, mmx, 3dnowpref, sse, sse2, sse3, ssse3, sse4.1, sse4.2, popcnt, lzcnt, tsc, tscinvbit, avx, avx2, aes, erms, clmul, bmi1, bmi2, adx, fma, vzeroupper, clflush, clflushopt, hv, rdtscp, f16c
Processor Information for all 12 processors :
  Max Mhz: 2592, Current Mhz: 2592, Mhz Limit: 2592

Memory: 4k page, system-wide physical 16215M (1155M free)
TotalPageFile size 28503M (AvailPageFile size 303M)
current process WorkingSet (physical memory assigned to process): 12M, peak: 12M
current process commit charge ("private bytes"): 59M, peak: 313M

vm_info: OpenJDK 64-Bit Server VM (21-ea+31-2444) for windows-amd64 JRE (21-ea+31-2444), built on 2023-07-11T18:49:09Z by "mach5one" with MS VC++ 17.1 (VS2022)

END.
