#
# There is insufficient memory for the Java Runtime Environment to continue.
# Native memory allocation (malloc) failed to allocate 1132816 bytes for Chunk::new
# Possible reasons:
#   The system is out of physical RAM or swap space
#   The process is running with CompressedOops enabled, and the Java Heap may be blocking the growth of the native heap
# Possible solutions:
#   Reduce memory load on the system
#   Increase physical memory or swap space
#   Check if swap backing store is full
#   Decrease Java heap size (-Xmx/-Xms)
#   Decrease number of Java threads
#   Decrease Java thread stack sizes (-Xss)
#   Set larger code cache with -XX:ReservedCodeCacheSize=
#   JVM is running with Unscaled Compressed Oops mode in which the Java heap is
#     placed in the first 4GB address space. The Java Heap base address is the
#     maximum limit for the native heap growth. Please use -XX:HeapBaseMinAddress
#     to set the Java Heap base and to place the Java Heap above 4GB virtual address.
# This output file may be truncated or incomplete.
#
#  Out of Memory Error (./open/src/hotspot/share/memory/arena.cpp:197), pid=4928, tid=16008
#
# JRE version: Java(TM) SE Runtime Environment 18.9 (11.0.18+9) (build 11.0.18+9-LTS-195)
# Java VM: Java HotSpot(TM) 64-Bit Server VM 18.9 (11.0.18+9-LTS-195, mixed mode, tiered, compressed oops, g1 gc, windows-amd64)
# No core dump will be written. Minidumps are not enabled by default on client versions of Windows
#

---------------  S U M M A R Y ------------

Command Line: --add-opens=java.base/java.util=ALL-UNNAMED --add-opens=java.base/java.lang=ALL-UNNAMED --add-opens=java.base/java.lang.invoke=ALL-UNNAMED --add-opens=java.base/java.util=ALL-UNNAMED --add-opens=java.prefs/java.util.prefs=ALL-UNNAMED --add-opens=java.prefs/java.util.prefs=ALL-UNNAMED --add-opens=java.base/java.nio.charset=ALL-UNNAMED --add-opens=java.base/java.net=ALL-UNNAMED --add-opens=java.base/java.util.concurrent.atomic=ALL-UNNAMED -XX:MaxMetaspaceSize=256m -XX:+HeapDumpOnOutOfMemoryError -Xms256m -Xmx512m -Dfile.encoding=utf8 -Duser.country=US -Duser.language=en -Duser.variant org.gradle.launcher.daemon.bootstrap.GradleDaemon 7.5.1

Host: Intel(R) Core(TM) i7-10750H CPU @ 2.60GHz, 12 cores, 15G,  Windows 11 , 64 bit Build 25905 (10.0.25905.1000)
Time: Mon Jul 17 03:17:57 2023 Egypt Daylight Time elapsed time: 11.261737 seconds (0d 0h 0m 11s)

---------------  T H R E A D  ---------------

Current thread (0x0000021f1bafe800):  JavaThread "C2 CompilerThread0" daemon [_thread_in_native, id=16008, stack(0x0000008b12300000,0x0000008b12400000)]


Current CompileTask:
C2:  11261 3456       4       groovyjarjarantlr4.v4.runtime.atn.PredictionContext::join (569 bytes)

Stack: [0x0000008b12300000,0x0000008b12400000]
Native frames: (J=compiled Java code, j=interpreted, Vv=VM code, C=native code)
V  [jvm.dll+0x65d8aa]
V  [jvm.dll+0x79fc1f]
V  [jvm.dll+0x7a12e9]
V  [jvm.dll+0x7a1983]
V  [jvm.dll+0x2585b5]
V  [jvm.dll+0xb284c]
V  [jvm.dll+0xb2e0c]
V  [jvm.dll+0x2c9c42]
V  [jvm.dll+0x56d7dc]
V  [jvm.dll+0x21a251]
V  [jvm.dll+0x213a35]
V  [jvm.dll+0x210264]
V  [jvm.dll+0x18c641]
V  [jvm.dll+0x220609]
V  [jvm.dll+0x21e92c]
V  [jvm.dll+0x763f61]
V  [jvm.dll+0x75c924]
V  [jvm.dll+0x65c755]
C  [ucrtbase.dll+0x609e1]
C  [KERNEL32.DLL+0x124d8]
C  [ntdll.dll+0x4091]


---------------  P R O C E S S  ---------------

Threads class SMR info:
_java_thread_list=0x0000021f229610b0, length=33, elements={
0x0000021f79235000, 0x0000021f1b265000, 0x0000021f1ba99800, 0x0000021f1baec800,
0x0000021f1baf0000, 0x0000021f1baf3800, 0x0000021f1bafe800, 0x0000021f1bb04800,
0x0000021f1bb0d000, 0x0000021f1bc8b000, 0x0000021f1ed8d800, 0x0000021f1be60800,
0x0000021f1ecef000, 0x0000021f1dc58800, 0x0000021f1df61800, 0x0000021f1d20a800,
0x0000021f1d06b800, 0x0000021f1d544800, 0x0000021f1e967800, 0x0000021f1e7c4800,
0x0000021f1e7c5800, 0x0000021f1e7c6800, 0x0000021f1e7c0800, 0x0000021f1e349000,
0x0000021f1e7c7000, 0x0000021f1e7c1800, 0x0000021f1e7c2800, 0x0000021f1e7c3000,
0x0000021f1e7c4000, 0x0000021f212a9800, 0x0000021f212a8800, 0x0000021f212ac800,
0x0000021f21750000
}

Java Threads: ( => current thread )
  0x0000021f79235000 JavaThread "main" [_thread_blocked, id=2340, stack(0x0000008b11700000,0x0000008b11800000)]
  0x0000021f1b265000 JavaThread "Reference Handler" daemon [_thread_blocked, id=17464, stack(0x0000008b11e00000,0x0000008b11f00000)]
  0x0000021f1ba99800 JavaThread "Finalizer" daemon [_thread_blocked, id=24392, stack(0x0000008b11f00000,0x0000008b12000000)]
  0x0000021f1baec800 JavaThread "Signal Dispatcher" daemon [_thread_blocked, id=22584, stack(0x0000008b12000000,0x0000008b12100000)]
  0x0000021f1baf0000 JavaThread "Attach Listener" daemon [_thread_blocked, id=26416, stack(0x0000008b12100000,0x0000008b12200000)]
  0x0000021f1baf3800 JavaThread "Service Thread" daemon [_thread_blocked, id=8500, stack(0x0000008b12200000,0x0000008b12300000)]
=>0x0000021f1bafe800 JavaThread "C2 CompilerThread0" daemon [_thread_in_native, id=16008, stack(0x0000008b12300000,0x0000008b12400000)]
  0x0000021f1bb04800 JavaThread "C1 CompilerThread0" daemon [_thread_blocked, id=22756, stack(0x0000008b12400000,0x0000008b12500000)]
  0x0000021f1bb0d000 JavaThread "Sweeper thread" daemon [_thread_blocked, id=21036, stack(0x0000008b12500000,0x0000008b12600000)]
  0x0000021f1bc8b000 JavaThread "Common-Cleaner" daemon [_thread_blocked, id=20148, stack(0x0000008b12600000,0x0000008b12700000)]
  0x0000021f1ed8d800 JavaThread "Daemon health stats" [_thread_blocked, id=20808, stack(0x0000008b12e00000,0x0000008b12f00000)]
  0x0000021f1be60800 JavaThread "Incoming local TCP Connector on port 42571" [_thread_in_native, id=20408, stack(0x0000008b12800000,0x0000008b12900000)]
  0x0000021f1ecef000 JavaThread "Daemon periodic checks" [_thread_blocked, id=26252, stack(0x0000008b12f00000,0x0000008b13000000)]
  0x0000021f1dc58800 JavaThread "Daemon" [_thread_blocked, id=15368, stack(0x0000008b13000000,0x0000008b13100000)]
  0x0000021f1df61800 JavaThread "Handler for socket connection from /127.0.0.1:42571 to /127.0.0.1:42572" [_thread_in_native, id=13220, stack(0x0000008b13100000,0x0000008b13200000)]
  0x0000021f1d20a800 JavaThread "Cancel handler" [_thread_blocked, id=7692, stack(0x0000008b13200000,0x0000008b13300000)]
  0x0000021f1d06b800 JavaThread "Daemon worker" [_thread_in_vm, id=25164, stack(0x0000008b13300000,0x0000008b13400000)]
  0x0000021f1d544800 JavaThread "Asynchronous log dispatcher for DefaultDaemonConnection: socket connection from /127.0.0.1:42571 to /127.0.0.1:42572" [_thread_blocked, id=10460, stack(0x0000008b13400000,0x0000008b13500000)]
  0x0000021f1e967800 JavaThread "Stdin handler" [_thread_blocked, id=10156, stack(0x0000008b13500000,0x0000008b13600000)]
  0x0000021f1e7c4800 JavaThread "Daemon client event forwarder" [_thread_blocked, id=4308, stack(0x0000008b13600000,0x0000008b13700000)]
  0x0000021f1e7c5800 JavaThread "Cache worker for journal cache (C:\Users\AHMEDHOSNY\.gradle\caches\journal-1)" [_thread_blocked, id=25476, stack(0x0000008b13700000,0x0000008b13800000)]
  0x0000021f1e7c6800 JavaThread "File lock request listener" [_thread_in_native, id=17856, stack(0x0000008b13800000,0x0000008b13900000)]
  0x0000021f1e7c0800 JavaThread "Cache worker for file hash cache (C:\Users\AHMEDHOSNY\.gradle\caches\7.5.1\fileHashes)" [_thread_blocked, id=19484, stack(0x0000008b13f00000,0x0000008b14000000)]
  0x0000021f1e349000 JavaThread "C2 CompilerThread1" daemon [_thread_in_native, id=4856, stack(0x0000008b14000000,0x0000008b14100000)]
  0x0000021f1e7c7000 JavaThread "File watcher server" daemon [_thread_in_native, id=22004, stack(0x0000008b14100000,0x0000008b14200000)]
  0x0000021f1e7c1800 JavaThread "File watcher consumer" daemon [_thread_blocked, id=7280, stack(0x0000008b14200000,0x0000008b14300000)]
  0x0000021f1e7c2800 JavaThread "Cache worker for checksums cache (D:\7-Learn\HyperSkill\Java\Anti-Fraud System\.gradle\7.5.1\checksums)" [_thread_blocked, id=12760, stack(0x0000008b14300000,0x0000008b14400000)]
  0x0000021f1e7c3000 JavaThread "Cache worker for cache directory md-rule (C:\Users\AHMEDHOSNY\.gradle\caches\7.5.1\md-rule)" [_thread_blocked, id=8684, stack(0x0000008b14400000,0x0000008b14500000)]
  0x0000021f1e7c4000 JavaThread "Cache worker for file content cache (C:\Users\AHMEDHOSNY\.gradle\caches\7.5.1\fileContent)" [_thread_blocked, id=22264, stack(0x0000008b14500000,0x0000008b14600000)]
  0x0000021f212a9800 JavaThread "Cache worker for file hash cache (D:\7-Learn\HyperSkill\Java\Anti-Fraud System\.gradle\7.5.1\fileHashes)" [_thread_blocked, id=12740, stack(0x0000008b14600000,0x0000008b14700000)]
  0x0000021f212a8800 JavaThread "Cache worker for cache directory md-supplier (C:\Users\AHMEDHOSNY\.gradle\caches\7.5.1\md-supplier)" [_thread_blocked, id=2648, stack(0x0000008b14700000,0x0000008b14800000)]
  0x0000021f212ac800 JavaThread "Cache worker for execution history cache (C:\Users\AHMEDHOSNY\.gradle\caches\7.5.1\executionHistory)" [_thread_blocked, id=7996, stack(0x0000008b14800000,0x0000008b14900000)]
  0x0000021f21750000 JavaThread "C2 CompilerThread2" daemon [_thread_in_native, id=3356, stack(0x0000008b14900000,0x0000008b14a00000)]

Other Threads:
  0x0000021f1b260800 VMThread "VM Thread" [stack: 0x0000008b11d00000,0x0000008b11e00000] [id=24324]
  0x0000021f1bc88000 WatcherThread [stack: 0x0000008b12700000,0x0000008b12800000] [id=26048]
  0x0000021f7924a000 GCTaskThread "GC Thread#0" [stack: 0x0000008b11800000,0x0000008b11900000] [id=16304]
  0x0000021f1cf24800 GCTaskThread "GC Thread#1" [stack: 0x0000008b12900000,0x0000008b12a00000] [id=24816]
  0x0000021f1c11d800 GCTaskThread "GC Thread#2" [stack: 0x0000008b12a00000,0x0000008b12b00000] [id=3704]
  0x0000021f1c262800 GCTaskThread "GC Thread#3" [stack: 0x0000008b12b00000,0x0000008b12c00000] [id=21896]
  0x0000021f1c11e000 GCTaskThread "GC Thread#4" [stack: 0x0000008b12c00000,0x0000008b12d00000] [id=8604]
  0x0000021f1cb45800 GCTaskThread "GC Thread#5" [stack: 0x0000008b12d00000,0x0000008b12e00000] [id=2668]
  0x0000021f1eccf800 GCTaskThread "GC Thread#6" [stack: 0x0000008b13900000,0x0000008b13a00000] [id=26440]
  0x0000021f1eb70800 GCTaskThread "GC Thread#7" [stack: 0x0000008b13a00000,0x0000008b13b00000] [id=7936]
  0x0000021f1c1cc800 GCTaskThread "GC Thread#8" [stack: 0x0000008b13b00000,0x0000008b13c00000] [id=20244]
  0x0000021f1d0d5800 GCTaskThread "GC Thread#9" [stack: 0x0000008b13c00000,0x0000008b13d00000] [id=18648]
  0x0000021f7925c800 ConcurrentGCThread "G1 Main Marker" [stack: 0x0000008b11900000,0x0000008b11a00000] [id=22064]
  0x0000021f7925e000 ConcurrentGCThread "G1 Conc#0" [stack: 0x0000008b11a00000,0x0000008b11b00000] [id=21356]
  0x0000021f1c334800 ConcurrentGCThread "G1 Conc#1" [stack: 0x0000008b13d00000,0x0000008b13e00000] [id=20648]
  0x0000021f1d0c8800 ConcurrentGCThread "G1 Conc#2" [stack: 0x0000008b13e00000,0x0000008b13f00000] [id=10704]
  0x0000021f792fe000 ConcurrentGCThread "G1 Refine#0" [stack: 0x0000008b11b00000,0x0000008b11c00000] [id=12756]
  0x0000021f1b0ff000 ConcurrentGCThread "G1 Young RemSet Sampling" [stack: 0x0000008b11c00000,0x0000008b11d00000] [id=21836]

Threads with active compile tasks:
C2 CompilerThread0    12290 3456       4       groovyjarjarantlr4.v4.runtime.atn.PredictionContext::join (569 bytes)
C2 CompilerThread1    12290 3616       4       groovyjarjarantlr4.v4.runtime.atn.PredictionContext::getCachedContext (297 bytes)
C2 CompilerThread2    12290 3642   !   4       java.util.concurrent.ConcurrentHashMap::putVal (432 bytes)

VM state:not at safepoint (normal execution)

VM Mutex/Monitor currently owned by a thread: None

Heap address: 0x00000000e0000000, size: 512 MB, Compressed Oops mode: 32-bit
Narrow klass base: 0x0000000000000000, Narrow klass shift: 3
Compressed class space size: 260046848 Address: 0x0000000100000000

Heap:
 garbage-first heap   total 262144K, used 78653K [0x00000000e0000000, 0x0000000100000000)
  region size 1024K, 62 young (63488K), 7 survivors (7168K)
 Metaspace       used 38059K, capacity 38952K, committed 39040K, reserved 288768K
  class space    used 5085K, capacity 5453K, committed 5504K, reserved 253952K
Heap Regions: E=young(eden), S=young(survivor), O=old, HS=humongous(starts), HC=humongous(continues), CS=collection set, F=free, A=archive, TAMS=top-at-mark-start (previous, next)
|   0|0x00000000e0000000, 0x00000000e0100000, 0x00000000e0100000|100%| O|  |TAMS 0x00000000e0100000, 0x00000000e0000000| Untracked 
|   1|0x00000000e0100000, 0x00000000e0200000, 0x00000000e0200000|100%| O|  |TAMS 0x00000000e0200000, 0x00000000e0100000| Untracked 
|   2|0x00000000e0200000, 0x00000000e0300000, 0x00000000e0300000|100%| O|  |TAMS 0x00000000e0300000, 0x00000000e0200000| Untracked 
|   3|0x00000000e0300000, 0x00000000e0400000, 0x00000000e0400000|100%|HS|  |TAMS 0x00000000e0400000, 0x00000000e0300000| Complete 
|   4|0x00000000e0400000, 0x00000000e0500000, 0x00000000e0500000|100%|HC|  |TAMS 0x00000000e0500000, 0x00000000e0400000| Complete 
|   5|0x00000000e0500000, 0x00000000e0600000, 0x00000000e0600000|100%|HC|  |TAMS 0x00000000e0600000, 0x00000000e0500000| Complete 
|   6|0x00000000e0600000, 0x00000000e0700000, 0x00000000e0700000|100%| O|  |TAMS 0x00000000e0700000, 0x00000000e0600000| Untracked 
|   7|0x00000000e0700000, 0x00000000e0800000, 0x00000000e0800000|100%| O|  |TAMS 0x00000000e0800000, 0x00000000e0700000| Untracked 
|   8|0x00000000e0800000, 0x00000000e0900000, 0x00000000e0900000|100%| O|  |TAMS 0x00000000e0900000, 0x00000000e0800000| Untracked 
|   9|0x00000000e0900000, 0x00000000e0a00000, 0x00000000e0a00000|100%| O|  |TAMS 0x00000000e0a00000, 0x00000000e0900000| Untracked 
|  10|0x00000000e0a00000, 0x00000000e0b00000, 0x00000000e0b00000|100%| O|  |TAMS 0x00000000e0b00000, 0x00000000e0a00000| Untracked 
|  11|0x00000000e0b00000, 0x00000000e0c00000, 0x00000000e0c00000|100%| O|  |TAMS 0x00000000e0c00000, 0x00000000e0b00000| Untracked 
|  12|0x00000000e0c00000, 0x00000000e0d00000, 0x00000000e0d00000|100%| O|  |TAMS 0x00000000e0d00000, 0x00000000e0c00000| Untracked 
|  13|0x00000000e0d00000, 0x00000000e0e00000, 0x00000000e0e00000|100%| O|  |TAMS 0x00000000e0e00000, 0x00000000e0d00000| Untracked 
|  14|0x00000000e0e00000, 0x00000000e0f00000, 0x00000000e0f00000|100%| O|  |TAMS 0x00000000e0f00000, 0x00000000e0e00000| Untracked 
|  15|0x00000000e0f00000, 0x00000000e1000000, 0x00000000e1000000|100%| O|  |TAMS 0x00000000e1000000, 0x00000000e0f00000| Untracked 
|  16|0x00000000e1000000, 0x00000000e1059800, 0x00000000e1100000| 34%| O|  |TAMS 0x00000000e1059800, 0x00000000e1000000| Untracked 
|  17|0x00000000e1100000, 0x00000000e1100000, 0x00000000e1200000|  0%| F|  |TAMS 0x00000000e1100000, 0x00000000e1100000| Untracked 
|  18|0x00000000e1200000, 0x00000000e1200000, 0x00000000e1300000|  0%| F|  |TAMS 0x00000000e1200000, 0x00000000e1200000| Untracked 
|  19|0x00000000e1300000, 0x00000000e1300000, 0x00000000e1400000|  0%| F|  |TAMS 0x00000000e1300000, 0x00000000e1300000| Untracked 
|  20|0x00000000e1400000, 0x00000000e1400000, 0x00000000e1500000|  0%| F|  |TAMS 0x00000000e1400000, 0x00000000e1400000| Untracked 
|  21|0x00000000e1500000, 0x00000000e1500000, 0x00000000e1600000|  0%| F|  |TAMS 0x00000000e1500000, 0x00000000e1500000| Untracked 
|  22|0x00000000e1600000, 0x00000000e1600000, 0x00000000e1700000|  0%| F|  |TAMS 0x00000000e1600000, 0x00000000e1600000| Untracked 
|  23|0x00000000e1700000, 0x00000000e1700000, 0x00000000e1800000|  0%| F|  |TAMS 0x00000000e1700000, 0x00000000e1700000| Untracked 
|  24|0x00000000e1800000, 0x00000000e1800000, 0x00000000e1900000|  0%| F|  |TAMS 0x00000000e1800000, 0x00000000e1800000| Untracked 
|  25|0x00000000e1900000, 0x00000000e1900000, 0x00000000e1a00000|  0%| F|  |TAMS 0x00000000e1900000, 0x00000000e1900000| Untracked 
|  26|0x00000000e1a00000, 0x00000000e1a00000, 0x00000000e1b00000|  0%| F|  |TAMS 0x00000000e1a00000, 0x00000000e1a00000| Untracked 
|  27|0x00000000e1b00000, 0x00000000e1b00000, 0x00000000e1c00000|  0%| F|  |TAMS 0x00000000e1b00000, 0x00000000e1b00000| Untracked 
|  28|0x00000000e1c00000, 0x00000000e1c00000, 0x00000000e1d00000|  0%| F|  |TAMS 0x00000000e1c00000, 0x00000000e1c00000| Untracked 
|  29|0x00000000e1d00000, 0x00000000e1d00000, 0x00000000e1e00000|  0%| F|  |TAMS 0x00000000e1d00000, 0x00000000e1d00000| Untracked 
|  30|0x00000000e1e00000, 0x00000000e1e00000, 0x00000000e1f00000|  0%| F|  |TAMS 0x00000000e1e00000, 0x00000000e1e00000| Untracked 
|  31|0x00000000e1f00000, 0x00000000e1f00000, 0x00000000e2000000|  0%| F|  |TAMS 0x00000000e1f00000, 0x00000000e1f00000| Untracked 
|  32|0x00000000e2000000, 0x00000000e2000000, 0x00000000e2100000|  0%| F|  |TAMS 0x00000000e2000000, 0x00000000e2000000| Untracked 
|  33|0x00000000e2100000, 0x00000000e2100000, 0x00000000e2200000|  0%| F|  |TAMS 0x00000000e2100000, 0x00000000e2100000| Untracked 
|  34|0x00000000e2200000, 0x00000000e2200000, 0x00000000e2300000|  0%| F|  |TAMS 0x00000000e2200000, 0x00000000e2200000| Untracked 
|  35|0x00000000e2300000, 0x00000000e2300000, 0x00000000e2400000|  0%| F|  |TAMS 0x00000000e2300000, 0x00000000e2300000| Untracked 
|  36|0x00000000e2400000, 0x00000000e2400000, 0x00000000e2500000|  0%| F|  |TAMS 0x00000000e2400000, 0x00000000e2400000| Untracked 
|  37|0x00000000e2500000, 0x00000000e2500000, 0x00000000e2600000|  0%| F|  |TAMS 0x00000000e2500000, 0x00000000e2500000| Untracked 
|  38|0x00000000e2600000, 0x00000000e2600000, 0x00000000e2700000|  0%| F|  |TAMS 0x00000000e2600000, 0x00000000e2600000| Untracked 
|  39|0x00000000e2700000, 0x00000000e2700000, 0x00000000e2800000|  0%| F|  |TAMS 0x00000000e2700000, 0x00000000e2700000| Untracked 
|  40|0x00000000e2800000, 0x00000000e2800000, 0x00000000e2900000|  0%| F|  |TAMS 0x00000000e2800000, 0x00000000e2800000| Untracked 
|  41|0x00000000e2900000, 0x00000000e2900000, 0x00000000e2a00000|  0%| F|  |TAMS 0x00000000e2900000, 0x00000000e2900000| Untracked 
|  42|0x00000000e2a00000, 0x00000000e2a00000, 0x00000000e2b00000|  0%| F|  |TAMS 0x00000000e2a00000, 0x00000000e2a00000| Untracked 
|  43|0x00000000e2b00000, 0x00000000e2b00000, 0x00000000e2c00000|  0%| F|  |TAMS 0x00000000e2b00000, 0x00000000e2b00000| Untracked 
|  44|0x00000000e2c00000, 0x00000000e2c00000, 0x00000000e2d00000|  0%| F|  |TAMS 0x00000000e2c00000, 0x00000000e2c00000| Untracked 
|  45|0x00000000e2d00000, 0x00000000e2d00000, 0x00000000e2e00000|  0%| F|  |TAMS 0x00000000e2d00000, 0x00000000e2d00000| Untracked 
|  46|0x00000000e2e00000, 0x00000000e2e00000, 0x00000000e2f00000|  0%| F|  |TAMS 0x00000000e2e00000, 0x00000000e2e00000| Untracked 
|  47|0x00000000e2f00000, 0x00000000e2f00000, 0x00000000e3000000|  0%| F|  |TAMS 0x00000000e2f00000, 0x00000000e2f00000| Untracked 
|  48|0x00000000e3000000, 0x00000000e3000000, 0x00000000e3100000|  0%| F|  |TAMS 0x00000000e3000000, 0x00000000e3000000| Untracked 
|  49|0x00000000e3100000, 0x00000000e3100000, 0x00000000e3200000|  0%| F|  |TAMS 0x00000000e3100000, 0x00000000e3100000| Untracked 
|  50|0x00000000e3200000, 0x00000000e3200000, 0x00000000e3300000|  0%| F|  |TAMS 0x00000000e3200000, 0x00000000e3200000| Untracked 
|  51|0x00000000e3300000, 0x00000000e3300000, 0x00000000e3400000|  0%| F|  |TAMS 0x00000000e3300000, 0x00000000e3300000| Untracked 
|  52|0x00000000e3400000, 0x00000000e3400000, 0x00000000e3500000|  0%| F|  |TAMS 0x00000000e3400000, 0x00000000e3400000| Untracked 
|  53|0x00000000e3500000, 0x00000000e3500000, 0x00000000e3600000|  0%| F|  |TAMS 0x00000000e3500000, 0x00000000e3500000| Untracked 
|  54|0x00000000e3600000, 0x00000000e3600000, 0x00000000e3700000|  0%| F|  |TAMS 0x00000000e3600000, 0x00000000e3600000| Untracked 
|  55|0x00000000e3700000, 0x00000000e3700000, 0x00000000e3800000|  0%| F|  |TAMS 0x00000000e3700000, 0x00000000e3700000| Untracked 
|  56|0x00000000e3800000, 0x00000000e3800000, 0x00000000e3900000|  0%| F|  |TAMS 0x00000000e3800000, 0x00000000e3800000| Untracked 
|  57|0x00000000e3900000, 0x00000000e3900000, 0x00000000e3a00000|  0%| F|  |TAMS 0x00000000e3900000, 0x00000000e3900000| Untracked 
|  58|0x00000000e3a00000, 0x00000000e3a00000, 0x00000000e3b00000|  0%| F|  |TAMS 0x00000000e3a00000, 0x00000000e3a00000| Untracked 
|  59|0x00000000e3b00000, 0x00000000e3b00000, 0x00000000e3c00000|  0%| F|  |TAMS 0x00000000e3b00000, 0x00000000e3b00000| Untracked 
|  60|0x00000000e3c00000, 0x00000000e3c00000, 0x00000000e3d00000|  0%| F|  |TAMS 0x00000000e3c00000, 0x00000000e3c00000| Untracked 
|  61|0x00000000e3d00000, 0x00000000e3d00000, 0x00000000e3e00000|  0%| F|  |TAMS 0x00000000e3d00000, 0x00000000e3d00000| Untracked 
|  62|0x00000000e3e00000, 0x00000000e3e00000, 0x00000000e3f00000|  0%| F|  |TAMS 0x00000000e3e00000, 0x00000000e3e00000| Untracked 
|  63|0x00000000e3f00000, 0x00000000e3f00000, 0x00000000e4000000|  0%| F|  |TAMS 0x00000000e3f00000, 0x00000000e3f00000| Untracked 
|  64|0x00000000e4000000, 0x00000000e4000000, 0x00000000e4100000|  0%| F|  |TAMS 0x00000000e4000000, 0x00000000e4000000| Untracked 
|  65|0x00000000e4100000, 0x00000000e4100000, 0x00000000e4200000|  0%| F|  |TAMS 0x00000000e4100000, 0x00000000e4100000| Untracked 
|  66|0x00000000e4200000, 0x00000000e4200000, 0x00000000e4300000|  0%| F|  |TAMS 0x00000000e4200000, 0x00000000e4200000| Untracked 
|  67|0x00000000e4300000, 0x00000000e4300000, 0x00000000e4400000|  0%| F|  |TAMS 0x00000000e4300000, 0x00000000e4300000| Untracked 
|  68|0x00000000e4400000, 0x00000000e4400000, 0x00000000e4500000|  0%| F|  |TAMS 0x00000000e4400000, 0x00000000e4400000| Untracked 
|  69|0x00000000e4500000, 0x00000000e4500000, 0x00000000e4600000|  0%| F|  |TAMS 0x00000000e4500000, 0x00000000e4500000| Untracked 
|  70|0x00000000e4600000, 0x00000000e4600000, 0x00000000e4700000|  0%| F|  |TAMS 0x00000000e4600000, 0x00000000e4600000| Untracked 
|  71|0x00000000e4700000, 0x00000000e4700000, 0x00000000e4800000|  0%| F|  |TAMS 0x00000000e4700000, 0x00000000e4700000| Untracked 
|  72|0x00000000e4800000, 0x00000000e4800000, 0x00000000e4900000|  0%| F|  |TAMS 0x00000000e4800000, 0x00000000e4800000| Untracked 
|  73|0x00000000e4900000, 0x00000000e4900000, 0x00000000e4a00000|  0%| F|  |TAMS 0x00000000e4900000, 0x00000000e4900000| Untracked 
|  74|0x00000000e4a00000, 0x00000000e4a00000, 0x00000000e4b00000|  0%| F|  |TAMS 0x00000000e4a00000, 0x00000000e4a00000| Untracked 
|  75|0x00000000e4b00000, 0x00000000e4b00000, 0x00000000e4c00000|  0%| F|  |TAMS 0x00000000e4b00000, 0x00000000e4b00000| Untracked 
|  76|0x00000000e4c00000, 0x00000000e4c00000, 0x00000000e4d00000|  0%| F|  |TAMS 0x00000000e4c00000, 0x00000000e4c00000| Untracked 
|  77|0x00000000e4d00000, 0x00000000e4d00000, 0x00000000e4e00000|  0%| F|  |TAMS 0x00000000e4d00000, 0x00000000e4d00000| Untracked 
|  78|0x00000000e4e00000, 0x00000000e4e00000, 0x00000000e4f00000|  0%| F|  |TAMS 0x00000000e4e00000, 0x00000000e4e00000| Untracked 
|  79|0x00000000e4f00000, 0x00000000e4f00000, 0x00000000e5000000|  0%| F|  |TAMS 0x00000000e4f00000, 0x00000000e4f00000| Untracked 
|  80|0x00000000e5000000, 0x00000000e5000000, 0x00000000e5100000|  0%| F|  |TAMS 0x00000000e5000000, 0x00000000e5000000| Untracked 
|  81|0x00000000e5100000, 0x00000000e5100000, 0x00000000e5200000|  0%| F|  |TAMS 0x00000000e5100000, 0x00000000e5100000| Untracked 
|  82|0x00000000e5200000, 0x00000000e5200000, 0x00000000e5300000|  0%| F|  |TAMS 0x00000000e5200000, 0x00000000e5200000| Untracked 
|  83|0x00000000e5300000, 0x00000000e5300000, 0x00000000e5400000|  0%| F|  |TAMS 0x00000000e5300000, 0x00000000e5300000| Untracked 
|  84|0x00000000e5400000, 0x00000000e5400000, 0x00000000e5500000|  0%| F|  |TAMS 0x00000000e5400000, 0x00000000e5400000| Untracked 
|  85|0x00000000e5500000, 0x00000000e5500000, 0x00000000e5600000|  0%| F|  |TAMS 0x00000000e5500000, 0x00000000e5500000| Untracked 
|  86|0x00000000e5600000, 0x00000000e5600000, 0x00000000e5700000|  0%| F|  |TAMS 0x00000000e5600000, 0x00000000e5600000| Untracked 
|  87|0x00000000e5700000, 0x00000000e5700000, 0x00000000e5800000|  0%| F|  |TAMS 0x00000000e5700000, 0x00000000e5700000| Untracked 
|  88|0x00000000e5800000, 0x00000000e5800000, 0x00000000e5900000|  0%| F|  |TAMS 0x00000000e5800000, 0x00000000e5800000| Untracked 
|  89|0x00000000e5900000, 0x00000000e5900000, 0x00000000e5a00000|  0%| F|  |TAMS 0x00000000e5900000, 0x00000000e5900000| Untracked 
|  90|0x00000000e5a00000, 0x00000000e5a00000, 0x00000000e5b00000|  0%| F|  |TAMS 0x00000000e5a00000, 0x00000000e5a00000| Untracked 
|  91|0x00000000e5b00000, 0x00000000e5b00000, 0x00000000e5c00000|  0%| F|  |TAMS 0x00000000e5b00000, 0x00000000e5b00000| Untracked 
|  92|0x00000000e5c00000, 0x00000000e5c00000, 0x00000000e5d00000|  0%| F|  |TAMS 0x00000000e5c00000, 0x00000000e5c00000| Untracked 
|  93|0x00000000e5d00000, 0x00000000e5d00000, 0x00000000e5e00000|  0%| F|  |TAMS 0x00000000e5d00000, 0x00000000e5d00000| Untracked 
|  94|0x00000000e5e00000, 0x00000000e5e00000, 0x00000000e5f00000|  0%| F|  |TAMS 0x00000000e5e00000, 0x00000000e5e00000| Untracked 
|  95|0x00000000e5f00000, 0x00000000e5f00000, 0x00000000e6000000|  0%| F|  |TAMS 0x00000000e5f00000, 0x00000000e5f00000| Untracked 
|  96|0x00000000e6000000, 0x00000000e6000000, 0x00000000e6100000|  0%| F|  |TAMS 0x00000000e6000000, 0x00000000e6000000| Untracked 
|  97|0x00000000e6100000, 0x00000000e6100000, 0x00000000e6200000|  0%| F|  |TAMS 0x00000000e6100000, 0x00000000e6100000| Untracked 
|  98|0x00000000e6200000, 0x00000000e6200000, 0x00000000e6300000|  0%| F|  |TAMS 0x00000000e6200000, 0x00000000e6200000| Untracked 
|  99|0x00000000e6300000, 0x00000000e6300000, 0x00000000e6400000|  0%| F|  |TAMS 0x00000000e6300000, 0x00000000e6300000| Untracked 
| 100|0x00000000e6400000, 0x00000000e6400000, 0x00000000e6500000|  0%| F|  |TAMS 0x00000000e6400000, 0x00000000e6400000| Untracked 
| 101|0x00000000e6500000, 0x00000000e6500000, 0x00000000e6600000|  0%| F|  |TAMS 0x00000000e6500000, 0x00000000e6500000| Untracked 
| 102|0x00000000e6600000, 0x00000000e6600000, 0x00000000e6700000|  0%| F|  |TAMS 0x00000000e6600000, 0x00000000e6600000| Untracked 
| 103|0x00000000e6700000, 0x00000000e6700000, 0x00000000e6800000|  0%| F|  |TAMS 0x00000000e6700000, 0x00000000e6700000| Untracked 
| 104|0x00000000e6800000, 0x00000000e6800000, 0x00000000e6900000|  0%| F|  |TAMS 0x00000000e6800000, 0x00000000e6800000| Untracked 
| 105|0x00000000e6900000, 0x00000000e6900000, 0x00000000e6a00000|  0%| F|  |TAMS 0x00000000e6900000, 0x00000000e6900000| Untracked 
| 106|0x00000000e6a00000, 0x00000000e6a00000, 0x00000000e6b00000|  0%| F|  |TAMS 0x00000000e6a00000, 0x00000000e6a00000| Untracked 
| 107|0x00000000e6b00000, 0x00000000e6b00000, 0x00000000e6c00000|  0%| F|  |TAMS 0x00000000e6b00000, 0x00000000e6b00000| Untracked 
| 108|0x00000000e6c00000, 0x00000000e6c00000, 0x00000000e6d00000|  0%| F|  |TAMS 0x00000000e6c00000, 0x00000000e6c00000| Untracked 
| 109|0x00000000e6d00000, 0x00000000e6d00000, 0x00000000e6e00000|  0%| F|  |TAMS 0x00000000e6d00000, 0x00000000e6d00000| Untracked 
| 110|0x00000000e6e00000, 0x00000000e6e00000, 0x00000000e6f00000|  0%| F|  |TAMS 0x00000000e6e00000, 0x00000000e6e00000| Untracked 
| 111|0x00000000e6f00000, 0x00000000e6f00000, 0x00000000e7000000|  0%| F|  |TAMS 0x00000000e6f00000, 0x00000000e6f00000| Untracked 
| 112|0x00000000e7000000, 0x00000000e7000000, 0x00000000e7100000|  0%| F|  |TAMS 0x00000000e7000000, 0x00000000e7000000| Untracked 
| 113|0x00000000e7100000, 0x00000000e7100000, 0x00000000e7200000|  0%| F|  |TAMS 0x00000000e7100000, 0x00000000e7100000| Untracked 
| 114|0x00000000e7200000, 0x00000000e7200000, 0x00000000e7300000|  0%| F|  |TAMS 0x00000000e7200000, 0x00000000e7200000| Untracked 
| 115|0x00000000e7300000, 0x00000000e7300000, 0x00000000e7400000|  0%| F|  |TAMS 0x00000000e7300000, 0x00000000e7300000| Untracked 
| 116|0x00000000e7400000, 0x00000000e7400000, 0x00000000e7500000|  0%| F|  |TAMS 0x00000000e7400000, 0x00000000e7400000| Untracked 
| 117|0x00000000e7500000, 0x00000000e7500000, 0x00000000e7600000|  0%| F|  |TAMS 0x00000000e7500000, 0x00000000e7500000| Untracked 
| 118|0x00000000e7600000, 0x00000000e7600000, 0x00000000e7700000|  0%| F|  |TAMS 0x00000000e7600000, 0x00000000e7600000| Untracked 
| 119|0x00000000e7700000, 0x00000000e7700000, 0x00000000e7800000|  0%| F|  |TAMS 0x00000000e7700000, 0x00000000e7700000| Untracked 
| 120|0x00000000e7800000, 0x00000000e7800000, 0x00000000e7900000|  0%| F|  |TAMS 0x00000000e7800000, 0x00000000e7800000| Untracked 
| 121|0x00000000e7900000, 0x00000000e7900000, 0x00000000e7a00000|  0%| F|  |TAMS 0x00000000e7900000, 0x00000000e7900000| Untracked 
| 122|0x00000000e7a00000, 0x00000000e7a00000, 0x00000000e7b00000|  0%| F|  |TAMS 0x00000000e7a00000, 0x00000000e7a00000| Untracked 
| 123|0x00000000e7b00000, 0x00000000e7b00000, 0x00000000e7c00000|  0%| F|  |TAMS 0x00000000e7b00000, 0x00000000e7b00000| Untracked 
| 124|0x00000000e7c00000, 0x00000000e7c00000, 0x00000000e7d00000|  0%| F|  |TAMS 0x00000000e7c00000, 0x00000000e7c00000| Untracked 
| 125|0x00000000e7d00000, 0x00000000e7d00000, 0x00000000e7e00000|  0%| F|  |TAMS 0x00000000e7d00000, 0x00000000e7d00000| Untracked 
| 126|0x00000000e7e00000, 0x00000000e7e00000, 0x00000000e7f00000|  0%| F|  |TAMS 0x00000000e7e00000, 0x00000000e7e00000| Untracked 
| 127|0x00000000e7f00000, 0x00000000e7f00000, 0x00000000e8000000|  0%| F|  |TAMS 0x00000000e7f00000, 0x00000000e7f00000| Untracked 
| 128|0x00000000e8000000, 0x00000000e8000000, 0x00000000e8100000|  0%| F|  |TAMS 0x00000000e8000000, 0x00000000e8000000| Untracked 
| 129|0x00000000e8100000, 0x00000000e8100000, 0x00000000e8200000|  0%| F|  |TAMS 0x00000000e8100000, 0x00000000e8100000| Untracked 
| 130|0x00000000e8200000, 0x00000000e8200000, 0x00000000e8300000|  0%| F|  |TAMS 0x00000000e8200000, 0x00000000e8200000| Untracked 
| 131|0x00000000e8300000, 0x00000000e8300000, 0x00000000e8400000|  0%| F|  |TAMS 0x00000000e8300000, 0x00000000e8300000| Untracked 
| 132|0x00000000e8400000, 0x00000000e8400000, 0x00000000e8500000|  0%| F|  |TAMS 0x00000000e8400000, 0x00000000e8400000| Untracked 
| 133|0x00000000e8500000, 0x00000000e8500000, 0x00000000e8600000|  0%| F|  |TAMS 0x00000000e8500000, 0x00000000e8500000| Untracked 
| 134|0x00000000e8600000, 0x00000000e8600000, 0x00000000e8700000|  0%| F|  |TAMS 0x00000000e8600000, 0x00000000e8600000| Untracked 
| 135|0x00000000e8700000, 0x00000000e8700000, 0x00000000e8800000|  0%| F|  |TAMS 0x00000000e8700000, 0x00000000e8700000| Untracked 
| 136|0x00000000e8800000, 0x00000000e8800000, 0x00000000e8900000|  0%| F|  |TAMS 0x00000000e8800000, 0x00000000e8800000| Untracked 
| 137|0x00000000e8900000, 0x00000000e8900000, 0x00000000e8a00000|  0%| F|  |TAMS 0x00000000e8900000, 0x00000000e8900000| Untracked 
| 138|0x00000000e8a00000, 0x00000000e8a00000, 0x00000000e8b00000|  0%| F|  |TAMS 0x00000000e8a00000, 0x00000000e8a00000| Untracked 
| 139|0x00000000e8b00000, 0x00000000e8b00000, 0x00000000e8c00000|  0%| F|  |TAMS 0x00000000e8b00000, 0x00000000e8b00000| Untracked 
| 140|0x00000000e8c00000, 0x00000000e8c00000, 0x00000000e8d00000|  0%| F|  |TAMS 0x00000000e8c00000, 0x00000000e8c00000| Untracked 
| 141|0x00000000e8d00000, 0x00000000e8d00000, 0x00000000e8e00000|  0%| F|  |TAMS 0x00000000e8d00000, 0x00000000e8d00000| Untracked 
| 142|0x00000000e8e00000, 0x00000000e8e00000, 0x00000000e8f00000|  0%| F|  |TAMS 0x00000000e8e00000, 0x00000000e8e00000| Untracked 
| 143|0x00000000e8f00000, 0x00000000e8f00000, 0x00000000e9000000|  0%| F|  |TAMS 0x00000000e8f00000, 0x00000000e8f00000| Untracked 
| 144|0x00000000e9000000, 0x00000000e9000000, 0x00000000e9100000|  0%| F|  |TAMS 0x00000000e9000000, 0x00000000e9000000| Untracked 
| 145|0x00000000e9100000, 0x00000000e9100000, 0x00000000e9200000|  0%| F|  |TAMS 0x00000000e9100000, 0x00000000e9100000| Untracked 
| 146|0x00000000e9200000, 0x00000000e9200000, 0x00000000e9300000|  0%| F|  |TAMS 0x00000000e9200000, 0x00000000e9200000| Untracked 
| 147|0x00000000e9300000, 0x00000000e9375e28, 0x00000000e9400000| 46%| S|CS|TAMS 0x00000000e9300000, 0x00000000e9300000| Complete 
| 148|0x00000000e9400000, 0x00000000e9500000, 0x00000000e9500000|100%| S|CS|TAMS 0x00000000e9400000, 0x00000000e9400000| Complete 
| 149|0x00000000e9500000, 0x00000000e9600000, 0x00000000e9600000|100%| S|CS|TAMS 0x00000000e9500000, 0x00000000e9500000| Complete 
| 150|0x00000000e9600000, 0x00000000e9700000, 0x00000000e9700000|100%| S|CS|TAMS 0x00000000e9600000, 0x00000000e9600000| Complete 
| 151|0x00000000e9700000, 0x00000000e9800000, 0x00000000e9800000|100%| S|CS|TAMS 0x00000000e9700000, 0x00000000e9700000| Complete 
| 152|0x00000000e9800000, 0x00000000e9900000, 0x00000000e9900000|100%| S|CS|TAMS 0x00000000e9800000, 0x00000000e9800000| Complete 
| 153|0x00000000e9900000, 0x00000000e9a00000, 0x00000000e9a00000|100%| S|CS|TAMS 0x00000000e9900000, 0x00000000e9900000| Complete 
| 154|0x00000000e9a00000, 0x00000000e9a00000, 0x00000000e9b00000|  0%| F|  |TAMS 0x00000000e9a00000, 0x00000000e9a00000| Untracked 
| 155|0x00000000e9b00000, 0x00000000e9b00000, 0x00000000e9c00000|  0%| F|  |TAMS 0x00000000e9b00000, 0x00000000e9b00000| Untracked 
| 156|0x00000000e9c00000, 0x00000000e9c00000, 0x00000000e9d00000|  0%| F|  |TAMS 0x00000000e9c00000, 0x00000000e9c00000| Untracked 
| 157|0x00000000e9d00000, 0x00000000e9d00000, 0x00000000e9e00000|  0%| F|  |TAMS 0x00000000e9d00000, 0x00000000e9d00000| Untracked 
| 158|0x00000000e9e00000, 0x00000000e9e00000, 0x00000000e9f00000|  0%| F|  |TAMS 0x00000000e9e00000, 0x00000000e9e00000| Untracked 
| 159|0x00000000e9f00000, 0x00000000e9f00000, 0x00000000ea000000|  0%| F|  |TAMS 0x00000000e9f00000, 0x00000000e9f00000| Untracked 
| 160|0x00000000ea000000, 0x00000000ea000000, 0x00000000ea100000|  0%| F|  |TAMS 0x00000000ea000000, 0x00000000ea000000| Untracked 
| 161|0x00000000ea100000, 0x00000000ea100000, 0x00000000ea200000|  0%| F|  |TAMS 0x00000000ea100000, 0x00000000ea100000| Untracked 
| 162|0x00000000ea200000, 0x00000000ea200000, 0x00000000ea300000|  0%| F|  |TAMS 0x00000000ea200000, 0x00000000ea200000| Untracked 
| 163|0x00000000ea300000, 0x00000000ea300000, 0x00000000ea400000|  0%| F|  |TAMS 0x00000000ea300000, 0x00000000ea300000| Untracked 
| 164|0x00000000ea400000, 0x00000000ea400000, 0x00000000ea500000|  0%| F|  |TAMS 0x00000000ea400000, 0x00000000ea400000| Untracked 
| 165|0x00000000ea500000, 0x00000000ea500000, 0x00000000ea600000|  0%| F|  |TAMS 0x00000000ea500000, 0x00000000ea500000| Untracked 
| 166|0x00000000ea600000, 0x00000000ea600000, 0x00000000ea700000|  0%| F|  |TAMS 0x00000000ea600000, 0x00000000ea600000| Untracked 
| 167|0x00000000ea700000, 0x00000000ea700000, 0x00000000ea800000|  0%| F|  |TAMS 0x00000000ea700000, 0x00000000ea700000| Untracked 
| 168|0x00000000ea800000, 0x00000000ea800000, 0x00000000ea900000|  0%| F|  |TAMS 0x00000000ea800000, 0x00000000ea800000| Untracked 
| 169|0x00000000ea900000, 0x00000000ea900000, 0x00000000eaa00000|  0%| F|  |TAMS 0x00000000ea900000, 0x00000000ea900000| Untracked 
| 170|0x00000000eaa00000, 0x00000000eaa00000, 0x00000000eab00000|  0%| F|  |TAMS 0x00000000eaa00000, 0x00000000eaa00000| Untracked 
| 171|0x00000000eab00000, 0x00000000eab00000, 0x00000000eac00000|  0%| F|  |TAMS 0x00000000eab00000, 0x00000000eab00000| Untracked 
| 172|0x00000000eac00000, 0x00000000eac00000, 0x00000000ead00000|  0%| F|  |TAMS 0x00000000eac00000, 0x00000000eac00000| Untracked 
| 173|0x00000000ead00000, 0x00000000ead00000, 0x00000000eae00000|  0%| F|  |TAMS 0x00000000ead00000, 0x00000000ead00000| Untracked 
| 174|0x00000000eae00000, 0x00000000eae00000, 0x00000000eaf00000|  0%| F|  |TAMS 0x00000000eae00000, 0x00000000eae00000| Untracked 
| 175|0x00000000eaf00000, 0x00000000eaf00000, 0x00000000eb000000|  0%| F|  |TAMS 0x00000000eaf00000, 0x00000000eaf00000| Untracked 
| 176|0x00000000eb000000, 0x00000000eb000000, 0x00000000eb100000|  0%| F|  |TAMS 0x00000000eb000000, 0x00000000eb000000| Untracked 
| 177|0x00000000eb100000, 0x00000000eb100000, 0x00000000eb200000|  0%| F|  |TAMS 0x00000000eb100000, 0x00000000eb100000| Untracked 
| 178|0x00000000eb200000, 0x00000000eb200000, 0x00000000eb300000|  0%| F|  |TAMS 0x00000000eb200000, 0x00000000eb200000| Untracked 
| 179|0x00000000eb300000, 0x00000000eb300000, 0x00000000eb400000|  0%| F|  |TAMS 0x00000000eb300000, 0x00000000eb300000| Untracked 
| 180|0x00000000eb400000, 0x00000000eb400000, 0x00000000eb500000|  0%| F|  |TAMS 0x00000000eb400000, 0x00000000eb400000| Untracked 
| 181|0x00000000eb500000, 0x00000000eb500000, 0x00000000eb600000|  0%| F|  |TAMS 0x00000000eb500000, 0x00000000eb500000| Untracked 
| 182|0x00000000eb600000, 0x00000000eb600000, 0x00000000eb700000|  0%| F|  |TAMS 0x00000000eb600000, 0x00000000eb600000| Untracked 
| 183|0x00000000eb700000, 0x00000000eb700000, 0x00000000eb800000|  0%| F|  |TAMS 0x00000000eb700000, 0x00000000eb700000| Untracked 
| 184|0x00000000eb800000, 0x00000000eb800000, 0x00000000eb900000|  0%| F|  |TAMS 0x00000000eb800000, 0x00000000eb800000| Untracked 
| 185|0x00000000eb900000, 0x00000000eb900000, 0x00000000eba00000|  0%| F|  |TAMS 0x00000000eb900000, 0x00000000eb900000| Untracked 
| 186|0x00000000eba00000, 0x00000000eba00000, 0x00000000ebb00000|  0%| F|  |TAMS 0x00000000eba00000, 0x00000000eba00000| Untracked 
| 187|0x00000000ebb00000, 0x00000000ebb00000, 0x00000000ebc00000|  0%| F|  |TAMS 0x00000000ebb00000, 0x00000000ebb00000| Untracked 
| 188|0x00000000ebc00000, 0x00000000ebc00000, 0x00000000ebd00000|  0%| F|  |TAMS 0x00000000ebc00000, 0x00000000ebc00000| Untracked 
| 189|0x00000000ebd00000, 0x00000000ebd00000, 0x00000000ebe00000|  0%| F|  |TAMS 0x00000000ebd00000, 0x00000000ebd00000| Untracked 
| 190|0x00000000ebe00000, 0x00000000ebe00000, 0x00000000ebf00000|  0%| F|  |TAMS 0x00000000ebe00000, 0x00000000ebe00000| Untracked 
| 191|0x00000000ebf00000, 0x00000000ebf00000, 0x00000000ec000000|  0%| F|  |TAMS 0x00000000ebf00000, 0x00000000ebf00000| Untracked 
| 192|0x00000000ec000000, 0x00000000ec000000, 0x00000000ec100000|  0%| F|  |TAMS 0x00000000ec000000, 0x00000000ec000000| Untracked 
| 193|0x00000000ec100000, 0x00000000ec100000, 0x00000000ec200000|  0%| F|  |TAMS 0x00000000ec100000, 0x00000000ec100000| Untracked 
| 194|0x00000000ec200000, 0x00000000ec200000, 0x00000000ec300000|  0%| F|  |TAMS 0x00000000ec200000, 0x00000000ec200000| Untracked 
| 195|0x00000000ec300000, 0x00000000ec300000, 0x00000000ec400000|  0%| F|  |TAMS 0x00000000ec300000, 0x00000000ec300000| Untracked 
| 196|0x00000000ec400000, 0x00000000ec400000, 0x00000000ec500000|  0%| F|  |TAMS 0x00000000ec400000, 0x00000000ec400000| Untracked 
| 197|0x00000000ec500000, 0x00000000ec500000, 0x00000000ec600000|  0%| F|  |TAMS 0x00000000ec500000, 0x00000000ec500000| Untracked 
| 198|0x00000000ec600000, 0x00000000ec600000, 0x00000000ec700000|  0%| F|  |TAMS 0x00000000ec600000, 0x00000000ec600000| Untracked 
| 199|0x00000000ec700000, 0x00000000ec700000, 0x00000000ec800000|  0%| F|  |TAMS 0x00000000ec700000, 0x00000000ec700000| Untracked 
| 200|0x00000000ec800000, 0x00000000ec800000, 0x00000000ec900000|  0%| F|  |TAMS 0x00000000ec800000, 0x00000000ec800000| Untracked 
| 201|0x00000000ec900000, 0x00000000eca00000, 0x00000000eca00000|100%| E|  |TAMS 0x00000000ec900000, 0x00000000ec900000| Complete 
| 202|0x00000000eca00000, 0x00000000ecb00000, 0x00000000ecb00000|100%| E|CS|TAMS 0x00000000eca00000, 0x00000000eca00000| Complete 
| 203|0x00000000ecb00000, 0x00000000ecc00000, 0x00000000ecc00000|100%| E|CS|TAMS 0x00000000ecb00000, 0x00000000ecb00000| Complete 
| 204|0x00000000ecc00000, 0x00000000ecd00000, 0x00000000ecd00000|100%| E|CS|TAMS 0x00000000ecc00000, 0x00000000ecc00000| Complete 
| 205|0x00000000ecd00000, 0x00000000ece00000, 0x00000000ece00000|100%| E|CS|TAMS 0x00000000ecd00000, 0x00000000ecd00000| Complete 
| 206|0x00000000ece00000, 0x00000000ecf00000, 0x00000000ecf00000|100%| E|CS|TAMS 0x00000000ece00000, 0x00000000ece00000| Complete 
| 207|0x00000000ecf00000, 0x00000000ed000000, 0x00000000ed000000|100%| E|CS|TAMS 0x00000000ecf00000, 0x00000000ecf00000| Complete 
| 208|0x00000000ed000000, 0x00000000ed100000, 0x00000000ed100000|100%| E|CS|TAMS 0x00000000ed000000, 0x00000000ed000000| Complete 
| 209|0x00000000ed100000, 0x00000000ed200000, 0x00000000ed200000|100%| E|CS|TAMS 0x00000000ed100000, 0x00000000ed100000| Complete 
| 210|0x00000000ed200000, 0x00000000ed300000, 0x00000000ed300000|100%| E|CS|TAMS 0x00000000ed200000, 0x00000000ed200000| Complete 
| 211|0x00000000ed300000, 0x00000000ed400000, 0x00000000ed400000|100%| E|CS|TAMS 0x00000000ed300000, 0x00000000ed300000| Complete 
| 212|0x00000000ed400000, 0x00000000ed500000, 0x00000000ed500000|100%| E|CS|TAMS 0x00000000ed400000, 0x00000000ed400000| Complete 
| 213|0x00000000ed500000, 0x00000000ed600000, 0x00000000ed600000|100%| E|CS|TAMS 0x00000000ed500000, 0x00000000ed500000| Complete 
| 214|0x00000000ed600000, 0x00000000ed700000, 0x00000000ed700000|100%| E|CS|TAMS 0x00000000ed600000, 0x00000000ed600000| Complete 
| 215|0x00000000ed700000, 0x00000000ed800000, 0x00000000ed800000|100%| E|CS|TAMS 0x00000000ed700000, 0x00000000ed700000| Complete 
| 216|0x00000000ed800000, 0x00000000ed900000, 0x00000000ed900000|100%| E|CS|TAMS 0x00000000ed800000, 0x00000000ed800000| Complete 
| 217|0x00000000ed900000, 0x00000000eda00000, 0x00000000eda00000|100%| E|CS|TAMS 0x00000000ed900000, 0x00000000ed900000| Complete 
| 218|0x00000000eda00000, 0x00000000edb00000, 0x00000000edb00000|100%| E|CS|TAMS 0x00000000eda00000, 0x00000000eda00000| Complete 
| 219|0x00000000edb00000, 0x00000000edc00000, 0x00000000edc00000|100%| E|CS|TAMS 0x00000000edb00000, 0x00000000edb00000| Complete 
| 220|0x00000000edc00000, 0x00000000edd00000, 0x00000000edd00000|100%| E|CS|TAMS 0x00000000edc00000, 0x00000000edc00000| Complete 
| 221|0x00000000edd00000, 0x00000000ede00000, 0x00000000ede00000|100%| E|CS|TAMS 0x00000000edd00000, 0x00000000edd00000| Complete 
| 222|0x00000000ede00000, 0x00000000edf00000, 0x00000000edf00000|100%| E|CS|TAMS 0x00000000ede00000, 0x00000000ede00000| Complete 
| 223|0x00000000edf00000, 0x00000000ee000000, 0x00000000ee000000|100%| E|CS|TAMS 0x00000000edf00000, 0x00000000edf00000| Complete 
| 224|0x00000000ee000000, 0x00000000ee100000, 0x00000000ee100000|100%| E|CS|TAMS 0x00000000ee000000, 0x00000000ee000000| Complete 
| 225|0x00000000ee100000, 0x00000000ee200000, 0x00000000ee200000|100%| E|CS|TAMS 0x00000000ee100000, 0x00000000ee100000| Complete 
| 226|0x00000000ee200000, 0x00000000ee300000, 0x00000000ee300000|100%| E|CS|TAMS 0x00000000ee200000, 0x00000000ee200000| Complete 
| 227|0x00000000ee300000, 0x00000000ee400000, 0x00000000ee400000|100%| E|CS|TAMS 0x00000000ee300000, 0x00000000ee300000| Complete 
| 228|0x00000000ee400000, 0x00000000ee500000, 0x00000000ee500000|100%| E|CS|TAMS 0x00000000ee400000, 0x00000000ee400000| Complete 
| 229|0x00000000ee500000, 0x00000000ee600000, 0x00000000ee600000|100%| E|CS|TAMS 0x00000000ee500000, 0x00000000ee500000| Complete 
| 230|0x00000000ee600000, 0x00000000ee700000, 0x00000000ee700000|100%| E|CS|TAMS 0x00000000ee600000, 0x00000000ee600000| Complete 
| 231|0x00000000ee700000, 0x00000000ee800000, 0x00000000ee800000|100%| E|CS|TAMS 0x00000000ee700000, 0x00000000ee700000| Complete 
| 232|0x00000000ee800000, 0x00000000ee900000, 0x00000000ee900000|100%| E|CS|TAMS 0x00000000ee800000, 0x00000000ee800000| Complete 
| 233|0x00000000ee900000, 0x00000000eea00000, 0x00000000eea00000|100%| E|CS|TAMS 0x00000000ee900000, 0x00000000ee900000| Complete 
| 234|0x00000000eea00000, 0x00000000eeb00000, 0x00000000eeb00000|100%| E|CS|TAMS 0x00000000eea00000, 0x00000000eea00000| Complete 
| 235|0x00000000eeb00000, 0x00000000eec00000, 0x00000000eec00000|100%| E|CS|TAMS 0x00000000eeb00000, 0x00000000eeb00000| Complete 
| 236|0x00000000eec00000, 0x00000000eed00000, 0x00000000eed00000|100%| E|CS|TAMS 0x00000000eec00000, 0x00000000eec00000| Complete 
| 237|0x00000000eed00000, 0x00000000eee00000, 0x00000000eee00000|100%| E|CS|TAMS 0x00000000eed00000, 0x00000000eed00000| Complete 
| 238|0x00000000eee00000, 0x00000000eef00000, 0x00000000eef00000|100%| E|CS|TAMS 0x00000000eee00000, 0x00000000eee00000| Complete 
| 239|0x00000000eef00000, 0x00000000ef000000, 0x00000000ef000000|100%| E|CS|TAMS 0x00000000eef00000, 0x00000000eef00000| Complete 
| 240|0x00000000ef000000, 0x00000000ef100000, 0x00000000ef100000|100%| E|CS|TAMS 0x00000000ef000000, 0x00000000ef000000| Complete 
| 241|0x00000000ef100000, 0x00000000ef200000, 0x00000000ef200000|100%| E|CS|TAMS 0x00000000ef100000, 0x00000000ef100000| Complete 
| 242|0x00000000ef200000, 0x00000000ef300000, 0x00000000ef300000|100%| E|CS|TAMS 0x00000000ef200000, 0x00000000ef200000| Complete 
| 243|0x00000000ef300000, 0x00000000ef400000, 0x00000000ef400000|100%| E|CS|TAMS 0x00000000ef300000, 0x00000000ef300000| Complete 
| 244|0x00000000ef400000, 0x00000000ef500000, 0x00000000ef500000|100%| E|CS|TAMS 0x00000000ef400000, 0x00000000ef400000| Complete 
| 245|0x00000000ef500000, 0x00000000ef600000, 0x00000000ef600000|100%| E|CS|TAMS 0x00000000ef500000, 0x00000000ef500000| Complete 
| 246|0x00000000ef600000, 0x00000000ef700000, 0x00000000ef700000|100%| E|CS|TAMS 0x00000000ef600000, 0x00000000ef600000| Complete 
| 247|0x00000000ef700000, 0x00000000ef800000, 0x00000000ef800000|100%| E|CS|TAMS 0x00000000ef700000, 0x00000000ef700000| Complete 
| 248|0x00000000ef800000, 0x00000000ef900000, 0x00000000ef900000|100%| E|CS|TAMS 0x00000000ef800000, 0x00000000ef800000| Complete 
| 249|0x00000000ef900000, 0x00000000efa00000, 0x00000000efa00000|100%| E|CS|TAMS 0x00000000ef900000, 0x00000000ef900000| Complete 
| 250|0x00000000efa00000, 0x00000000efb00000, 0x00000000efb00000|100%| E|CS|TAMS 0x00000000efa00000, 0x00000000efa00000| Complete 
| 251|0x00000000efb00000, 0x00000000efc00000, 0x00000000efc00000|100%| E|CS|TAMS 0x00000000efb00000, 0x00000000efb00000| Complete 
| 252|0x00000000efc00000, 0x00000000efd00000, 0x00000000efd00000|100%| E|CS|TAMS 0x00000000efc00000, 0x00000000efc00000| Complete 
| 253|0x00000000efd00000, 0x00000000efe00000, 0x00000000efe00000|100%| E|CS|TAMS 0x00000000efd00000, 0x00000000efd00000| Complete 
| 254|0x00000000efe00000, 0x00000000eff00000, 0x00000000eff00000|100%| E|CS|TAMS 0x00000000efe00000, 0x00000000efe00000| Complete 
| 255|0x00000000eff00000, 0x00000000f0000000, 0x00000000f0000000|100%| E|CS|TAMS 0x00000000eff00000, 0x00000000eff00000| Complete 

Card table byte_map: [0x0000021f173c0000,0x0000021f174c0000] _byte_map_base: 0x0000021f16cc0000

Marking Bits (Prev, Next): (CMBitMap*) 0x0000021f79259818, (CMBitMap*) 0x0000021f79259850
 Prev Bits: [0x0000021f175c0000, 0x0000021f17dc0000)
 Next Bits: [0x0000021f17dc0000, 0x0000021f185c0000)

Polling page: 0x0000021f00000000

Metaspace:

Usage:
  Non-class:     32.78 MB capacity,    32.25 MB ( 98%) used,   451.16 KB (  1%) free+waste,    87.31 KB ( <1%) overhead. 
      Class:      5.33 MB capacity,     4.97 MB ( 93%) used,   319.53 KB (  6%) free+waste,    44.12 KB ( <1%) overhead. 
       Both:     38.10 MB capacity,    37.22 MB ( 98%) used,   770.69 KB (  2%) free+waste,   131.44 KB ( <1%) overhead. 

Virtual space:
  Non-class space:       34.00 MB reserved,      33.00 MB ( 97%) committed 
      Class space:      248.00 MB reserved,       5.38 MB (  2%) committed 
             Both:      282.00 MB reserved,      38.38 MB ( 14%) committed 

Chunk freelists:
   Non-Class:  4.62 KB
       Class:  2.38 KB
        Both:  7.00 KB

CodeHeap 'non-profiled nmethods': size=120000Kb used=1833Kb max_used=1833Kb free=118166Kb
 bounds [0x0000021f0f0f0000, 0x0000021f0f360000, 0x0000021f16620000]
CodeHeap 'profiled nmethods': size=120000Kb used=7474Kb max_used=7474Kb free=112525Kb
 bounds [0x0000021f07bc0000, 0x0000021f08310000, 0x0000021f0f0f0000]
CodeHeap 'non-nmethods': size=5760Kb used=1519Kb max_used=1557Kb free=4240Kb
 bounds [0x0000021f07620000, 0x0000021f07890000, 0x0000021f07bc0000]
 total_blobs=4325 nmethods=3695 adapters=541
 compilation: enabled
              stopped_count=0, restarted_count=0
 full_count=0

Compilation events (10 events):
Event: 11.012 Thread 0x0000021f1bb04800 3708       1       javax.management.ObjectName$Property::setKeyIndex (6 bytes)
Event: 11.012 Thread 0x0000021f1bb04800 nmethod 3708 0x0000021f0f2b8c90 code [0x0000021f0f2b8e20, 0x0000021f0f2b8ed8]
Event: 11.012 Thread 0x0000021f1bb04800 3709       1       sun.management.MemoryPoolImpl::getName (5 bytes)
Event: 11.012 Thread 0x0000021f1bb04800 nmethod 3709 0x0000021f0f2b8f90 code [0x0000021f0f2b9120, 0x0000021f0f2b91d8]
Event: 11.153 Thread 0x0000021f1bb04800 3710       2       java.util.concurrent.locks.AbstractQueuedSynchronizer$Node::<init> (23 bytes)
Event: 11.154 Thread 0x0000021f1bb04800 nmethod 3710 0x0000021f082fa690 code [0x0000021f082fa8a0, 0x0000021f082fad98]
Event: 11.154 Thread 0x0000021f1bb04800 3711       2       java.lang.invoke.VarHandleGuards::guard_LI_V (103 bytes)
Event: 11.154 Thread 0x0000021f1bb04800 nmethod 3711 0x0000021f082fb010 code [0x0000021f082fb2c0, 0x0000021f082fbda8]
Event: 11.154 Thread 0x0000021f1bb04800 3712       2       java.lang.invoke.VarHandleInts$FieldInstanceReadWrite::set (23 bytes)
Event: 11.155 Thread 0x0000021f1bb04800 nmethod 3712 0x0000021f082fc510 code [0x0000021f082fc6e0, 0x0000021f082fc9a8]

GC Heap History (8 events):
Event: 3.284 GC heap before
{Heap before GC invocations=0 (full 0):
 garbage-first heap   total 262144K, used 29696K [0x00000000e0000000, 0x0000000100000000)
  region size 1024K, 24 young (24576K), 0 survivors (0K)
 Metaspace       used 9597K, capacity 9827K, committed 10112K, reserved 264192K
  class space    used 992K, capacity 1069K, committed 1152K, reserved 253952K
}
Event: 3.288 GC heap after
{Heap after GC invocations=1 (full 0):
 garbage-first heap   total 262144K, used 9459K [0x00000000e0000000, 0x0000000100000000)
  region size 1024K, 3 young (3072K), 3 survivors (3072K)
 Metaspace       used 9597K, capacity 9827K, committed 10112K, reserved 264192K
  class space    used 992K, capacity 1069K, committed 1152K, reserved 253952K
}
Event: 7.915 GC heap before
{Heap before GC invocations=1 (full 0):
 garbage-first heap   total 262144K, used 109811K [0x00000000e0000000, 0x0000000100000000)
  region size 1024K, 102 young (104448K), 3 survivors (3072K)
 Metaspace       used 20751K, capacity 21111K, committed 21248K, reserved 272384K
  class space    used 2548K, capacity 2722K, committed 2816K, reserved 253952K
}
Event: 7.923 GC heap after
{Heap after GC invocations=2 (full 0):
 garbage-first heap   total 262144K, used 16967K [0x00000000e0000000, 0x0000000100000000)
  region size 1024K, 11 young (11264K), 11 survivors (11264K)
 Metaspace       used 20751K, capacity 21111K, committed 21248K, reserved 272384K
  class space    used 2548K, capacity 2722K, committed 2816K, reserved 253952K
}
Event: 8.452 GC heap before
{Heap before GC invocations=3 (full 0):
 garbage-first heap   total 262144K, used 59975K [0x00000000e0000000, 0x0000000100000000)
  region size 1024K, 53 young (54272K), 11 survivors (11264K)
 Metaspace       used 24964K, capacity 25574K, committed 25728K, reserved 276480K
  class space    used 3248K, capacity 3453K, committed 3456K, reserved 253952K
}
Event: 8.458 GC heap after
{Heap after GC invocations=4 (full 0):
 garbage-first heap   total 262144K, used 18977K [0x00000000e0000000, 0x0000000100000000)
  region size 1024K, 3 young (3072K), 3 survivors (3072K)
 Metaspace       used 24964K, capacity 25574K, committed 25728K, reserved 276480K
  class space    used 3248K, capacity 3453K, committed 3456K, reserved 253952K
}
Event: 9.598 GC heap before
{Heap before GC invocations=4 (full 0):
 garbage-first heap   total 262144K, used 119329K [0x00000000e0000000, 0x0000000100000000)
  region size 1024K, 102 young (104448K), 3 survivors (3072K)
 Metaspace       used 34904K, capacity 35796K, committed 35840K, reserved 286720K
  class space    used 4590K, capacity 4954K, committed 4992K, reserved 253952K
}
Event: 9.602 GC heap after
{Heap after GC invocations=5 (full 0):
 garbage-first heap   total 262144K, used 23357K [0x00000000e0000000, 0x0000000100000000)
  region size 1024K, 7 young (7168K), 7 survivors (7168K)
 Metaspace       used 34904K, capacity 35796K, committed 35840K, reserved 286720K
  class space    used 4590K, capacity 4954K, committed 4992K, reserved 253952K
}

Deoptimization events (10 events):
Event: 9.866 Thread 0x0000021f1d06b800 Uncommon trap: reason=unstable_if action=reinterpret pc=0x0000021f0f1d52c8 method=java.util.HashMap.getNode(ILjava/lang/Object;)Ljava/util/HashMap$Node; @ 84 c2
Event: 9.894 Thread 0x0000021f1d06b800 Uncommon trap: reason=unstable_if action=reinterpret pc=0x0000021f0f1604e8 method=java.util.HashMap.resize()[Ljava/util/HashMap$Node; @ 203 c2
Event: 9.927 Thread 0x0000021f1d06b800 Uncommon trap: reason=class_check action=maybe_recompile pc=0x0000021f0f1a454c method=java.util.concurrent.ConcurrentHashMap.putVal(Ljava/lang/Object;Ljava/lang/Object;Z)Ljava/lang/Object; @ 159 c2
Event: 9.974 Thread 0x0000021f1d06b800 Uncommon trap: reason=class_check action=maybe_recompile pc=0x0000021f0f1a454c method=java.util.concurrent.ConcurrentHashMap.putVal(Ljava/lang/Object;Ljava/lang/Object;Z)Ljava/lang/Object; @ 159 c2
Event: 9.982 Thread 0x0000021f1d06b800 Uncommon trap: reason=class_check action=maybe_recompile pc=0x0000021f0f1a454c method=java.util.concurrent.ConcurrentHashMap.putVal(Ljava/lang/Object;Ljava/lang/Object;Z)Ljava/lang/Object; @ 159 c2
Event: 10.011 Thread 0x0000021f1ed8d800 Uncommon trap: reason=class_check action=maybe_recompile pc=0x0000021f0f27d9f0 method=java.util.stream.ReferencePipeline.forEachWithCancel(Ljava/util/Spliterator;Ljava/util/stream/Sink;)Z @ 1 c2
Event: 10.048 Thread 0x0000021f1d06b800 Uncommon trap: reason=class_check action=maybe_recompile pc=0x0000021f0f1a454c method=java.util.concurrent.ConcurrentHashMap.putVal(Ljava/lang/Object;Ljava/lang/Object;Z)Ljava/lang/Object; @ 159 c2
Event: 10.057 Thread 0x0000021f1d06b800 Uncommon trap: reason=unstable_if action=reinterpret pc=0x0000021f0f23a4fc method=java.util.concurrent.ConcurrentHashMap.get(Ljava/lang/Object;)Ljava/lang/Object; @ 152 c2
Event: 10.212 Thread 0x0000021f1d06b800 Uncommon trap: reason=class_check action=maybe_recompile pc=0x0000021f0f27d9f0 method=java.util.stream.ReferencePipeline.forEachWithCancel(Ljava/util/Spliterator;Ljava/util/stream/Sink;)Z @ 1 c2
Event: 11.012 Thread 0x0000021f1ed8d800 Uncommon trap: reason=class_check action=maybe_recompile pc=0x0000021f0f27d9f0 method=java.util.stream.ReferencePipeline.forEachWithCancel(Ljava/util/Spliterator;Ljava/util/stream/Sink;)Z @ 1 c2

Classes redefined (0 events):
No events

Internal exceptions (10 events):
Event: 8.959 Thread 0x0000021f1d06b800 Exception <a 'java/lang/NoSuchMethodError'{0x00000000ed2be5a0}: java.lang.invoke.Invokers$Holder.linkToTargetMethod(Ljava/lang/Object;Ljava/lang/Object;Ljava/lang/Object;Ljava/lang/Object;Ljava/lang/Object;Ljava/lang/Object;Ljava/lang/Object;Ljava/lang/Ob
Event: 8.965 Thread 0x0000021f1d06b800 Exception <a 'java/lang/NoSuchMethodError'{0x00000000ed15ebb8}: java.lang.invoke.DirectMethodHandle$Holder.invokeSpecial(Ljava/lang/Object;Ljava/lang/Object;Ljava/lang/Object;Ljava/lang/Object;Ljava/lang/Object;Ljava/lang/Object;Ljava/lang/Object;Ljava/la
Event: 8.966 Thread 0x0000021f1d06b800 Exception <a 'java/lang/NoSuchMethodError'{0x00000000ed170230}: java.lang.invoke.Invokers$Holder.linkToTargetMethod(Ljava/lang/Object;Ljava/lang/Object;Ljava/lang/Object;Ljava/lang/Object;Ljava/lang/Object;Ljava/lang/Object;Ljava/lang/Object;Ljava/lang/Ob
Event: 8.981 Thread 0x0000021f1d06b800 Exception <a 'java/lang/NoSuchMethodError'{0x00000000ed05b418}: java.lang.invoke.DirectMethodHandle$Holder.invokeStaticInit(Ljava/lang/Object;Ljava/lang/Object;Ljava/lang/Object;Ljava/lang/Object;)Ljava/lang/Object;> (0x00000000ed05b418) thrown at [./open
Event: 9.071 Thread 0x0000021f1d06b800 Exception <a 'java/lang/NoSuchMethodError'{0x00000000ec7966e0}: java.lang.invoke.Invokers$Holder.linkToTargetMethod(Ljava/lang/Object;Ljava/lang/Object;Ljava/lang/Object;Ljava/lang/Object;Ljava/lang/Object;Ljava/lang/Object;Ljava/lang/Object;Ljava/lang/Ob
Event: 9.078 Thread 0x0000021f1d06b800 Exception <a 'java/lang/IncompatibleClassChangeError'{0x00000000ec62c168}: Found class java.lang.Object, but interface was expected> (0x00000000ec62c168) thrown at [./open/src/hotspot/share/interpreter/linkResolver.cpp, line 838]
Event: 9.318 Thread 0x0000021f1d06b800 Exception <a 'java/lang/NoSuchMethodError'{0x00000000eb4db178}: java.lang.invoke.DirectMethodHandle$Holder.invokeStaticInit(Ljava/lang/Object;Ljava/lang/Object;Ljava/lang/Object;)V> (0x00000000eb4db178) thrown at [./open/src/hotspot/share/interpreter/link
Event: 9.319 Thread 0x0000021f1d06b800 Exception <a 'java/lang/NoSuchMethodError'{0x00000000eb4e2320}: java.lang.invoke.DirectMethodHandle$Holder.invokeStaticInit(Ljava/lang/Object;Ljava/lang/Object;Ljava/lang/Object;Ljava/lang/Object;)V> (0x00000000eb4e2320) thrown at [./open/src/hotspot/shar
Event: 9.321 Thread 0x0000021f1d06b800 Exception <a 'java/lang/NoSuchMethodError'{0x00000000eb303f18}: java.lang.invoke.DirectMethodHandle$Holder.invokeStaticInit(Ljava/lang/Object;Ljava/lang/Object;Ljava/lang/Object;Ljava/lang/Object;Ljava/lang/Object;)V> (0x00000000eb303f18) thrown at [./ope
Event: 9.577 Thread 0x0000021f1d06b800 Exception <a 'java/lang/NoSuchMethodError'{0x00000000e9b26d88}: java.lang.invoke.DirectMethodHandle$Holder.invokeVirtual(Ljava/lang/Object;Ljava/lang/Object;)V> (0x00000000e9b26d88) thrown at [./open/src/hotspot/share/interpreter/linkResolver.cpp, line 77

Events (10 events):
Event: 10.258 loading class org/codehaus/groovy/ast/expr/VariableExpression done
Event: 10.258 loading class org/codehaus/groovy/ast/expr/DeclarationExpression
Event: 10.258 loading class org/codehaus/groovy/ast/expr/DeclarationExpression done
Event: 10.258 loading class org/codehaus/groovy/ast/expr/DeclarationExpression
Event: 10.258 loading class org/codehaus/groovy/ast/expr/DeclarationExpression done
Event: 10.260 loading class org/codehaus/groovy/ast/stmt/EmptyStatement$1
Event: 10.260 loading class org/codehaus/groovy/ast/stmt/EmptyStatement$1 done
Event: 11.012 Thread 0x0000021f1ed8d800 Uncommon trap: trap_request=0xffffffde fr.pc=0x0000021f0f27d9f0 relative=0x0000000000000510
Event: 11.012 Thread 0x0000021f1ed8d800 DEOPT PACKING pc=0x0000021f0f27d9f0 sp=0x0000008b12efeea0
Event: 11.012 Thread 0x0000021f1ed8d800 DEOPT UNPACKING pc=0x0000021f0764662f sp=0x0000008b12efee40 mode 2


Dynamic libraries:
0x00007ff6cb1f0000 - 0x00007ff6cb200000 	C:\Program Files\Java\jdk-11\bin\java.exe
0x00007ff890580000 - 0x00007ff8907ab000 	C:\WINDOWS\SYSTEM32\ntdll.dll
0x00007ff88f100000 - 0x00007ff88f1c6000 	C:\WINDOWS\System32\KERNEL32.DLL
0x00007ff88da30000 - 0x00007ff88dd8e000 	C:\WINDOWS\System32\KERNELBASE.dll
0x00007ff88e000000 - 0x00007ff88e133000 	C:\WINDOWS\System32\ucrtbase.dll
0x00007ff86b6d0000 - 0x00007ff86b6e8000 	C:\Program Files\Java\jdk-11\bin\jli.dll
0x00007ff86af90000 - 0x00007ff86afab000 	C:\Program Files\Java\jdk-11\bin\VCRUNTIME140.dll
0x00007ff88f040000 - 0x00007ff88f0f0000 	C:\WINDOWS\System32\ADVAPI32.dll
0x00007ff88f800000 - 0x00007ff88f8a7000 	C:\WINDOWS\System32\msvcrt.dll
0x00007ff890420000 - 0x00007ff8904c0000 	C:\WINDOWS\System32\sechost.dll
0x00007ff88e850000 - 0x00007ff88e975000 	C:\WINDOWS\System32\RPCRT4.dll
0x00007ff88ee80000 - 0x00007ff88f031000 	C:\WINDOWS\System32\USER32.dll
0x00007ff880ca0000 - 0x00007ff880f31000 	C:\WINDOWS\WinSxS\amd64_microsoft.windows.common-controls_6595b64144ccf1df_6.0.25905.1000_none_87b90b8fab340372\COMCTL32.dll
0x00007ff88dfd0000 - 0x00007ff88dff7000 	C:\WINDOWS\System32\win32u.dll
0x00007ff890510000 - 0x00007ff890539000 	C:\WINDOWS\System32\GDI32.dll
0x00007ff88e200000 - 0x00007ff88e31f000 	C:\WINDOWS\System32\gdi32full.dll
0x00007ff88dda0000 - 0x00007ff88de45000 	C:\WINDOWS\System32\msvcp_win.dll
0x00007ff887ff0000 - 0x00007ff887ffa000 	C:\WINDOWS\SYSTEM32\VERSION.dll
0x00007ff8904d0000 - 0x00007ff890500000 	C:\WINDOWS\System32\IMM32.DLL
0x00007ff872070000 - 0x00007ff87207c000 	C:\Program Files\Java\jdk-11\bin\vcruntime140_1.dll
0x00007ff85e5b0000 - 0x00007ff85e63e000 	C:\Program Files\Java\jdk-11\bin\msvcp140.dll
0x00007ff8183e0000 - 0x00007ff818f48000 	C:\Program Files\Java\jdk-11\bin\server\jvm.dll
0x00007ff88ac30000 - 0x00007ff88ac39000 	C:\WINDOWS\SYSTEM32\WSOCK32.dll
0x00007ff8815d0000 - 0x00007ff881604000 	C:\WINDOWS\SYSTEM32\WINMM.dll
0x00007ff88e7e0000 - 0x00007ff88e7e8000 	C:\WINDOWS\System32\PSAPI.DLL
0x00007ff88e530000 - 0x00007ff88e5a3000 	C:\WINDOWS\System32\WS2_32.dll
0x00007ff88c890000 - 0x00007ff88c8a8000 	C:\WINDOWS\SYSTEM32\kernel.appcore.dll
0x00007ff871f60000 - 0x00007ff871f70000 	C:\Program Files\Java\jdk-11\bin\verify.dll
0x00007ff88b230000 - 0x00007ff88b465000 	C:\WINDOWS\SYSTEM32\DBGHELP.DLL
0x00007ff88f260000 - 0x00007ff88f5db000 	C:\WINDOWS\System32\combase.dll
0x00007ff890060000 - 0x00007ff890135000 	C:\WINDOWS\System32\OLEAUT32.dll
0x00007ff873880000 - 0x00007ff8738b8000 	C:\WINDOWS\SYSTEM32\dbgcore.DLL
0x00007ff88e330000 - 0x00007ff88e3b1000 	C:\WINDOWS\System32\bcryptPrimitives.dll
0x00007ff869540000 - 0x00007ff869568000 	C:\Program Files\Java\jdk-11\bin\java.dll
0x00007ff870f90000 - 0x00007ff870f9a000 	C:\Program Files\Java\jdk-11\bin\jimage.dll
0x00007ff86ae30000 - 0x00007ff86ae47000 	C:\Program Files\Java\jdk-11\bin\zip.dll
0x00007ff88f8e0000 - 0x00007ff890053000 	C:\WINDOWS\System32\SHELL32.dll
0x00007ff88b860000 - 0x00007ff88c0b2000 	C:\WINDOWS\SYSTEM32\windows.storage.dll
0x00007ff88e5b0000 - 0x00007ff88e683000 	C:\WINDOWS\System32\SHCORE.dll
0x00007ff8903c0000 - 0x00007ff89041c000 	C:\WINDOWS\System32\shlwapi.dll
0x00007ff88d8e0000 - 0x00007ff88d903000 	C:\WINDOWS\SYSTEM32\profapi.dll
0x00007ff86a5d0000 - 0x00007ff86a5e9000 	C:\Program Files\Java\jdk-11\bin\net.dll
0x00007ff87ee00000 - 0x00007ff87ef1b000 	C:\WINDOWS\SYSTEM32\WINHTTP.dll
0x00007ff88cd00000 - 0x00007ff88cd68000 	C:\WINDOWS\system32\mswsock.dll
0x00007ff869890000 - 0x00007ff8698a2000 	C:\Program Files\Java\jdk-11\bin\nio.dll
0x00007ff86c780000 - 0x00007ff86c7a7000 	C:\Users\AHMEDHOSNY\.gradle\native\e1d6ef7f7dcc3fd88c89a11ec53ec762bb8ba0a96d01ffa2cd45eb1d1d8dd5c5\windows-amd64\native-platform.dll
0x00007ff8485c0000 - 0x00007ff848704000 	C:\Users\AHMEDHOSNY\.gradle\native\0d407fdbe67a94daf76414ababcb853783967236a71b16ec16e742cd7a986fd3\windows-amd64\native-platform-file-events.dll
0x00007ff870d70000 - 0x00007ff870d79000 	C:\Program Files\Java\jdk-11\bin\management.dll
0x00007ff870d20000 - 0x00007ff870d2b000 	C:\Program Files\Java\jdk-11\bin\management_ext.dll
0x00007ff88d1c0000 - 0x00007ff88d1db000 	C:\WINDOWS\SYSTEM32\CRYPTSP.dll
0x00007ff88c7f0000 - 0x00007ff88c827000 	C:\WINDOWS\system32\rsaenh.dll
0x00007ff88cdd0000 - 0x00007ff88cdfa000 	C:\WINDOWS\SYSTEM32\USERENV.dll
0x00007ff88d350000 - 0x00007ff88d378000 	C:\WINDOWS\SYSTEM32\bcrypt.dll
0x00007ff88cf30000 - 0x00007ff88cf3c000 	C:\WINDOWS\SYSTEM32\CRYPTBASE.dll
0x00007ff88c2c0000 - 0x00007ff88c2ef000 	C:\WINDOWS\SYSTEM32\IPHLPAPI.DLL
0x00007ff890150000 - 0x00007ff89015a000 	C:\WINDOWS\System32\NSI.dll
0x00007ff87efa0000 - 0x00007ff87efb9000 	C:\WINDOWS\SYSTEM32\dhcpcsvc6.DLL
0x00007ff87ef70000 - 0x00007ff87ef8f000 	C:\WINDOWS\SYSTEM32\dhcpcsvc.DLL
0x00007ff88c340000 - 0x00007ff88c44f000 	C:\WINDOWS\SYSTEM32\DNSAPI.dll

dbghelp: loaded successfully - version: 4.0.5 - missing functions: none
symbol engine: initialized successfully - sym options: 0x614 - pdb path: .;C:\Program Files\Java\jdk-11\bin;C:\WINDOWS\SYSTEM32;C:\WINDOWS\WinSxS\amd64_microsoft.windows.common-controls_6595b64144ccf1df_6.0.25905.1000_none_87b90b8fab340372;C:\Program Files\Java\jdk-11\bin\server;C:\Users\AHMEDHOSNY\.gradle\native\e1d6ef7f7dcc3fd88c89a11ec53ec762bb8ba0a96d01ffa2cd45eb1d1d8dd5c5\windows-amd64;C:\Users\AHMEDHOSNY\.gradle\native\0d407fdbe67a94daf76414ababcb853783967236a71b16ec16e742cd7a986fd3\windows-amd64

VM Arguments:
jvm_args: --add-opens=java.base/java.util=ALL-UNNAMED --add-opens=java.base/java.lang=ALL-UNNAMED --add-opens=java.base/java.lang.invoke=ALL-UNNAMED --add-opens=java.base/java.util=ALL-UNNAMED --add-opens=java.prefs/java.util.prefs=ALL-UNNAMED --add-opens=java.prefs/java.util.prefs=ALL-UNNAMED --add-opens=java.base/java.nio.charset=ALL-UNNAMED --add-opens=java.base/java.net=ALL-UNNAMED --add-opens=java.base/java.util.concurrent.atomic=ALL-UNNAMED -XX:MaxMetaspaceSize=256m -XX:+HeapDumpOnOutOfMemoryError -Xms256m -Xmx512m -Dfile.encoding=utf8 -Duser.country=US -Duser.language=en -Duser.variant 
java_command: org.gradle.launcher.daemon.bootstrap.GradleDaemon 7.5.1
java_class_path (initial): C:\Users\AHMEDHOSNY\.gradle\wrapper\dists\gradle-7.5.1-bin\7jzzequgds1hbszbhq3npc5ng\gradle-7.5.1\lib\gradle-launcher-7.5.1.jar
Launcher Type: SUN_STANDARD

[Global flags]
     intx CICompilerCount                          = 4                                         {product} {ergonomic}
   size_t CompressedClassSpaceSize                 = 260046848                                 {product} {ergonomic}
     uint ConcGCThreads                            = 3                                         {product} {ergonomic}
     uint G1ConcRefinementThreads                  = 10                                        {product} {ergonomic}
   size_t G1HeapRegionSize                         = 1048576                                   {product} {ergonomic}
    uintx GCDrainStackTargetSize                   = 64                                        {product} {ergonomic}
     bool HeapDumpOnOutOfMemoryError               = true                                   {manageable} {command line}
   size_t InitialHeapSize                          = 268435456                                 {product} {command line}
   size_t MarkStackSize                            = 4194304                                   {product} {ergonomic}
   size_t MaxHeapSize                              = 536870912                                 {product} {command line}
   size_t MaxMetaspaceSize                         = 268435456                                 {product} {command line}
   size_t MaxNewSize                               = 321912832                                 {product} {ergonomic}
   size_t MinHeapDeltaBytes                        = 1048576                                   {product} {ergonomic}
    uintx NonNMethodCodeHeapSize                   = 5836300                                {pd product} {ergonomic}
    uintx NonProfiledCodeHeapSize                  = 122910970                              {pd product} {ergonomic}
    uintx ProfiledCodeHeapSize                     = 122910970                              {pd product} {ergonomic}
    uintx ReservedCodeCacheSize                    = 251658240                              {pd product} {ergonomic}
     bool SegmentedCodeCache                       = true                                      {product} {ergonomic}
     bool UseCompressedClassPointers               = true                                 {lp64_product} {ergonomic}
     bool UseCompressedOops                        = true                                 {lp64_product} {ergonomic}
     bool UseG1GC                                  = true                                      {product} {ergonomic}
     bool UseLargePagesIndividualAllocation        = false                                  {pd product} {ergonomic}

Logging:
Log output configuration:
 #0: stdout all=warning uptime,level,tags
 #1: stderr all=off uptime,level,tags

Environment Variables:
CLASSPATH=.;C:\Program Files (x86)\QuickTime\QTSystem\QTJava.zip
PATH=C:\Python311\Scripts\;C:\Python311\;C:\Program Files\Common Files\Oracle\Java\javapath;C:\Program Files (x86)\Common Files\Oracle\Java\javapath;C:\Program Files (x86)\Common Files\Intel\Shared Libraries\redist\intel64_win\compiler;C:\Program Files (x86)\Common Files\Intel\Shared Libraries\redist\intel64\compiler;C:\Windows\system32;C:\Windows;C:\Windows\System32\Wbem;C:\Windows\System32\WindowsPowerShell\v1.0\;C:\Windows\System32\OpenSSH\;C:\Program Files (x86)\NVIDIA Corporation\PhysX\Common;C:\WINDOWS\system32;C:\WINDOWS;C:\WINDOWS\System32\Wbem;C:\WINDOWS\System32\WindowsPowerShell\v1.0\;C:\WINDOWS\System32\OpenSSH\;C:\Program Files (x86)\QuickTime\QTSystem\;C:\Program Files\dotnet\;C:\Program Files (x86)\Minimal ADB and Fastboot;C:\Program Files\MATLAB\R2022a\runtime\win64;C:\Program Files\MATLAB\R2022a\bin;C:\Program Files\Wolfram Research\WolframScript\;C:\ProgramData\chocolatey\bin;D:\8-Programming\maven\bin;C:\Users\AHMEDHOSNY\.jdks\openjdk-20\bin;C:\Users\AHMEDHOSNY\AppData\Local\Android\Sdk\tools\bin;C:\Users\AHMEDHOSNY\AppData\Local\Android\Sdk\platform-tools;C:\Users\AHMEDHOSNY\AppData\Local\Android\Sdk\emulator;C:\Users\AHMEDHOSNY\AppData\Roaming\npm\node_modules\@angular\cli\bin;C:\Users\AHMEDHOSNY\AppData\Roaming\npm;C:\Program Files\PostgreSQL\15\bin;C:\Moodle\server\php\php.exe;C:\Program Files\PuTTY\;C:\Program Files\Git\cmd;C:\Program Files\NVIDIA Corporation\NVIDIA NvDLISR;C:\Program Files\Docker\Docker\resources\bin;C:\Program Files\nodejs\;C:\Program Files\PowerShell\7\;C:\Users\AHMEDHOSNY\AppData\Local\Microsoft\WindowsApps;C:\Users\AHMEDHOSNY\AppData\Local\JetBrains\Toolbox\scripts;C:\Program Files (x86)\Minimal ADB and Fastboot;C:\Users\AHMEDHOSNY\AppData\Local\Programs\Microsoft VS Code\bin;D:\8-Programming\maven\bin;C:\Users\AHMEDHOSNY\AppData\Local\Android\Sdk\emulator;C:\Users\AHMEDHOSNY\AppData\Local\Android\Sdk\platform-tools;C:\Users\AHMEDHOSNY\AppData\Local\Android\Sdk\tools\bin;C:\Users\AHMEDHOSNY\AppData\Roaming\npm\node_modules\
USERNAME=AHMEDHOSNY
OS=Windows_NT
PROCESSOR_IDENTIFIER=Intel64 Family 6 Model 165 Stepping 2, GenuineIntel



---------------  S Y S T E M  ---------------

OS: Windows 11 , 64 bit Build 25905 (10.0.25905.1000)
Hyper-V role detected

CPU:total 12 (initial active 12) (6 cores per cpu, 2 threads per core) family 6 model 165 stepping 2 microcode 0xea, cmov, cx8, fxsr, mmx, sse, sse2, sse3, ssse3, sse4.1, sse4.2, popcnt, avx, avx2, aes, clmul, erms, 3dnowpref, lzcnt, ht, tsc, tscinvbit, bmi1, bmi2, adx, fma

Memory: 4k page, system-wide physical 16215M (626M free)
TotalPageFile size 28503M (AvailPageFile size 7M)
current process WorkingSet (physical memory assigned to process): 289M, peak: 294M
current process commit charge ("private bytes"): 461M, peak: 468M

vm_info: Java HotSpot(TM) 64-Bit Server VM (11.0.18+9-LTS-195) for windows-amd64 JRE (11.0.18+9-LTS-195), built on Dec  6 2022 15:50:58 by "mach5one" with MS VC++ 17.1 (VS2022)

END.
