#
# There is insufficient memory for the Java Runtime Environment to continue.
# Native memory allocation (malloc) failed to allocate 1730096 bytes for Chunk::new
# Possible reasons:
#   The system is out of physical RAM or swap space
#   The process is running with CompressedOops enabled, and the Java Heap may be blocking the growth of the native heap
# Possible solutions:
#   Reduce memory load on the system
#   Increase physical memory or swap space
#   Check if swap backing store is full
#   Decrease Java heap size (-Xmx/-Xms)
#   Decrease number of Java threads
#   Decrease Java thread stack sizes (-Xss)
#   Set larger code cache with -XX:ReservedCodeCacheSize=
#   JVM is running with Unscaled Compressed Oops mode in which the Java heap is
#     placed in the first 4GB address space. The Java Heap base address is the
#     maximum limit for the native heap growth. Please use -XX:HeapBaseMinAddress
#     to set the Java Heap base and to place the Java Heap above 4GB virtual address.
# This output file may be truncated or incomplete.
#
#  Out of Memory Error (arena.cpp:189), pid=25956, tid=2564
#
# JRE version: OpenJDK Runtime Environment JBR-17.0.7+10-829.16-jcef (17.0.7+10) (build 17.0.7+10-b829.16)
# Java VM: OpenJDK 64-Bit Server VM JBR-17.0.7+10-829.16-jcef (17.0.7+10-b829.16, mixed mode, tiered, compressed oops, compressed class ptrs, g1 gc, windows-amd64)
# No core dump will be written. Minidumps are not enabled by default on client versions of Windows
#

---------------  S U M M A R Y ------------

Command Line: -Dorg.gradle.internal.worker.tmpdir=D:\7-Learn\HyperSkill\Java\Anti-Fraud System\Anti-Fraud System\task\build\tmp\test\work -Dorg.gradle.native=false -Xmx512m -Dfile.encoding=utf-8 -Duser.country=US -Duser.language=en -Duser.variant -ea worker.org.gradle.process.internal.worker.GradleWorkerMain 'Gradle Test Executor 6'

Host: Intel(R) Core(TM) i7-10750H CPU @ 2.60GHz, 12 cores, 15G,  Windows 11 , 64 bit Build 25905 (10.0.25905.1000)
Time: Sun Jul 16 23:09:59 2023 Egypt Daylight Time elapsed time: 23.428385 seconds (0d 0h 0m 23s)

---------------  T H R E A D  ---------------

Current thread (0x000001d0aebfb580):  JavaThread "C2 CompilerThread1" daemon [_thread_in_native, id=2564, stack(0x00000091e2b00000,0x00000091e2c00000)]


Current CompileTask:
C2:  23428 8619       4       org.springframework.transaction.annotation.AnnotationTransactionAttributeSource::determineTransactionAttribute (51 bytes)

Stack: [0x00000091e2b00000,0x00000091e2c00000]
Native frames: (J=compiled Java code, j=interpreted, Vv=VM code, C=native code)
V  [jvm.dll+0x683cca]
V  [jvm.dll+0x8424b4]
V  [jvm.dll+0x843cae]
V  [jvm.dll+0x844313]
V  [jvm.dll+0x24ad2f]
V  [jvm.dll+0xac25c]
V  [jvm.dll+0xac82c]
V  [jvm.dll+0x36a132]
V  [jvm.dll+0x334821]
V  [jvm.dll+0x333cca]
V  [jvm.dll+0x21d251]
V  [jvm.dll+0x21c671]
V  [jvm.dll+0x1a605d]
V  [jvm.dll+0x22c148]
V  [jvm.dll+0x22a209]
V  [jvm.dll+0x7f863c]
V  [jvm.dll+0x7f2b9a]
V  [jvm.dll+0x682b05]
C  [ucrtbase.dll+0x609e1]
C  [KERNEL32.DLL+0x124d8]
C  [ntdll.dll+0x4091]


---------------  P R O C E S S  ---------------

Threads class SMR info:
_java_thread_list=0x000001d0b11dbd30, length=26, elements={
0x000001d08de3e410, 0x000001d0ab0585a0, 0x000001d0ab059060, 0x000001d0ab0a9990,
0x000001d0ab0ac360, 0x000001d0ab0acc20, 0x000001d0ab0af4f0, 0x000001d0ab0b0190,
0x000001d0ab0b0b40, 0x000001d0ab0b1440, 0x000001d0ab251cf0, 0x000001d0ab2521c0,
0x000001d0ab252690, 0x000001d0ab252b60, 0x000001d0ab251350, 0x000001d0aebfb580,
0x000001d0aebfced0, 0x000001d0ae969a50, 0x000001d0ae96e750, 0x000001d0ae96b260,
0x000001d0ae969f20, 0x000001d0ae968710, 0x000001d0ae968be0, 0x000001d0ae96bc00,
0x000001d0ae9690b0, 0x000001d0ae96a8c0
}

Java Threads: ( => current thread )
  0x000001d08de3e410 JavaThread "Test worker" [_thread_in_Java, id=26196, stack(0x00000091e1600000,0x00000091e1700000)]
  0x000001d0ab0585a0 JavaThread "Reference Handler" daemon [_thread_blocked, id=26556, stack(0x00000091e1d00000,0x00000091e1e00000)]
  0x000001d0ab059060 JavaThread "Finalizer" daemon [_thread_blocked, id=25728, stack(0x00000091e1e00000,0x00000091e1f00000)]
  0x000001d0ab0a9990 JavaThread "Signal Dispatcher" daemon [_thread_blocked, id=11612, stack(0x00000091e1f00000,0x00000091e2000000)]
  0x000001d0ab0ac360 JavaThread "Attach Listener" daemon [_thread_blocked, id=26048, stack(0x00000091e2000000,0x00000091e2100000)]
  0x000001d0ab0acc20 JavaThread "Service Thread" daemon [_thread_blocked, id=9376, stack(0x00000091e2100000,0x00000091e2200000)]
  0x000001d0ab0af4f0 JavaThread "Monitor Deflation Thread" daemon [_thread_blocked, id=11688, stack(0x00000091e2200000,0x00000091e2300000)]
  0x000001d0ab0b0190 JavaThread "C2 CompilerThread0" daemon [_thread_in_native, id=9568, stack(0x00000091e2300000,0x00000091e2400000)]
  0x000001d0ab0b0b40 JavaThread "C1 CompilerThread0" daemon [_thread_blocked, id=3304, stack(0x00000091e2400000,0x00000091e2500000)]
  0x000001d0ab0b1440 JavaThread "Sweeper thread" daemon [_thread_blocked, id=7216, stack(0x00000091e2500000,0x00000091e2600000)]
  0x000001d0ab251cf0 JavaThread "Notification Thread" daemon [_thread_blocked, id=25780, stack(0x00000091e2600000,0x00000091e2700000)]
  0x000001d0ab2521c0 JavaThread "Common-Cleaner" daemon [_thread_blocked, id=20936, stack(0x00000091e2800000,0x00000091e2900000)]
  0x000001d0ab252690 JavaThread "/127.0.0.1:28361 to /127.0.0.1:28360 workers" [_thread_blocked, id=24144, stack(0x00000091e2a00000,0x00000091e2b00000)]
  0x000001d0ab252b60 JavaThread "/127.0.0.1:28361 to /127.0.0.1:28360 workers Thread 2" [_thread_blocked, id=9144, stack(0x00000091e2c00000,0x00000091e2d00000)]
  0x000001d0ab251350 JavaThread "/127.0.0.1:28361 to /127.0.0.1:28360 workers Thread 3" [_thread_in_native, id=22628, stack(0x00000091e2d00000,0x00000091e2e00000)]
=>0x000001d0aebfb580 JavaThread "C2 CompilerThread1" daemon [_thread_in_native, id=2564, stack(0x00000091e2b00000,0x00000091e2c00000)]
  0x000001d0aebfced0 JavaThread "C2 CompilerThread2" daemon [_thread_in_native, id=4996, stack(0x00000091e3800000,0x00000091e3900000)]
  0x000001d0ae969a50 JavaThread "MVStore background writer D:/7-Learn/HyperSkill/Java/Anti-Fraud System/Anti-Fraud System/service_db.mv.db" daemon [_thread_blocked, id=6964, stack(0x00000091e3c00000,0x00000091e3d00000)]
  0x000001d0ae96e750 JavaThread "HikariPool-2 housekeeper" daemon [_thread_blocked, id=14848, stack(0x00000091e3d00000,0x00000091e3e00000)]
  0x000001d0ae96b260 JavaThread "Catalina-utility-1" [_thread_blocked, id=8948, stack(0x00000091e3e00000,0x00000091e3f00000)]
  0x000001d0ae969f20 JavaThread "Catalina-utility-2" [_thread_blocked, id=22204, stack(0x00000091e3f00000,0x00000091e4000000)]
  0x000001d0ae968710 JavaThread "container-0" [_thread_blocked, id=18360, stack(0x00000091e4000000,0x00000091e4100000)]
  0x000001d0ae968be0 JavaThread "HikariPool-2 connection adder" daemon [_thread_blocked, id=18248, stack(0x00000091e4100000,0x00000091e4200000)]
  0x000001d0ae96bc00 JavaThread "H2-serialization" daemon [_thread_blocked, id=5784, stack(0x00000091e4200000,0x00000091e4300000)]
  0x000001d0ae9690b0 JavaThread "H2-save" daemon [_thread_blocked, id=6332, stack(0x00000091e4300000,0x00000091e4400000)]
  0x000001d0ae96a8c0 JavaThread "http-nio-28852-exec-1" daemon [_thread_blocked, id=17096, stack(0x00000091e4400000,0x00000091e4500000)]

Other Threads:
  0x000001d0ab0547d0 VMThread "VM Thread" [stack: 0x00000091e1c00000,0x00000091e1d00000] [id=19836]
  0x000001d0900e60a0 WatcherThread [stack: 0x00000091e2700000,0x00000091e2800000] [id=2000]
  0x000001d0900cf950 GCTaskThread "GC Thread#0" [stack: 0x00000091e1700000,0x00000091e1800000] [id=23180]
  0x000001d0abef98a0 GCTaskThread "GC Thread#1" [stack: 0x00000091e2e00000,0x00000091e2f00000] [id=24728]
  0x000001d0ab32ac50 GCTaskThread "GC Thread#2" [stack: 0x00000091e2f00000,0x00000091e3000000] [id=18976]
  0x000001d0abfb4550 GCTaskThread "GC Thread#3" [stack: 0x00000091e3000000,0x00000091e3100000] [id=15740]
  0x000001d0abf82190 GCTaskThread "GC Thread#4" [stack: 0x00000091e3100000,0x00000091e3200000] [id=23800]
  0x000001d0abf82440 GCTaskThread "GC Thread#5" [stack: 0x00000091e3200000,0x00000091e3300000] [id=2052]
  0x000001d0abda0b60 GCTaskThread "GC Thread#6" [stack: 0x00000091e3300000,0x00000091e3400000] [id=17876]
  0x000001d0abd6a410 GCTaskThread "GC Thread#7" [stack: 0x00000091e3400000,0x00000091e3500000] [id=18780]
  0x000001d0abd59070 GCTaskThread "GC Thread#8" [stack: 0x00000091e3500000,0x00000091e3600000] [id=344]
  0x000001d0ad4bd450 GCTaskThread "GC Thread#9" [stack: 0x00000091e3900000,0x00000091e3a00000] [id=19464]
  0x000001d0900d2780 ConcurrentGCThread "G1 Main Marker" [stack: 0x00000091e1800000,0x00000091e1900000] [id=18960]
  0x000001d0900d3d70 ConcurrentGCThread "G1 Conc#0" [stack: 0x00000091e1900000,0x00000091e1a00000] [id=22512]
  0x000001d0ad4bbed0 ConcurrentGCThread "G1 Conc#1" [stack: 0x00000091e3a00000,0x00000091e3b00000] [id=25856]
  0x000001d0ad4bd700 ConcurrentGCThread "G1 Conc#2" [stack: 0x00000091e3b00000,0x00000091e3c00000] [id=14680]
  0x000001d09013d5a0 ConcurrentGCThread "G1 Refine#0" [stack: 0x00000091e1a00000,0x00000091e1b00000] [id=21816]
  0x000001d0ac148140 ConcurrentGCThread "G1 Refine#1" [stack: 0x00000091e3600000,0x00000091e3700000] [id=23140]
  0x000001d0ac148420 ConcurrentGCThread "G1 Refine#2" [stack: 0x00000091e3700000,0x00000091e3800000] [id=25492]
  0x000001d09013dd70 ConcurrentGCThread "G1 Service" [stack: 0x00000091e1b00000,0x00000091e1c00000] [id=17768]

Threads with active compile tasks:
C2 CompilerThread0    25465 8621       4       org.springframework.core.annotation.AnnotatedElementUtils::getAnnotationAttributes (23 bytes)
C2 CompilerThread1    25465 8619       4       org.springframework.transaction.annotation.AnnotationTransactionAttributeSource::determineTransactionAttribute (51 bytes)
C2 CompilerThread2    25465 9009   !   4       org.springframework.core.annotation.AnnotationsScanner::processMethodHierarchy (276 bytes)

VM state: not at safepoint (normal execution)

VM Mutex/Monitor currently owned by a thread: None

Heap address: 0x00000000e0000000, size: 512 MB, Compressed Oops mode: 32-bit

CDS archive(s) not mapped
Compressed class space mapped at: 0x0000000100000000-0x0000000140000000, reserved size: 1073741824
Narrow klass base: 0x0000000000000000, Narrow klass shift: 3, Narrow klass range: 0x140000000

GC Precious Log:
 CPUs: 12 total, 12 available
 Memory: 16215M
 Large Page Support: Disabled
 NUMA Support: Disabled
 Compressed Oops: Enabled (32-bit)
 Heap Region Size: 1M
 Heap Min Capacity: 8M
 Heap Initial Capacity: 254M
 Heap Max Capacity: 512M
 Pre-touch: Disabled
 Parallel Workers: 10
 Concurrent Workers: 3
 Concurrent Refinement Workers: 10
 Periodic GC: Disabled

Heap:
 garbage-first heap   total 251904K, used 60153K [0x00000000e0000000, 0x0000000100000000)
  region size 1024K, 11 young (11264K), 2 survivors (2048K)
 Metaspace       used 102963K, committed 103616K, reserved 1179648K
  class space    used 13767K, committed 14080K, reserved 1048576K

Heap Regions: E=young(eden), S=young(survivor), O=old, HS=humongous(starts), HC=humongous(continues), CS=collection set, F=free, OA=open archive, CA=closed archive, TAMS=top-at-mark-start (previous, next)
|   0|0x00000000e0000000, 0x00000000e0100000, 0x00000000e0100000|100%|HS|  |TAMS 0x00000000e0100000, 0x00000000e0000000| Complete 
|   1|0x00000000e0100000, 0x00000000e0200000, 0x00000000e0200000|100%| O|  |TAMS 0x00000000e0200000, 0x00000000e0100000| Untracked 
|   2|0x00000000e0200000, 0x00000000e0300000, 0x00000000e0300000|100%| O|  |TAMS 0x00000000e0300000, 0x00000000e0200000| Untracked 
|   3|0x00000000e0300000, 0x00000000e0400000, 0x00000000e0400000|100%| O|  |TAMS 0x00000000e0400000, 0x00000000e0300000| Untracked 
|   4|0x00000000e0400000, 0x00000000e0500000, 0x00000000e0500000|100%| O|  |TAMS 0x00000000e0500000, 0x00000000e0400000| Untracked 
|   5|0x00000000e0500000, 0x00000000e0600000, 0x00000000e0600000|100%| O|  |TAMS 0x00000000e0600000, 0x00000000e0500000| Untracked 
|   6|0x00000000e0600000, 0x00000000e0700000, 0x00000000e0700000|100%| O|  |TAMS 0x00000000e0700000, 0x00000000e0600000| Untracked 
|   7|0x00000000e0700000, 0x00000000e0800000, 0x00000000e0800000|100%| O|  |TAMS 0x00000000e0800000, 0x00000000e0700000| Untracked 
|   8|0x00000000e0800000, 0x00000000e0900000, 0x00000000e0900000|100%| O|  |TAMS 0x00000000e0900000, 0x00000000e0800000| Untracked 
|   9|0x00000000e0900000, 0x00000000e09e1e00, 0x00000000e0a00000| 88%| O|  |TAMS 0x00000000e09e1e00, 0x00000000e0900000| Untracked 
|  10|0x00000000e0a00000, 0x00000000e0b00000, 0x00000000e0b00000|100%| O|  |TAMS 0x00000000e0b00000, 0x00000000e0a00000| Untracked 
|  11|0x00000000e0b00000, 0x00000000e0c00000, 0x00000000e0c00000|100%| O|  |TAMS 0x00000000e0c00000, 0x00000000e0b00000| Untracked 
|  12|0x00000000e0c00000, 0x00000000e0d00000, 0x00000000e0d00000|100%| O|  |TAMS 0x00000000e0d00000, 0x00000000e0c00000| Untracked 
|  13|0x00000000e0d00000, 0x00000000e0e00000, 0x00000000e0e00000|100%| O|  |TAMS 0x00000000e0e00000, 0x00000000e0d00000| Untracked 
|  14|0x00000000e0e00000, 0x00000000e0f00000, 0x00000000e0f00000|100%| O|  |TAMS 0x00000000e0f00000, 0x00000000e0e00000| Untracked 
|  15|0x00000000e0f00000, 0x00000000e1000000, 0x00000000e1000000|100%| O|  |TAMS 0x00000000e1000000, 0x00000000e0f00000| Untracked 
|  16|0x00000000e1000000, 0x00000000e1100000, 0x00000000e1100000|100%| O|  |TAMS 0x00000000e1100000, 0x00000000e1000000| Untracked 
|  17|0x00000000e1100000, 0x00000000e1200000, 0x00000000e1200000|100%| O|  |TAMS 0x00000000e1200000, 0x00000000e1100000| Untracked 
|  18|0x00000000e1200000, 0x00000000e1300000, 0x00000000e1300000|100%| O|  |TAMS 0x00000000e1300000, 0x00000000e1200000| Untracked 
|  19|0x00000000e1300000, 0x00000000e1400000, 0x00000000e1400000|100%| O|  |TAMS 0x00000000e1400000, 0x00000000e1300000| Untracked 
|  20|0x00000000e1400000, 0x00000000e1500000, 0x00000000e1500000|100%| O|  |TAMS 0x00000000e1500000, 0x00000000e1400000| Untracked 
|  21|0x00000000e1500000, 0x00000000e1600000, 0x00000000e1600000|100%| O|  |TAMS 0x00000000e1500000, 0x00000000e1500000| Untracked 
|  22|0x00000000e1600000, 0x00000000e1700000, 0x00000000e1700000|100%| O|  |TAMS 0x00000000e1600000, 0x00000000e1600000| Untracked 
|  23|0x00000000e1700000, 0x00000000e1800000, 0x00000000e1800000|100%| O|  |TAMS 0x00000000e1800000, 0x00000000e1700000| Untracked 
|  24|0x00000000e1800000, 0x00000000e1900000, 0x00000000e1900000|100%| O|  |TAMS 0x00000000e1900000, 0x00000000e1800000| Untracked 
|  25|0x00000000e1900000, 0x00000000e1a00000, 0x00000000e1a00000|100%| O|  |TAMS 0x00000000e1a00000, 0x00000000e1900000| Untracked 
|  26|0x00000000e1a00000, 0x00000000e1b00000, 0x00000000e1b00000|100%| O|  |TAMS 0x00000000e1b00000, 0x00000000e1a00000| Untracked 
|  27|0x00000000e1b00000, 0x00000000e1c00000, 0x00000000e1c00000|100%| O|  |TAMS 0x00000000e1b00000, 0x00000000e1b00000| Untracked 
|  28|0x00000000e1c00000, 0x00000000e1d00000, 0x00000000e1d00000|100%| O|  |TAMS 0x00000000e1d00000, 0x00000000e1c00000| Untracked 
|  29|0x00000000e1d00000, 0x00000000e1e00000, 0x00000000e1e00000|100%| O|  |TAMS 0x00000000e1e00000, 0x00000000e1d00000| Untracked 
|  30|0x00000000e1e00000, 0x00000000e1f00000, 0x00000000e1f00000|100%| O|  |TAMS 0x00000000e1f00000, 0x00000000e1e00000| Untracked 
|  31|0x00000000e1f00000, 0x00000000e2000000, 0x00000000e2000000|100%| O|  |TAMS 0x00000000e2000000, 0x00000000e1f00000| Untracked 
|  32|0x00000000e2000000, 0x00000000e2100000, 0x00000000e2100000|100%| O|  |TAMS 0x00000000e2100000, 0x00000000e2000000| Untracked 
|  33|0x00000000e2100000, 0x00000000e2200000, 0x00000000e2200000|100%| O|  |TAMS 0x00000000e2100000, 0x00000000e2100000| Untracked 
|  34|0x00000000e2200000, 0x00000000e2300000, 0x00000000e2300000|100%| O|  |TAMS 0x00000000e2300000, 0x00000000e2200000| Untracked 
|  35|0x00000000e2300000, 0x00000000e2400000, 0x00000000e2400000|100%| O|  |TAMS 0x00000000e2400000, 0x00000000e2300000| Untracked 
|  36|0x00000000e2400000, 0x00000000e2500000, 0x00000000e2500000|100%| O|  |TAMS 0x00000000e2500000, 0x00000000e2400000| Untracked 
|  37|0x00000000e2500000, 0x00000000e2600000, 0x00000000e2600000|100%| O|  |TAMS 0x00000000e2600000, 0x00000000e2500000| Untracked 
|  38|0x00000000e2600000, 0x00000000e2700000, 0x00000000e2700000|100%| O|  |TAMS 0x00000000e2700000, 0x00000000e2600000| Untracked 
|  39|0x00000000e2700000, 0x00000000e2800000, 0x00000000e2800000|100%| O|  |TAMS 0x00000000e2800000, 0x00000000e2700000| Untracked 
|  40|0x00000000e2800000, 0x00000000e2900000, 0x00000000e2900000|100%| O|  |TAMS 0x00000000e2900000, 0x00000000e2800000| Untracked 
|  41|0x00000000e2900000, 0x00000000e2a00000, 0x00000000e2a00000|100%| O|  |TAMS 0x00000000e2a00000, 0x00000000e2900000| Untracked 
|  42|0x00000000e2a00000, 0x00000000e2b00000, 0x00000000e2b00000|100%| O|  |TAMS 0x00000000e2b00000, 0x00000000e2a00000| Untracked 
|  43|0x00000000e2b00000, 0x00000000e2c00000, 0x00000000e2c00000|100%| O|  |TAMS 0x00000000e2c00000, 0x00000000e2b00000| Untracked 
|  44|0x00000000e2c00000, 0x00000000e2d00000, 0x00000000e2d00000|100%| O|  |TAMS 0x00000000e2d00000, 0x00000000e2c00000| Untracked 
|  45|0x00000000e2d00000, 0x00000000e2e00000, 0x00000000e2e00000|100%| O|  |TAMS 0x00000000e2e00000, 0x00000000e2d00000| Untracked 
|  46|0x00000000e2e00000, 0x00000000e2eaea00, 0x00000000e2f00000| 68%| O|  |TAMS 0x00000000e2e00000, 0x00000000e2e00000| Untracked 
|  47|0x00000000e2f00000, 0x00000000e3000000, 0x00000000e3000000|100%| O|  |TAMS 0x00000000e2f42600, 0x00000000e2f00000| Untracked 
|  48|0x00000000e3000000, 0x00000000e3100000, 0x00000000e3100000|100%|HS|  |TAMS 0x00000000e3000000, 0x00000000e3000000| Complete 
|  49|0x00000000e3100000, 0x00000000e3200000, 0x00000000e3200000|100%|HC|  |TAMS 0x00000000e3100000, 0x00000000e3100000| Complete 
|  50|0x00000000e3200000, 0x00000000e3200000, 0x00000000e3300000|  0%| F|  |TAMS 0x00000000e3200000, 0x00000000e3200000| Untracked 
|  51|0x00000000e3300000, 0x00000000e3300000, 0x00000000e3400000|  0%| F|  |TAMS 0x00000000e3300000, 0x00000000e3300000| Untracked 
|  52|0x00000000e3400000, 0x00000000e3400000, 0x00000000e3500000|  0%| F|  |TAMS 0x00000000e3400000, 0x00000000e3400000| Untracked 
|  53|0x00000000e3500000, 0x00000000e3500000, 0x00000000e3600000|  0%| F|  |TAMS 0x00000000e3500000, 0x00000000e3500000| Untracked 
|  54|0x00000000e3600000, 0x00000000e3600000, 0x00000000e3700000|  0%| F|  |TAMS 0x00000000e3600000, 0x00000000e3600000| Untracked 
|  55|0x00000000e3700000, 0x00000000e3700000, 0x00000000e3800000|  0%| F|  |TAMS 0x00000000e3700000, 0x00000000e3700000| Untracked 
|  56|0x00000000e3800000, 0x00000000e3800000, 0x00000000e3900000|  0%| F|  |TAMS 0x00000000e3800000, 0x00000000e3800000| Untracked 
|  57|0x00000000e3900000, 0x00000000e3900000, 0x00000000e3a00000|  0%| F|  |TAMS 0x00000000e3900000, 0x00000000e3900000| Untracked 
|  58|0x00000000e3a00000, 0x00000000e3a00000, 0x00000000e3b00000|  0%| F|  |TAMS 0x00000000e3a00000, 0x00000000e3a00000| Untracked 
|  59|0x00000000e3b00000, 0x00000000e3b00000, 0x00000000e3c00000|  0%| F|  |TAMS 0x00000000e3b00000, 0x00000000e3b00000| Untracked 
|  60|0x00000000e3c00000, 0x00000000e3c00000, 0x00000000e3d00000|  0%| F|  |TAMS 0x00000000e3c00000, 0x00000000e3c00000| Untracked 
|  61|0x00000000e3d00000, 0x00000000e3d00000, 0x00000000e3e00000|  0%| F|  |TAMS 0x00000000e3d00000, 0x00000000e3d00000| Untracked 
|  62|0x00000000e3e00000, 0x00000000e3e00000, 0x00000000e3f00000|  0%| F|  |TAMS 0x00000000e3e00000, 0x00000000e3e00000| Untracked 
|  63|0x00000000e3f00000, 0x00000000e3f00000, 0x00000000e4000000|  0%| F|  |TAMS 0x00000000e3f00000, 0x00000000e3f00000| Untracked 
|  64|0x00000000e4000000, 0x00000000e4000000, 0x00000000e4100000|  0%| F|  |TAMS 0x00000000e4000000, 0x00000000e4000000| Untracked 
|  65|0x00000000e4100000, 0x00000000e4100000, 0x00000000e4200000|  0%| F|  |TAMS 0x00000000e4100000, 0x00000000e4100000| Untracked 
|  66|0x00000000e4200000, 0x00000000e4200000, 0x00000000e4300000|  0%| F|  |TAMS 0x00000000e4200000, 0x00000000e4200000| Untracked 
|  67|0x00000000e4300000, 0x00000000e4300000, 0x00000000e4400000|  0%| F|  |TAMS 0x00000000e4300000, 0x00000000e4300000| Untracked 
|  68|0x00000000e4400000, 0x00000000e4400000, 0x00000000e4500000|  0%| F|  |TAMS 0x00000000e4400000, 0x00000000e4400000| Untracked 
|  69|0x00000000e4500000, 0x00000000e4500000, 0x00000000e4600000|  0%| F|  |TAMS 0x00000000e4500000, 0x00000000e4500000| Untracked 
|  70|0x00000000e4600000, 0x00000000e4600000, 0x00000000e4700000|  0%| F|  |TAMS 0x00000000e4600000, 0x00000000e4600000| Untracked 
|  71|0x00000000e4700000, 0x00000000e4700000, 0x00000000e4800000|  0%| F|  |TAMS 0x00000000e4700000, 0x00000000e4700000| Untracked 
|  72|0x00000000e4800000, 0x00000000e4800000, 0x00000000e4900000|  0%| F|  |TAMS 0x00000000e4800000, 0x00000000e4800000| Untracked 
|  73|0x00000000e4900000, 0x00000000e4900000, 0x00000000e4a00000|  0%| F|  |TAMS 0x00000000e4900000, 0x00000000e4900000| Untracked 
|  74|0x00000000e4a00000, 0x00000000e4a00000, 0x00000000e4b00000|  0%| F|  |TAMS 0x00000000e4a00000, 0x00000000e4a00000| Untracked 
|  75|0x00000000e4b00000, 0x00000000e4b00000, 0x00000000e4c00000|  0%| F|  |TAMS 0x00000000e4b00000, 0x00000000e4b00000| Untracked 
|  76|0x00000000e4c00000, 0x00000000e4c00000, 0x00000000e4d00000|  0%| F|  |TAMS 0x00000000e4c00000, 0x00000000e4c00000| Untracked 
|  77|0x00000000e4d00000, 0x00000000e4d00000, 0x00000000e4e00000|  0%| F|  |TAMS 0x00000000e4d00000, 0x00000000e4d00000| Untracked 
|  78|0x00000000e4e00000, 0x00000000e4e00000, 0x00000000e4f00000|  0%| F|  |TAMS 0x00000000e4e00000, 0x00000000e4e00000| Untracked 
|  79|0x00000000e4f00000, 0x00000000e4f00000, 0x00000000e5000000|  0%| F|  |TAMS 0x00000000e4f00000, 0x00000000e4f00000| Untracked 
|  80|0x00000000e5000000, 0x00000000e5000000, 0x00000000e5100000|  0%| F|  |TAMS 0x00000000e5000000, 0x00000000e5000000| Untracked 
|  81|0x00000000e5100000, 0x00000000e5100000, 0x00000000e5200000|  0%| F|  |TAMS 0x00000000e5100000, 0x00000000e5100000| Untracked 
|  82|0x00000000e5200000, 0x00000000e5200000, 0x00000000e5300000|  0%| F|  |TAMS 0x00000000e5200000, 0x00000000e5200000| Untracked 
|  83|0x00000000e5300000, 0x00000000e5300000, 0x00000000e5400000|  0%| F|  |TAMS 0x00000000e5300000, 0x00000000e5300000| Untracked 
|  84|0x00000000e5400000, 0x00000000e5400000, 0x00000000e5500000|  0%| F|  |TAMS 0x00000000e5400000, 0x00000000e5400000| Untracked 
|  85|0x00000000e5500000, 0x00000000e5500000, 0x00000000e5600000|  0%| F|  |TAMS 0x00000000e5500000, 0x00000000e5500000| Untracked 
|  86|0x00000000e5600000, 0x00000000e5600000, 0x00000000e5700000|  0%| F|  |TAMS 0x00000000e5600000, 0x00000000e5600000| Untracked 
|  87|0x00000000e5700000, 0x00000000e5700000, 0x00000000e5800000|  0%| F|  |TAMS 0x00000000e5700000, 0x00000000e5700000| Untracked 
|  88|0x00000000e5800000, 0x00000000e5800000, 0x00000000e5900000|  0%| F|  |TAMS 0x00000000e5800000, 0x00000000e5800000| Untracked 
|  89|0x00000000e5900000, 0x00000000e5900000, 0x00000000e5a00000|  0%| F|  |TAMS 0x00000000e5900000, 0x00000000e5900000| Untracked 
|  90|0x00000000e5a00000, 0x00000000e5a00000, 0x00000000e5b00000|  0%| F|  |TAMS 0x00000000e5a00000, 0x00000000e5a00000| Untracked 
|  91|0x00000000e5b00000, 0x00000000e5b00000, 0x00000000e5c00000|  0%| F|  |TAMS 0x00000000e5b00000, 0x00000000e5b00000| Untracked 
|  92|0x00000000e5c00000, 0x00000000e5c00000, 0x00000000e5d00000|  0%| F|  |TAMS 0x00000000e5c00000, 0x00000000e5c00000| Untracked 
|  93|0x00000000e5d00000, 0x00000000e5d00000, 0x00000000e5e00000|  0%| F|  |TAMS 0x00000000e5d00000, 0x00000000e5d00000| Untracked 
|  94|0x00000000e5e00000, 0x00000000e5e00000, 0x00000000e5f00000|  0%| F|  |TAMS 0x00000000e5e00000, 0x00000000e5e00000| Untracked 
|  95|0x00000000e5f00000, 0x00000000e5f00000, 0x00000000e6000000|  0%| F|  |TAMS 0x00000000e5f00000, 0x00000000e5f00000| Untracked 
|  96|0x00000000e6000000, 0x00000000e6000000, 0x00000000e6100000|  0%| F|  |TAMS 0x00000000e6000000, 0x00000000e6000000| Untracked 
|  97|0x00000000e6100000, 0x00000000e6100000, 0x00000000e6200000|  0%| F|  |TAMS 0x00000000e6100000, 0x00000000e6100000| Untracked 
|  98|0x00000000e6200000, 0x00000000e6200000, 0x00000000e6300000|  0%| F|  |TAMS 0x00000000e6200000, 0x00000000e6200000| Untracked 
|  99|0x00000000e6300000, 0x00000000e6300000, 0x00000000e6400000|  0%| F|  |TAMS 0x00000000e6300000, 0x00000000e6300000| Untracked 
| 100|0x00000000e6400000, 0x00000000e6400000, 0x00000000e6500000|  0%| F|  |TAMS 0x00000000e6400000, 0x00000000e6400000| Untracked 
| 101|0x00000000e6500000, 0x00000000e6500000, 0x00000000e6600000|  0%| F|  |TAMS 0x00000000e6500000, 0x00000000e6500000| Untracked 
| 102|0x00000000e6600000, 0x00000000e6600000, 0x00000000e6700000|  0%| F|  |TAMS 0x00000000e6600000, 0x00000000e6600000| Untracked 
| 103|0x00000000e6700000, 0x00000000e6700000, 0x00000000e6800000|  0%| F|  |TAMS 0x00000000e6700000, 0x00000000e6700000| Untracked 
| 104|0x00000000e6800000, 0x00000000e6800000, 0x00000000e6900000|  0%| F|  |TAMS 0x00000000e6800000, 0x00000000e6800000| Untracked 
| 105|0x00000000e6900000, 0x00000000e6900000, 0x00000000e6a00000|  0%| F|  |TAMS 0x00000000e6900000, 0x00000000e6900000| Untracked 
| 106|0x00000000e6a00000, 0x00000000e6a00000, 0x00000000e6b00000|  0%| F|  |TAMS 0x00000000e6a00000, 0x00000000e6a00000| Untracked 
| 107|0x00000000e6b00000, 0x00000000e6b00000, 0x00000000e6c00000|  0%| F|  |TAMS 0x00000000e6b00000, 0x00000000e6b00000| Untracked 
| 108|0x00000000e6c00000, 0x00000000e6c00000, 0x00000000e6d00000|  0%| F|  |TAMS 0x00000000e6c00000, 0x00000000e6c00000| Untracked 
| 109|0x00000000e6d00000, 0x00000000e6d00000, 0x00000000e6e00000|  0%| F|  |TAMS 0x00000000e6d00000, 0x00000000e6d00000| Untracked 
| 110|0x00000000e6e00000, 0x00000000e6e00000, 0x00000000e6f00000|  0%| F|  |TAMS 0x00000000e6e00000, 0x00000000e6e00000| Untracked 
| 111|0x00000000e6f00000, 0x00000000e6f00000, 0x00000000e7000000|  0%| F|  |TAMS 0x00000000e6f00000, 0x00000000e6f00000| Untracked 
| 112|0x00000000e7000000, 0x00000000e7000000, 0x00000000e7100000|  0%| F|  |TAMS 0x00000000e7000000, 0x00000000e7000000| Untracked 
| 113|0x00000000e7100000, 0x00000000e7100000, 0x00000000e7200000|  0%| F|  |TAMS 0x00000000e7100000, 0x00000000e7100000| Untracked 
| 114|0x00000000e7200000, 0x00000000e7200000, 0x00000000e7300000|  0%| F|  |TAMS 0x00000000e7200000, 0x00000000e7200000| Untracked 
| 115|0x00000000e7300000, 0x00000000e7300000, 0x00000000e7400000|  0%| F|  |TAMS 0x00000000e7300000, 0x00000000e7300000| Untracked 
| 116|0x00000000e7400000, 0x00000000e7400000, 0x00000000e7500000|  0%| F|  |TAMS 0x00000000e7400000, 0x00000000e7400000| Untracked 
| 117|0x00000000e7500000, 0x00000000e7500000, 0x00000000e7600000|  0%| F|  |TAMS 0x00000000e7500000, 0x00000000e7500000| Untracked 
| 118|0x00000000e7600000, 0x00000000e7600000, 0x00000000e7700000|  0%| F|  |TAMS 0x00000000e7600000, 0x00000000e7600000| Untracked 
| 119|0x00000000e7700000, 0x00000000e7700000, 0x00000000e7800000|  0%| F|  |TAMS 0x00000000e7700000, 0x00000000e7700000| Untracked 
| 120|0x00000000e7800000, 0x00000000e7800000, 0x00000000e7900000|  0%| F|  |TAMS 0x00000000e7800000, 0x00000000e7800000| Untracked 
| 121|0x00000000e7900000, 0x00000000e7900000, 0x00000000e7a00000|  0%| F|  |TAMS 0x00000000e7900000, 0x00000000e7900000| Untracked 
| 122|0x00000000e7a00000, 0x00000000e7a00000, 0x00000000e7b00000|  0%| F|  |TAMS 0x00000000e7a00000, 0x00000000e7a00000| Untracked 
| 123|0x00000000e7b00000, 0x00000000e7b00000, 0x00000000e7c00000|  0%| F|  |TAMS 0x00000000e7b00000, 0x00000000e7b00000| Untracked 
| 124|0x00000000e7c00000, 0x00000000e7c00000, 0x00000000e7d00000|  0%| F|  |TAMS 0x00000000e7c00000, 0x00000000e7c00000| Untracked 
| 125|0x00000000e7d00000, 0x00000000e7d00000, 0x00000000e7e00000|  0%| F|  |TAMS 0x00000000e7d00000, 0x00000000e7d00000| Untracked 
| 126|0x00000000e7e00000, 0x00000000e7e00000, 0x00000000e7f00000|  0%| F|  |TAMS 0x00000000e7e00000, 0x00000000e7e00000| Untracked 
| 127|0x00000000e7f00000, 0x00000000e7f00000, 0x00000000e8000000|  0%| F|  |TAMS 0x00000000e7f00000, 0x00000000e7f00000| Untracked 
| 128|0x00000000e8000000, 0x00000000e8000000, 0x00000000e8100000|  0%| F|  |TAMS 0x00000000e8000000, 0x00000000e8000000| Untracked 
| 129|0x00000000e8100000, 0x00000000e8100000, 0x00000000e8200000|  0%| F|  |TAMS 0x00000000e8100000, 0x00000000e8100000| Untracked 
| 130|0x00000000e8200000, 0x00000000e8200000, 0x00000000e8300000|  0%| F|  |TAMS 0x00000000e8200000, 0x00000000e8200000| Untracked 
| 131|0x00000000e8300000, 0x00000000e8300000, 0x00000000e8400000|  0%| F|  |TAMS 0x00000000e8300000, 0x00000000e8300000| Untracked 
| 132|0x00000000e8400000, 0x00000000e8400000, 0x00000000e8500000|  0%| F|  |TAMS 0x00000000e8400000, 0x00000000e8400000| Untracked 
| 133|0x00000000e8500000, 0x00000000e8500000, 0x00000000e8600000|  0%| F|  |TAMS 0x00000000e8500000, 0x00000000e8500000| Untracked 
| 134|0x00000000e8600000, 0x00000000e8600000, 0x00000000e8700000|  0%| F|  |TAMS 0x00000000e8600000, 0x00000000e8600000| Untracked 
| 135|0x00000000e8700000, 0x00000000e8700000, 0x00000000e8800000|  0%| F|  |TAMS 0x00000000e8700000, 0x00000000e8700000| Untracked 
| 136|0x00000000e8800000, 0x00000000e8800000, 0x00000000e8900000|  0%| F|  |TAMS 0x00000000e8800000, 0x00000000e8800000| Untracked 
| 137|0x00000000e8900000, 0x00000000e8900000, 0x00000000e8a00000|  0%| F|  |TAMS 0x00000000e8900000, 0x00000000e8900000| Untracked 
| 138|0x00000000e8a00000, 0x00000000e8a00000, 0x00000000e8b00000|  0%| F|  |TAMS 0x00000000e8a00000, 0x00000000e8a00000| Untracked 
| 139|0x00000000e8b00000, 0x00000000e8b00000, 0x00000000e8c00000|  0%| F|  |TAMS 0x00000000e8b00000, 0x00000000e8b00000| Untracked 
| 140|0x00000000e8c00000, 0x00000000e8c00000, 0x00000000e8d00000|  0%| F|  |TAMS 0x00000000e8c00000, 0x00000000e8c00000| Untracked 
| 141|0x00000000e8d00000, 0x00000000e8d00000, 0x00000000e8e00000|  0%| F|  |TAMS 0x00000000e8d00000, 0x00000000e8d00000| Untracked 
| 142|0x00000000e8e00000, 0x00000000e8e00000, 0x00000000e8f00000|  0%| F|  |TAMS 0x00000000e8e00000, 0x00000000e8e00000| Untracked 
| 143|0x00000000e8f00000, 0x00000000e8f00000, 0x00000000e9000000|  0%| F|  |TAMS 0x00000000e8f00000, 0x00000000e8f00000| Untracked 
| 144|0x00000000e9000000, 0x00000000e9000000, 0x00000000e9100000|  0%| F|  |TAMS 0x00000000e9000000, 0x00000000e9000000| Untracked 
| 145|0x00000000e9100000, 0x00000000e9100000, 0x00000000e9200000|  0%| F|  |TAMS 0x00000000e9100000, 0x00000000e9100000| Untracked 
| 146|0x00000000e9200000, 0x00000000e9200000, 0x00000000e9300000|  0%| F|  |TAMS 0x00000000e9200000, 0x00000000e9200000| Untracked 
| 147|0x00000000e9300000, 0x00000000e9300000, 0x00000000e9400000|  0%| F|  |TAMS 0x00000000e9300000, 0x00000000e9300000| Untracked 
| 148|0x00000000e9400000, 0x00000000e9400000, 0x00000000e9500000|  0%| F|  |TAMS 0x00000000e9400000, 0x00000000e9400000| Untracked 
| 149|0x00000000e9500000, 0x00000000e9500000, 0x00000000e9600000|  0%| F|  |TAMS 0x00000000e9500000, 0x00000000e9500000| Untracked 
| 150|0x00000000e9600000, 0x00000000e9600000, 0x00000000e9700000|  0%| F|  |TAMS 0x00000000e9600000, 0x00000000e9600000| Untracked 
| 151|0x00000000e9700000, 0x00000000e9700000, 0x00000000e9800000|  0%| F|  |TAMS 0x00000000e9700000, 0x00000000e9700000| Untracked 
| 152|0x00000000e9800000, 0x00000000e9800000, 0x00000000e9900000|  0%| F|  |TAMS 0x00000000e9800000, 0x00000000e9800000| Untracked 
| 153|0x00000000e9900000, 0x00000000e9900000, 0x00000000e9a00000|  0%| F|  |TAMS 0x00000000e9900000, 0x00000000e9900000| Untracked 
| 154|0x00000000e9a00000, 0x00000000e9a00000, 0x00000000e9b00000|  0%| F|  |TAMS 0x00000000e9a00000, 0x00000000e9a00000| Untracked 
| 155|0x00000000e9b00000, 0x00000000e9b00000, 0x00000000e9c00000|  0%| F|  |TAMS 0x00000000e9b00000, 0x00000000e9b00000| Untracked 
| 156|0x00000000e9c00000, 0x00000000e9c00000, 0x00000000e9d00000|  0%| F|  |TAMS 0x00000000e9c00000, 0x00000000e9c00000| Untracked 
| 157|0x00000000e9d00000, 0x00000000e9d00000, 0x00000000e9e00000|  0%| F|  |TAMS 0x00000000e9d00000, 0x00000000e9d00000| Untracked 
| 158|0x00000000e9e00000, 0x00000000e9e00000, 0x00000000e9f00000|  0%| F|  |TAMS 0x00000000e9e00000, 0x00000000e9e00000| Untracked 
| 159|0x00000000e9f00000, 0x00000000e9f00000, 0x00000000ea000000|  0%| F|  |TAMS 0x00000000e9f00000, 0x00000000e9f00000| Untracked 
| 160|0x00000000ea000000, 0x00000000ea000000, 0x00000000ea100000|  0%| F|  |TAMS 0x00000000ea000000, 0x00000000ea000000| Untracked 
| 161|0x00000000ea100000, 0x00000000ea100000, 0x00000000ea200000|  0%| F|  |TAMS 0x00000000ea100000, 0x00000000ea100000| Untracked 
| 162|0x00000000ea200000, 0x00000000ea200000, 0x00000000ea300000|  0%| F|  |TAMS 0x00000000ea200000, 0x00000000ea200000| Untracked 
| 163|0x00000000ea300000, 0x00000000ea300000, 0x00000000ea400000|  0%| F|  |TAMS 0x00000000ea300000, 0x00000000ea300000| Untracked 
| 164|0x00000000ea400000, 0x00000000ea400000, 0x00000000ea500000|  0%| F|  |TAMS 0x00000000ea400000, 0x00000000ea400000| Untracked 
| 165|0x00000000ea500000, 0x00000000ea500000, 0x00000000ea600000|  0%| F|  |TAMS 0x00000000ea500000, 0x00000000ea500000| Untracked 
| 166|0x00000000ea600000, 0x00000000ea600000, 0x00000000ea700000|  0%| F|  |TAMS 0x00000000ea600000, 0x00000000ea600000| Untracked 
| 167|0x00000000ea700000, 0x00000000ea700000, 0x00000000ea800000|  0%| F|  |TAMS 0x00000000ea700000, 0x00000000ea700000| Untracked 
| 168|0x00000000ea800000, 0x00000000ea800000, 0x00000000ea900000|  0%| F|  |TAMS 0x00000000ea800000, 0x00000000ea800000| Untracked 
| 169|0x00000000ea900000, 0x00000000ea900000, 0x00000000eaa00000|  0%| F|  |TAMS 0x00000000ea900000, 0x00000000ea900000| Untracked 
| 170|0x00000000eaa00000, 0x00000000eaa00000, 0x00000000eab00000|  0%| F|  |TAMS 0x00000000eaa00000, 0x00000000eaa00000| Untracked 
| 171|0x00000000eab00000, 0x00000000eab00000, 0x00000000eac00000|  0%| F|  |TAMS 0x00000000eab00000, 0x00000000eab00000| Untracked 
| 172|0x00000000eac00000, 0x00000000eac00000, 0x00000000ead00000|  0%| F|  |TAMS 0x00000000eac00000, 0x00000000eac00000| Untracked 
| 173|0x00000000ead00000, 0x00000000ead00000, 0x00000000eae00000|  0%| F|  |TAMS 0x00000000ead00000, 0x00000000ead00000| Untracked 
| 174|0x00000000eae00000, 0x00000000eae00000, 0x00000000eaf00000|  0%| F|  |TAMS 0x00000000eae00000, 0x00000000eae00000| Untracked 
| 175|0x00000000eaf00000, 0x00000000eaf00000, 0x00000000eb000000|  0%| F|  |TAMS 0x00000000eaf00000, 0x00000000eaf00000| Untracked 
| 176|0x00000000eb000000, 0x00000000eb000000, 0x00000000eb100000|  0%| F|  |TAMS 0x00000000eb000000, 0x00000000eb000000| Untracked 
| 177|0x00000000eb100000, 0x00000000eb100000, 0x00000000eb200000|  0%| F|  |TAMS 0x00000000eb100000, 0x00000000eb100000| Untracked 
| 178|0x00000000eb200000, 0x00000000eb200000, 0x00000000eb300000|  0%| F|  |TAMS 0x00000000eb200000, 0x00000000eb200000| Untracked 
| 179|0x00000000eb300000, 0x00000000eb300000, 0x00000000eb400000|  0%| F|  |TAMS 0x00000000eb300000, 0x00000000eb300000| Untracked 
| 180|0x00000000eb400000, 0x00000000eb400000, 0x00000000eb500000|  0%| F|  |TAMS 0x00000000eb400000, 0x00000000eb400000| Untracked 
| 181|0x00000000eb500000, 0x00000000eb500000, 0x00000000eb600000|  0%| F|  |TAMS 0x00000000eb500000, 0x00000000eb500000| Untracked 
| 182|0x00000000eb600000, 0x00000000eb600000, 0x00000000eb700000|  0%| F|  |TAMS 0x00000000eb600000, 0x00000000eb600000| Untracked 
| 183|0x00000000eb700000, 0x00000000eb700000, 0x00000000eb800000|  0%| F|  |TAMS 0x00000000eb700000, 0x00000000eb700000| Untracked 
| 184|0x00000000eb800000, 0x00000000eb800000, 0x00000000eb900000|  0%| F|  |TAMS 0x00000000eb800000, 0x00000000eb800000| Untracked 
| 185|0x00000000eb900000, 0x00000000eb900000, 0x00000000eba00000|  0%| F|  |TAMS 0x00000000eb900000, 0x00000000eb900000| Untracked 
| 186|0x00000000eba00000, 0x00000000eba00000, 0x00000000ebb00000|  0%| F|  |TAMS 0x00000000eba00000, 0x00000000eba00000| Untracked 
| 187|0x00000000ebb00000, 0x00000000ebb00000, 0x00000000ebc00000|  0%| F|  |TAMS 0x00000000ebb00000, 0x00000000ebb00000| Untracked 
| 188|0x00000000ebc00000, 0x00000000ebc00000, 0x00000000ebd00000|  0%| F|  |TAMS 0x00000000ebc00000, 0x00000000ebc00000| Untracked 
| 189|0x00000000ebd00000, 0x00000000ebd00000, 0x00000000ebe00000|  0%| F|  |TAMS 0x00000000ebd00000, 0x00000000ebd00000| Untracked 
| 190|0x00000000ebe00000, 0x00000000ebe00000, 0x00000000ebf00000|  0%| F|  |TAMS 0x00000000ebe00000, 0x00000000ebe00000| Untracked 
| 191|0x00000000ebf00000, 0x00000000ebf00000, 0x00000000ec000000|  0%| F|  |TAMS 0x00000000ebf00000, 0x00000000ebf00000| Untracked 
| 192|0x00000000ec000000, 0x00000000ec000000, 0x00000000ec100000|  0%| F|  |TAMS 0x00000000ec000000, 0x00000000ec000000| Untracked 
| 193|0x00000000ec100000, 0x00000000ec100000, 0x00000000ec200000|  0%| F|  |TAMS 0x00000000ec100000, 0x00000000ec100000| Untracked 
| 194|0x00000000ec200000, 0x00000000ec200000, 0x00000000ec300000|  0%| F|  |TAMS 0x00000000ec200000, 0x00000000ec200000| Untracked 
| 195|0x00000000ec300000, 0x00000000ec300000, 0x00000000ec400000|  0%| F|  |TAMS 0x00000000ec300000, 0x00000000ec300000| Untracked 
| 196|0x00000000ec400000, 0x00000000ec400000, 0x00000000ec500000|  0%| F|  |TAMS 0x00000000ec400000, 0x00000000ec400000| Untracked 
| 197|0x00000000ec500000, 0x00000000ec500000, 0x00000000ec600000|  0%| F|  |TAMS 0x00000000ec500000, 0x00000000ec500000| Untracked 
| 198|0x00000000ec600000, 0x00000000ec600000, 0x00000000ec700000|  0%| F|  |TAMS 0x00000000ec600000, 0x00000000ec600000| Untracked 
| 199|0x00000000ec700000, 0x00000000ec700000, 0x00000000ec800000|  0%| F|  |TAMS 0x00000000ec700000, 0x00000000ec700000| Untracked 
| 200|0x00000000ec800000, 0x00000000ec800000, 0x00000000ec900000|  0%| F|  |TAMS 0x00000000ec800000, 0x00000000ec800000| Untracked 
| 201|0x00000000ec900000, 0x00000000ec900000, 0x00000000eca00000|  0%| F|  |TAMS 0x00000000ec900000, 0x00000000ec900000| Untracked 
| 202|0x00000000eca00000, 0x00000000eca00000, 0x00000000ecb00000|  0%| F|  |TAMS 0x00000000eca00000, 0x00000000eca00000| Untracked 
| 203|0x00000000ecb00000, 0x00000000ecb00000, 0x00000000ecc00000|  0%| F|  |TAMS 0x00000000ecb00000, 0x00000000ecb00000| Untracked 
| 204|0x00000000ecc00000, 0x00000000ecc00000, 0x00000000ecd00000|  0%| F|  |TAMS 0x00000000ecc00000, 0x00000000ecc00000| Untracked 
| 205|0x00000000ecd00000, 0x00000000ecd00000, 0x00000000ece00000|  0%| F|  |TAMS 0x00000000ecd00000, 0x00000000ecd00000| Untracked 
| 206|0x00000000ece00000, 0x00000000ece00000, 0x00000000ecf00000|  0%| F|  |TAMS 0x00000000ece00000, 0x00000000ece00000| Untracked 
| 207|0x00000000ecf00000, 0x00000000ecf00000, 0x00000000ed000000|  0%| F|  |TAMS 0x00000000ecf00000, 0x00000000ecf00000| Untracked 
| 208|0x00000000ed000000, 0x00000000ed000000, 0x00000000ed100000|  0%| F|  |TAMS 0x00000000ed000000, 0x00000000ed000000| Untracked 
| 209|0x00000000ed100000, 0x00000000ed100000, 0x00000000ed200000|  0%| F|  |TAMS 0x00000000ed100000, 0x00000000ed100000| Untracked 
| 210|0x00000000ed200000, 0x00000000ed200000, 0x00000000ed300000|  0%| F|  |TAMS 0x00000000ed200000, 0x00000000ed200000| Untracked 
| 211|0x00000000ed300000, 0x00000000ed300000, 0x00000000ed400000|  0%| F|  |TAMS 0x00000000ed300000, 0x00000000ed300000| Untracked 
| 212|0x00000000ed400000, 0x00000000ed400000, 0x00000000ed500000|  0%| F|  |TAMS 0x00000000ed400000, 0x00000000ed400000| Untracked 
| 213|0x00000000ed500000, 0x00000000ed500000, 0x00000000ed600000|  0%| F|  |TAMS 0x00000000ed500000, 0x00000000ed500000| Untracked 
| 214|0x00000000ed600000, 0x00000000ed600000, 0x00000000ed700000|  0%| F|  |TAMS 0x00000000ed600000, 0x00000000ed600000| Untracked 
| 215|0x00000000ed700000, 0x00000000ed700000, 0x00000000ed800000|  0%| F|  |TAMS 0x00000000ed700000, 0x00000000ed700000| Untracked 
| 216|0x00000000ed800000, 0x00000000ed800000, 0x00000000ed900000|  0%| F|  |TAMS 0x00000000ed800000, 0x00000000ed800000| Untracked 
| 217|0x00000000ed900000, 0x00000000ed900000, 0x00000000eda00000|  0%| F|  |TAMS 0x00000000ed900000, 0x00000000ed900000| Untracked 
| 218|0x00000000eda00000, 0x00000000eda00000, 0x00000000edb00000|  0%| F|  |TAMS 0x00000000eda00000, 0x00000000eda00000| Untracked 
| 219|0x00000000edb00000, 0x00000000edb00000, 0x00000000edc00000|  0%| F|  |TAMS 0x00000000edb00000, 0x00000000edb00000| Untracked 
| 220|0x00000000edc00000, 0x00000000edc00000, 0x00000000edd00000|  0%| F|  |TAMS 0x00000000edc00000, 0x00000000edc00000| Untracked 
| 221|0x00000000edd00000, 0x00000000edd00000, 0x00000000ede00000|  0%| F|  |TAMS 0x00000000edd00000, 0x00000000edd00000| Untracked 
| 222|0x00000000ede00000, 0x00000000ede00000, 0x00000000edf00000|  0%| F|  |TAMS 0x00000000ede00000, 0x00000000ede00000| Untracked 
| 223|0x00000000edf00000, 0x00000000edf00000, 0x00000000ee000000|  0%| F|  |TAMS 0x00000000edf00000, 0x00000000edf00000| Untracked 
| 224|0x00000000ee000000, 0x00000000ee000000, 0x00000000ee100000|  0%| F|  |TAMS 0x00000000ee000000, 0x00000000ee000000| Untracked 
| 225|0x00000000ee100000, 0x00000000ee100000, 0x00000000ee200000|  0%| F|  |TAMS 0x00000000ee100000, 0x00000000ee100000| Untracked 
| 226|0x00000000ee200000, 0x00000000ee200000, 0x00000000ee300000|  0%| F|  |TAMS 0x00000000ee200000, 0x00000000ee200000| Untracked 
| 227|0x00000000ee300000, 0x00000000ee300000, 0x00000000ee400000|  0%| F|  |TAMS 0x00000000ee300000, 0x00000000ee300000| Untracked 
| 228|0x00000000ee400000, 0x00000000ee400000, 0x00000000ee500000|  0%| F|  |TAMS 0x00000000ee400000, 0x00000000ee400000| Untracked 
| 229|0x00000000ee500000, 0x00000000ee500000, 0x00000000ee600000|  0%| F|  |TAMS 0x00000000ee500000, 0x00000000ee500000| Untracked 
| 230|0x00000000ee600000, 0x00000000ee600000, 0x00000000ee700000|  0%| F|  |TAMS 0x00000000ee600000, 0x00000000ee600000| Untracked 
| 231|0x00000000ee700000, 0x00000000ee700000, 0x00000000ee800000|  0%| F|  |TAMS 0x00000000ee700000, 0x00000000ee700000| Untracked 
| 232|0x00000000ee800000, 0x00000000ee82de20, 0x00000000ee900000| 17%| S|CS|TAMS 0x00000000ee800000, 0x00000000ee800000| Complete 
| 233|0x00000000ee900000, 0x00000000eea00000, 0x00000000eea00000|100%| S|CS|TAMS 0x00000000ee900000, 0x00000000ee900000| Complete 
| 234|0x00000000eea00000, 0x00000000eea00000, 0x00000000eeb00000|  0%| F|  |TAMS 0x00000000eea00000, 0x00000000eea00000| Untracked 
| 235|0x00000000eeb00000, 0x00000000eeb00000, 0x00000000eec00000|  0%| F|  |TAMS 0x00000000eeb00000, 0x00000000eeb00000| Untracked 
| 236|0x00000000eec00000, 0x00000000eec9f3d0, 0x00000000eed00000| 62%| E|  |TAMS 0x00000000eec00000, 0x00000000eec00000| Complete 
| 237|0x00000000eed00000, 0x00000000eee00000, 0x00000000eee00000|100%| E|CS|TAMS 0x00000000eed00000, 0x00000000eed00000| Complete 
| 238|0x00000000eee00000, 0x00000000eef00000, 0x00000000eef00000|100%| E|CS|TAMS 0x00000000eee00000, 0x00000000eee00000| Complete 
| 239|0x00000000eef00000, 0x00000000ef000000, 0x00000000ef000000|100%| E|CS|TAMS 0x00000000eef00000, 0x00000000eef00000| Complete 
| 240|0x00000000ef000000, 0x00000000ef100000, 0x00000000ef100000|100%| E|CS|TAMS 0x00000000ef000000, 0x00000000ef000000| Complete 
| 241|0x00000000ef100000, 0x00000000ef200000, 0x00000000ef200000|100%| E|CS|TAMS 0x00000000ef100000, 0x00000000ef100000| Complete 
| 242|0x00000000ef200000, 0x00000000ef300000, 0x00000000ef300000|100%| E|CS|TAMS 0x00000000ef200000, 0x00000000ef200000| Complete 
| 243|0x00000000ef300000, 0x00000000ef400000, 0x00000000ef400000|100%| E|CS|TAMS 0x00000000ef300000, 0x00000000ef300000| Complete 
| 244|0x00000000ef400000, 0x00000000ef500000, 0x00000000ef500000|100%| E|CS|TAMS 0x00000000ef400000, 0x00000000ef400000| Complete 
| 253|0x00000000efd00000, 0x00000000efe00000, 0x00000000efe00000|100%| E|CS|TAMS 0x00000000efd00000, 0x00000000efd00000| Complete 

Card table byte_map: [0x000001d0a2e50000,0x000001d0a2f50000] _byte_map_base: 0x000001d0a2750000

Marking Bits (Prev, Next): (CMBitMap*) 0x000001d0900cfeb0, (CMBitMap*) 0x000001d0900cfe70
 Prev Bits: [0x000001d0a3850000, 0x000001d0a4050000)
 Next Bits: [0x000001d0a3050000, 0x000001d0a3850000)

Polling page: 0x000001d08e000000

Metaspace:

Usage:
  Non-class:     87.11 MB used.
      Class:     13.45 MB used.
       Both:    100.56 MB used.

Virtual space:
  Non-class space:      128.00 MB reserved,      87.44 MB ( 68%) committed,  2 nodes.
      Class space:        1.00 GB reserved,      13.75 MB (  1%) committed,  1 nodes.
             Both:        1.12 GB reserved,     101.19 MB (  9%) committed. 

Chunk freelists:
   Non-Class:  8.28 MB
       Class:  2.29 MB
        Both:  10.57 MB

MaxMetaspaceSize: unlimited
CompressedClassSpaceSize: 1.00 GB
Initial GC threshold: 21.00 MB
Current GC threshold: 167.62 MB
CDS: off
MetaspaceReclaimPolicy: balanced
 - commit_granule_bytes: 65536.
 - commit_granule_words: 8192.
 - virtual_space_node_default_size: 8388608.
 - enlarge_chunks_in_place: 1.
 - new_chunks_are_fully_committed: 0.
 - uncommit_free_chunks: 1.
 - use_allocation_guard: 0.
 - handle_deallocations: 1.


Internal statistics:

num_allocs_failed_limit: 9.
num_arena_births: 906.
num_arena_deaths: 0.
num_vsnodes_births: 3.
num_vsnodes_deaths: 0.
num_space_committed: 1619.
num_space_uncommitted: 0.
num_chunks_returned_to_freelist: 9.
num_chunks_taken_from_freelist: 4276.
num_chunk_merges: 9.
num_chunk_splits: 3157.
num_chunks_enlarged: 2540.
num_inconsistent_stats: 0.

CodeHeap 'non-profiled nmethods': size=120000Kb used=5586Kb max_used=5586Kb free=114413Kb
 bounds [0x000001d09b2c0000, 0x000001d09b840000, 0x000001d0a27f0000]
CodeHeap 'profiled nmethods': size=120000Kb used=14654Kb max_used=14654Kb free=105345Kb
 bounds [0x000001d0937f0000, 0x000001d094640000, 0x000001d09ad20000]
CodeHeap 'non-nmethods': size=5760Kb used=1413Kb max_used=1517Kb free=4346Kb
 bounds [0x000001d09ad20000, 0x000001d09af90000, 0x000001d09b2c0000]
 total_blobs=8672 nmethods=7904 adapters=680
 compilation: enabled
              stopped_count=0, restarted_count=0
 full_count=0

Compilation events (20 events):
Event: 22.422 Thread 0x000001d0ab0b0b40 nmethod 9122 0x000001d094626b10 code [0x000001d094626ca0, 0x000001d094626dc8]
Event: 22.422 Thread 0x000001d0ab0b0b40 9123       2       java.util.regex.Pattern$CharProperty::match (71 bytes)
Event: 22.423 Thread 0x000001d0ab0b0b40 nmethod 9123 0x000001d094626e90 code [0x000001d094627060, 0x000001d0946272a8]
Event: 22.423 Thread 0x000001d0ab0b0b40 9124       2       org.springframework.boot.actuate.endpoint.annotation.DiscoveredOperationsFactory$$Lambda$1442/0x0000000100b429d0::inspect (17 bytes)
Event: 22.423 Thread 0x000001d0ab0b0b40 nmethod 9124 0x000001d094627410 code [0x000001d0946275a0, 0x000001d0946276e8]
Event: 22.423 Thread 0x000001d0ab0b0b40 9125       2       org.springframework.boot.actuate.endpoint.annotation.DiscoveredOperationsFactory::lambda$createOperations$0 (8 bytes)
Event: 22.423 Thread 0x000001d0ab0b0b40 nmethod 9125 0x000001d094627810 code [0x000001d0946279a0, 0x000001d094627ac8]
Event: 22.425 Thread 0x000001d0ab0b0b40 9126       1       org.springframework.boot.actuate.endpoint.invoke.reflect.OperationMethod::getMethod (5 bytes)
Event: 22.425 Thread 0x000001d0ab0b0b40 nmethod 9126 0x000001d09b832290 code [0x000001d09b832420, 0x000001d09b8324f8]
Event: 22.425 Thread 0x000001d0ab0b0b40 9127       2       java.lang.String::format (16 bytes)
Event: 22.426 Thread 0x000001d0ab0b0b40 nmethod 9127 0x000001d094627b90 code [0x000001d094627d80, 0x000001d094628128]
Event: 22.426 Thread 0x000001d0ab0b0b40 9128       2       org.springframework.web.context.support.ServletContextPropertySource::getProperty (6 bytes)
Event: 22.426 Thread 0x000001d0ab0b0b40 nmethod 9128 0x000001d094628310 code [0x000001d0946284c0, 0x000001d094628648]
Event: 22.426 Thread 0x000001d0ab0b0b40 9129       1       org.springframework.boot.actuate.endpoint.invoke.reflect.OperationMethod::getOperationType (5 bytes)
Event: 22.426 Thread 0x000001d0ab0b0b40 nmethod 9129 0x000001d09b832590 code [0x000001d09b832720, 0x000001d09b8327f8]
Event: 22.427 Thread 0x000001d0ab0b0b40 9131       2       org.springframework.beans.AbstractNestablePropertyAccessor::<init> (37 bytes)
Event: 22.427 Thread 0x000001d0ab0b0b40 nmethod 9131 0x000001d094628710 code [0x000001d0946288c0, 0x000001d094628b78]
Event: 22.428 Thread 0x000001d0ab0b0b40 9132       2       org.springframework.core.ResolvableType::asCollection (7 bytes)
Event: 22.428 Thread 0x000001d0ab0b0b40 nmethod 9132 0x000001d094628c10 code [0x000001d094628da0, 0x000001d094628ec8]
Event: 22.692 Thread 0x000001d0ab0b0b40 9133       2       java.util.concurrent.locks.ReentrantLock$FairSync::initialTryLock (70 bytes)

GC Heap History (20 events):
Event: 8.417 GC heap before
{Heap before GC invocations=33 (full 0):
 garbage-first heap   total 78848K, used 60650K [0x00000000e0000000, 0x0000000100000000)
  region size 1024K, 19 young (19456K), 2 survivors (2048K)
 Metaspace       used 99180K, committed 99776K, reserved 1179648K
  class space    used 13372K, committed 13632K, reserved 1048576K
}
Event: 8.420 GC heap after
{Heap after GC invocations=34 (full 0):
 garbage-first heap   total 78848K, used 45526K [0x00000000e0000000, 0x0000000100000000)
  region size 1024K, 3 young (3072K), 3 survivors (3072K)
 Metaspace       used 99180K, committed 99776K, reserved 1179648K
  class space    used 13372K, committed 13632K, reserved 1048576K
}
Event: 8.424 GC heap before
{Heap before GC invocations=34 (full 0):
 garbage-first heap   total 78848K, used 46550K [0x00000000e0000000, 0x0000000100000000)
  region size 1024K, 4 young (4096K), 3 survivors (3072K)
 Metaspace       used 99185K, committed 99776K, reserved 1179648K
  class space    used 13373K, committed 13632K, reserved 1048576K
}
Event: 8.428 GC heap after
{Heap after GC invocations=35 (full 0):
 garbage-first heap   total 78848K, used 44839K [0x00000000e0000000, 0x0000000100000000)
  region size 1024K, 1 young (1024K), 1 survivors (1024K)
 Metaspace       used 99185K, committed 99776K, reserved 1179648K
  class space    used 13373K, committed 13632K, reserved 1048576K
}
Event: 9.241 GC heap before
{Heap before GC invocations=35 (full 0):
 garbage-first heap   total 78848K, used 63271K [0x00000000e0000000, 0x0000000100000000)
  region size 1024K, 20 young (20480K), 1 survivors (1024K)
 Metaspace       used 101615K, committed 102144K, reserved 1179648K
  class space    used 13657K, committed 13888K, reserved 1048576K
}
Event: 9.243 GC heap after
{Heap after GC invocations=36 (full 0):
 garbage-first heap   total 78848K, used 45872K [0x00000000e0000000, 0x0000000100000000)
  region size 1024K, 2 young (2048K), 2 survivors (2048K)
 Metaspace       used 101615K, committed 102144K, reserved 1179648K
  class space    used 13657K, committed 13888K, reserved 1048576K
}
Event: 19.704 GC heap before
{Heap before GC invocations=37 (full 0):
 garbage-first heap   total 80896K, used 64304K [0x00000000e0000000, 0x0000000100000000)
  region size 1024K, 20 young (20480K), 2 survivors (2048K)
 Metaspace       used 102274K, committed 102848K, reserved 1179648K
  class space    used 13742K, committed 14016K, reserved 1048576K
}
Event: 19.707 GC heap after
{Heap after GC invocations=38 (full 0):
 garbage-first heap   total 80896K, used 47631K [0x00000000e0000000, 0x0000000100000000)
  region size 1024K, 3 young (3072K), 3 survivors (3072K)
 Metaspace       used 102274K, committed 102848K, reserved 1179648K
  class space    used 13742K, committed 14016K, reserved 1048576K
}
Event: 19.714 GC heap before
{Heap before GC invocations=38 (full 0):
 garbage-first heap   total 80896K, used 48655K [0x00000000e0000000, 0x0000000100000000)
  region size 1024K, 4 young (4096K), 3 survivors (3072K)
 Metaspace       used 102275K, committed 102848K, reserved 1179648K
  class space    used 13742K, committed 14016K, reserved 1048576K
}
Event: 19.717 GC heap after
{Heap after GC invocations=39 (full 0):
 garbage-first heap   total 80896K, used 47670K [0x00000000e0000000, 0x0000000100000000)
  region size 1024K, 1 young (1024K), 1 survivors (1024K)
 Metaspace       used 102275K, committed 102848K, reserved 1179648K
  class space    used 13742K, committed 14016K, reserved 1048576K
}
Event: 19.855 GC heap before
{Heap before GC invocations=39 (full 0):
 garbage-first heap   total 80896K, used 66102K [0x00000000e0000000, 0x0000000100000000)
  region size 1024K, 19 young (19456K), 1 survivors (1024K)
 Metaspace       used 102344K, committed 102912K, reserved 1179648K
  class space    used 13742K, committed 14016K, reserved 1048576K
}
Event: 19.856 GC heap after
{Heap after GC invocations=40 (full 0):
 garbage-first heap   total 80896K, used 48630K [0x00000000e0000000, 0x0000000100000000)
  region size 1024K, 2 young (2048K), 2 survivors (2048K)
 Metaspace       used 102344K, committed 102912K, reserved 1179648K
  class space    used 13742K, committed 14016K, reserved 1048576K
}
Event: 20.082 GC heap before
{Heap before GC invocations=41 (full 0):
 garbage-first heap   total 83968K, used 63990K [0x00000000e0000000, 0x0000000100000000)
  region size 1024K, 19 young (19456K), 2 survivors (2048K)
 Metaspace       used 102471K, committed 103104K, reserved 1179648K
  class space    used 13742K, committed 14016K, reserved 1048576K
}
Event: 20.083 GC heap after
{Heap after GC invocations=42 (full 0):
 garbage-first heap   total 83968K, used 48025K [0x00000000e0000000, 0x0000000100000000)
  region size 1024K, 3 young (3072K), 3 survivors (3072K)
 Metaspace       used 102471K, committed 103104K, reserved 1179648K
  class space    used 13742K, committed 14016K, reserved 1048576K
}
Event: 20.085 GC heap before
{Heap before GC invocations=42 (full 0):
 garbage-first heap   total 83968K, used 49049K [0x00000000e0000000, 0x0000000100000000)
  region size 1024K, 4 young (4096K), 3 survivors (3072K)
 Metaspace       used 102471K, committed 103104K, reserved 1179648K
  class space    used 13742K, committed 14016K, reserved 1048576K
}
Event: 20.088 GC heap after
{Heap after GC invocations=43 (full 0):
 garbage-first heap   total 83968K, used 46832K [0x00000000e0000000, 0x0000000100000000)
  region size 1024K, 1 young (1024K), 1 survivors (1024K)
 Metaspace       used 102471K, committed 103104K, reserved 1179648K
  class space    used 13742K, committed 14016K, reserved 1048576K
}
Event: 20.278 GC heap before
{Heap before GC invocations=43 (full 0):
 garbage-first heap   total 83968K, used 67312K [0x00000000e0000000, 0x0000000100000000)
  region size 1024K, 22 young (22528K), 1 survivors (1024K)
 Metaspace       used 102851K, committed 103488K, reserved 1179648K
  class space    used 13767K, committed 14080K, reserved 1048576K
}
Event: 21.280 GC heap after
{Heap after GC invocations=44 (full 0):
 garbage-first heap   total 251904K, used 48709K [0x00000000e0000000, 0x0000000100000000)
  region size 1024K, 2 young (2048K), 2 survivors (2048K)
 Metaspace       used 102851K, committed 103488K, reserved 1179648K
  class space    used 13767K, committed 14080K, reserved 1048576K
}
Event: 22.344 GC heap before
{Heap before GC invocations=44 (full 0):
 garbage-first heap   total 251904K, used 60997K [0x00000000e0000000, 0x0000000100000000)
  region size 1024K, 12 young (12288K), 2 survivors (2048K)
 Metaspace       used 102892K, committed 103552K, reserved 1179648K
  class space    used 13767K, committed 14080K, reserved 1048576K
}
Event: 22.346 GC heap after
{Heap after GC invocations=45 (full 0):
 garbage-first heap   total 251904K, used 51337K [0x00000000e0000000, 0x0000000100000000)
  region size 1024K, 1 young (1024K), 1 survivors (1024K)
 Metaspace       used 102892K, committed 103552K, reserved 1179648K
  class space    used 13767K, committed 14080K, reserved 1048576K
}

Dll operation events (2 events):
Event: 0.009 Loaded shared library C:\Users\AHMEDHOSNY\AppData\Local\JetBrains\Toolbox\apps\IDEA-U\ch-0\231.9225.16\jbr\bin\java.dll
Event: 0.195 Loaded shared library C:\Users\AHMEDHOSNY\AppData\Local\JetBrains\Toolbox\apps\IDEA-U\ch-0\231.9225.16\jbr\bin\verify.dll

Deoptimization events (20 events):
Event: 20.270 Thread 0x000001d08de3e410 Uncommon trap: trap_request=0xffffff45 fr.pc=0x000001d09b53d23c relative=0x000000000000011c
Event: 20.270 Thread 0x000001d08de3e410 Uncommon trap: reason=unstable_if action=reinterpret pc=0x000001d09b53d23c method=java.util.regex.Pattern$GroupTail.match(Ljava/util/regex/Matcher;ILjava/lang/CharSequence;)Z @ 73 c2
Event: 20.270 Thread 0x000001d08de3e410 DEOPT PACKING pc=0x000001d09b53d23c sp=0x00000091e16f7c00
Event: 20.270 Thread 0x000001d08de3e410 DEOPT UNPACKING pc=0x000001d09ad769a3 sp=0x00000091e16f7ba8 mode 2
Event: 22.407 Thread 0x000001d08de3e410 Uncommon trap: trap_request=0xffffffde fr.pc=0x000001d09b731e58 relative=0x00000000000002f8
Event: 22.407 Thread 0x000001d08de3e410 Uncommon trap: reason=class_check action=maybe_recompile pc=0x000001d09b731e58 method=java.util.regex.Pattern$CharProperty.match(Ljava/util/regex/Matcher;ILjava/lang/CharSequence;)Z @ 37 c2
Event: 22.407 Thread 0x000001d08de3e410 DEOPT PACKING pc=0x000001d09b731e58 sp=0x00000091e16f6e80
Event: 22.407 Thread 0x000001d08de3e410 DEOPT UNPACKING pc=0x000001d09ad769a3 sp=0x00000091e16f6e40 mode 2
Event: 22.407 Thread 0x000001d08de3e410 Uncommon trap: trap_request=0xffffffde fr.pc=0x000001d09b731e58 relative=0x00000000000002f8
Event: 22.407 Thread 0x000001d08de3e410 Uncommon trap: reason=class_check action=maybe_recompile pc=0x000001d09b731e58 method=java.util.regex.Pattern$CharProperty.match(Ljava/util/regex/Matcher;ILjava/lang/CharSequence;)Z @ 37 c2
Event: 22.407 Thread 0x000001d08de3e410 DEOPT PACKING pc=0x000001d09b731e58 sp=0x00000091e16f6e00
Event: 22.407 Thread 0x000001d08de3e410 DEOPT UNPACKING pc=0x000001d09ad769a3 sp=0x00000091e16f6dc0 mode 2
Event: 22.407 Thread 0x000001d08de3e410 Uncommon trap: trap_request=0xffffffde fr.pc=0x000001d09b731e58 relative=0x00000000000002f8
Event: 22.407 Thread 0x000001d08de3e410 Uncommon trap: reason=class_check action=maybe_recompile pc=0x000001d09b731e58 method=java.util.regex.Pattern$CharProperty.match(Ljava/util/regex/Matcher;ILjava/lang/CharSequence;)Z @ 37 c2
Event: 22.407 Thread 0x000001d08de3e410 DEOPT PACKING pc=0x000001d09b731e58 sp=0x00000091e16f6e00
Event: 22.407 Thread 0x000001d08de3e410 DEOPT UNPACKING pc=0x000001d09ad769a3 sp=0x00000091e16f6dc0 mode 2
Event: 22.407 Thread 0x000001d08de3e410 Uncommon trap: trap_request=0xffffffde fr.pc=0x000001d09b731e58 relative=0x00000000000002f8
Event: 22.407 Thread 0x000001d08de3e410 Uncommon trap: reason=class_check action=maybe_recompile pc=0x000001d09b731e58 method=java.util.regex.Pattern$CharProperty.match(Ljava/util/regex/Matcher;ILjava/lang/CharSequence;)Z @ 37 c2
Event: 22.407 Thread 0x000001d08de3e410 DEOPT PACKING pc=0x000001d09b731e58 sp=0x00000091e16f6e00
Event: 22.407 Thread 0x000001d08de3e410 DEOPT UNPACKING pc=0x000001d09ad769a3 sp=0x00000091e16f6dc0 mode 2

Classes unloaded (0 events):
No events

Classes redefined (0 events):
No events

Internal exceptions (20 events):
Event: 19.992 Thread 0x000001d08de3e410 Implicit null exception at 0x000001d09b490395 to 0x000001d09b49076c
Event: 19.993 Thread 0x000001d08de3e410 Implicit null exception at 0x000001d09b65fa40 to 0x000001d09b662128
Event: 20.028 Thread 0x000001d08de3e410 Exception <a 'java/lang/ClassNotFoundException'{0x00000000e4553350}: javax/smartcardio/CardPermission> (0x00000000e4553350) 
thrown [s\src\hotspot\share\classfile\systemDictionary.cpp, line 256]
Event: 20.029 Thread 0x000001d08de3e410 Exception <a 'java/io/FileNotFoundException'{0x00000000e4561c70}> (0x00000000e4561c70) 
thrown [s\src\hotspot\share\prims\jni.cpp, line 517]
Event: 20.041 Thread 0x000001d08de3e410 Exception <a 'java/io/FileNotFoundException'{0x00000000e45beef0}> (0x00000000e45beef0) 
thrown [s\src\hotspot\share\prims\jni.cpp, line 517]
Event: 20.041 Thread 0x000001d08de3e410 Exception <a 'java/io/FileNotFoundException'{0x00000000e45c0cc0}> (0x00000000e45c0cc0) 
thrown [s\src\hotspot\share\prims\jni.cpp, line 517]
Event: 20.042 Thread 0x000001d08de3e410 Exception <a 'java/io/FileNotFoundException'{0x00000000e45c2a98}> (0x00000000e45c2a98) 
thrown [s\src\hotspot\share\prims\jni.cpp, line 517]
Event: 20.042 Thread 0x000001d08de3e410 Exception <a 'java/io/FileNotFoundException'{0x00000000e45c4818}> (0x00000000e45c4818) 
thrown [s\src\hotspot\share\prims\jni.cpp, line 517]
Event: 20.094 Thread 0x000001d08de3e410 Exception <a 'sun/nio/fs/WindowsException'{0x00000000efd57c60}> (0x00000000efd57c60) 
thrown [s\src\hotspot\share\prims\jni.cpp, line 517]
Event: 20.094 Thread 0x000001d08de3e410 Exception <a 'sun/nio/fs/WindowsException'{0x00000000efd5a110}> (0x00000000efd5a110) 
thrown [s\src\hotspot\share\prims\jni.cpp, line 517]
Event: 20.094 Thread 0x000001d08de3e410 Exception <a 'sun/nio/fs/WindowsException'{0x00000000efd5a458}> (0x00000000efd5a458) 
thrown [s\src\hotspot\share\prims\jni.cpp, line 517]
Event: 20.094 Thread 0x000001d08de3e410 Exception <a 'sun/nio/fs/WindowsException'{0x00000000efd5c438}> (0x00000000efd5c438) 
thrown [s\src\hotspot\share\prims\jni.cpp, line 517]
Event: 20.094 Thread 0x000001d08de3e410 Exception <a 'sun/nio/fs/WindowsException'{0x00000000efd5c778}> (0x00000000efd5c778) 
thrown [s\src\hotspot\share\prims\jni.cpp, line 517]
Event: 20.095 Thread 0x000001d08de3e410 Exception <a 'sun/nio/fs/WindowsException'{0x00000000efd5f358}> (0x00000000efd5f358) 
thrown [s\src\hotspot\share\prims\jni.cpp, line 517]
Event: 20.095 Thread 0x000001d08de3e410 Exception <a 'sun/nio/fs/WindowsException'{0x00000000efd63ad8}> (0x00000000efd63ad8) 
thrown [s\src\hotspot\share\prims\jni.cpp, line 517]
Event: 20.224 Thread 0x000001d08de3e410 Exception <a 'java/lang/NoSuchMethodError'{0x00000000e465b678}: 'java.lang.Object java.lang.invoke.DirectMethodHandle$Holder.invokeSpecial(java.lang.Object, java.lang.Object, int, java.lang.Object, int)'> (0x00000000e465b678) 
thrown [s\src\hotspot\share\interpreter\linkResolver.cpp, line 771]
Event: 20.268 Thread 0x000001d08de3e410 Exception <a 'java/lang/reflect/InvocationTargetException'{0x00000000e3e3ab18}> (0x00000000e3e3ab18) 
thrown [s\src\hotspot\share\runtime\reflection.cpp, line 1127]
Event: 20.269 Thread 0x000001d08de3e410 Exception <a 'java/lang/reflect/InvocationTargetException'{0x00000000e3e486d0}> (0x00000000e3e486d0) 
thrown [s\src\hotspot\share\runtime\reflection.cpp, line 1127]
Event: 21.288 Thread 0x000001d08de3e410 Exception <a 'java/lang/reflect/InvocationTargetException'{0x00000000ef363730}> (0x00000000ef363730) 
thrown [s\src\hotspot\share\runtime\reflection.cpp, line 1127]
Event: 21.306 Thread 0x000001d08de3e410 Exception <a 'java/lang/reflect/InvocationTargetException'{0x00000000eee673d8}> (0x00000000eee673d8) 
thrown [s\src\hotspot\share\runtime\reflection.cpp, line 1127]

VM Operations (20 events):
Event: 10.281 Executing VM operation: Cleanup done
Event: 19.704 Executing VM operation: G1CollectForAllocation
Event: 19.707 Executing VM operation: G1CollectForAllocation done
Event: 19.714 Executing VM operation: G1CollectForAllocation
Event: 19.717 Executing VM operation: G1CollectForAllocation done
Event: 19.854 Executing VM operation: G1CollectForAllocation
Event: 19.856 Executing VM operation: G1CollectForAllocation done
Event: 19.882 Executing VM operation: G1Concurrent
Event: 19.890 Executing VM operation: G1Concurrent done
Event: 19.906 Executing VM operation: G1Concurrent
Event: 19.913 Executing VM operation: G1Concurrent done
Event: 20.081 Executing VM operation: G1CollectForAllocation
Event: 20.083 Executing VM operation: G1CollectForAllocation done
Event: 20.085 Executing VM operation: G1CollectForAllocation
Event: 20.088 Executing VM operation: G1CollectForAllocation done
Event: 20.278 Executing VM operation: G1CollectForAllocation
Event: 21.281 Executing VM operation: G1CollectForAllocation done
Event: 22.344 Executing VM operation: G1CollectForAllocation
Event: 22.346 Executing VM operation: G1CollectForAllocation done
Event: 23.347 Executing VM operation: Cleanup

Events (20 events):
Event: 20.091 loading class java/nio/file/attribute/FileOwnerAttributeView done
Event: 20.091 loading class java/nio/file/attribute/AclFileAttributeView done
Event: 20.091 loading class sun/nio/fs/AbstractAclFileAttributeView done
Event: 20.091 loading class sun/nio/fs/WindowsAclFileAttributeView done
Event: 20.092 loading class sun/nio/fs/WindowsSecurity
Event: 20.092 loading class sun/nio/fs/WindowsSecurity done
Event: 20.092 loading class sun/nio/fs/WindowsFileStore
Event: 20.092 loading class java/nio/file/FileStore
Event: 20.092 loading class java/nio/file/FileStore done
Event: 20.092 loading class sun/nio/fs/WindowsFileStore done
Event: 20.097 loading class java/util/Collections$ReverseComparator2
Event: 20.097 loading class java/util/Collections$ReverseComparator2 done
Event: 20.107 Thread 0x000001d0ae969a50 Thread added: 0x000001d0ae969a50
Event: 20.108 Thread 0x000001d0ae96e750 Thread added: 0x000001d0ae96e750
Event: 20.135 Thread 0x000001d0ae96b260 Thread added: 0x000001d0ae96b260
Event: 20.140 Thread 0x000001d0ae969f20 Thread added: 0x000001d0ae969f20
Event: 20.140 Thread 0x000001d0ae968710 Thread added: 0x000001d0ae968710
Event: 20.208 Thread 0x000001d0ae968be0 Thread added: 0x000001d0ae968be0
Event: 21.281 Thread 0x000001d0ae96bc00 Thread added: 0x000001d0ae96bc00
Event: 21.282 Thread 0x000001d0ae9690b0 Thread added: 0x000001d0ae9690b0


Dynamic libraries:
0x00007ff723970000 - 0x00007ff72397a000 	C:\Users\AHMEDHOSNY\AppData\Local\JetBrains\Toolbox\apps\IDEA-U\ch-0\231.9225.16\jbr\bin\java.exe
0x00007ff890580000 - 0x00007ff8907ab000 	C:\WINDOWS\SYSTEM32\ntdll.dll
0x00007ff88f100000 - 0x00007ff88f1c6000 	C:\WINDOWS\System32\KERNEL32.DLL
0x00007ff88da30000 - 0x00007ff88dd8e000 	C:\WINDOWS\System32\KERNELBASE.dll
0x00007ff88e000000 - 0x00007ff88e133000 	C:\WINDOWS\System32\ucrtbase.dll
0x00007ff870d30000 - 0x00007ff870d47000 	C:\Users\AHMEDHOSNY\AppData\Local\JetBrains\Toolbox\apps\IDEA-U\ch-0\231.9225.16\jbr\bin\jli.dll
0x00007ff88aa20000 - 0x00007ff88aa3b000 	C:\Users\AHMEDHOSNY\AppData\Local\JetBrains\Toolbox\apps\IDEA-U\ch-0\231.9225.16\jbr\bin\VCRUNTIME140.dll
0x00007ff88ee80000 - 0x00007ff88f031000 	C:\WINDOWS\System32\USER32.dll
0x00007ff880ca0000 - 0x00007ff880f31000 	C:\WINDOWS\WinSxS\amd64_microsoft.windows.common-controls_6595b64144ccf1df_6.0.25905.1000_none_87b90b8fab340372\COMCTL32.dll
0x00007ff88dfd0000 - 0x00007ff88dff7000 	C:\WINDOWS\System32\win32u.dll
0x00007ff88f800000 - 0x00007ff88f8a7000 	C:\WINDOWS\System32\msvcrt.dll
0x00007ff890510000 - 0x00007ff890539000 	C:\WINDOWS\System32\GDI32.dll
0x00007ff88e200000 - 0x00007ff88e31f000 	C:\WINDOWS\System32\gdi32full.dll
0x00007ff88dda0000 - 0x00007ff88de45000 	C:\WINDOWS\System32\msvcp_win.dll
0x00007ff8904d0000 - 0x00007ff890500000 	C:\WINDOWS\System32\IMM32.DLL
0x00007ff88b830000 - 0x00007ff88b83c000 	C:\Users\AHMEDHOSNY\AppData\Local\JetBrains\Toolbox\apps\IDEA-U\ch-0\231.9225.16\jbr\bin\vcruntime140_1.dll
0x00007ff870bd0000 - 0x00007ff870c5d000 	C:\Users\AHMEDHOSNY\AppData\Local\JetBrains\Toolbox\apps\IDEA-U\ch-0\231.9225.16\jbr\bin\msvcp140.dll
0x00007ff80b2d0000 - 0x00007ff80bf3e000 	C:\Users\AHMEDHOSNY\AppData\Local\JetBrains\Toolbox\apps\IDEA-U\ch-0\231.9225.16\jbr\bin\server\jvm.dll
0x00007ff88f040000 - 0x00007ff88f0f0000 	C:\WINDOWS\System32\ADVAPI32.dll
0x00007ff890420000 - 0x00007ff8904c0000 	C:\WINDOWS\System32\sechost.dll
0x00007ff88e850000 - 0x00007ff88e975000 	C:\WINDOWS\System32\RPCRT4.dll
0x00007ff8815d0000 - 0x00007ff881604000 	C:\WINDOWS\SYSTEM32\WINMM.dll
0x00007ff88ac30000 - 0x00007ff88ac39000 	C:\WINDOWS\SYSTEM32\WSOCK32.dll
0x00007ff887ff0000 - 0x00007ff887ffa000 	C:\WINDOWS\SYSTEM32\VERSION.dll
0x00007ff88e530000 - 0x00007ff88e5a3000 	C:\WINDOWS\System32\WS2_32.dll
0x00007ff88c890000 - 0x00007ff88c8a8000 	C:\WINDOWS\SYSTEM32\kernel.appcore.dll
0x00007ff880330000 - 0x00007ff88033a000 	C:\Users\AHMEDHOSNY\AppData\Local\JetBrains\Toolbox\apps\IDEA-U\ch-0\231.9225.16\jbr\bin\jimage.dll
0x00007ff88b230000 - 0x00007ff88b465000 	C:\WINDOWS\SYSTEM32\DBGHELP.DLL
0x00007ff88f260000 - 0x00007ff88f5db000 	C:\WINDOWS\System32\combase.dll
0x00007ff890060000 - 0x00007ff890135000 	C:\WINDOWS\System32\OLEAUT32.dll
0x00007ff873880000 - 0x00007ff8738b8000 	C:\WINDOWS\SYSTEM32\dbgcore.DLL
0x00007ff88e330000 - 0x00007ff88e3b1000 	C:\WINDOWS\System32\bcryptPrimitives.dll
0x00007ff873060000 - 0x00007ff873085000 	C:\Users\AHMEDHOSNY\AppData\Local\JetBrains\Toolbox\apps\IDEA-U\ch-0\231.9225.16\jbr\bin\java.dll
0x00007ff877cd0000 - 0x00007ff877ce8000 	C:\Users\AHMEDHOSNY\AppData\Local\JetBrains\Toolbox\apps\IDEA-U\ch-0\231.9225.16\jbr\bin\zip.dll
0x00007ff88f8e0000 - 0x00007ff890053000 	C:\WINDOWS\System32\SHELL32.dll
0x00007ff88b860000 - 0x00007ff88c0b2000 	C:\WINDOWS\SYSTEM32\windows.storage.dll
0x00007ff88e5b0000 - 0x00007ff88e683000 	C:\WINDOWS\System32\SHCORE.dll
0x00007ff8903c0000 - 0x00007ff89041c000 	C:\WINDOWS\System32\shlwapi.dll
0x00007ff88d8e0000 - 0x00007ff88d903000 	C:\WINDOWS\SYSTEM32\profapi.dll
0x00007ff872ff0000 - 0x00007ff873009000 	C:\Users\AHMEDHOSNY\AppData\Local\JetBrains\Toolbox\apps\IDEA-U\ch-0\231.9225.16\jbr\bin\net.dll
0x00007ff87ee00000 - 0x00007ff87ef1b000 	C:\WINDOWS\SYSTEM32\WINHTTP.dll
0x00007ff88cd00000 - 0x00007ff88cd68000 	C:\WINDOWS\system32\mswsock.dll
0x00007ff871f70000 - 0x00007ff871f86000 	C:\Users\AHMEDHOSNY\AppData\Local\JetBrains\Toolbox\apps\IDEA-U\ch-0\231.9225.16\jbr\bin\nio.dll
0x00007ff87f7b0000 - 0x00007ff87f7c0000 	C:\Users\AHMEDHOSNY\AppData\Local\JetBrains\Toolbox\apps\IDEA-U\ch-0\231.9225.16\jbr\bin\verify.dll
0x00007ff87ea50000 - 0x00007ff87ea5e000 	C:\Users\AHMEDHOSNY\AppData\Local\JetBrains\Toolbox\apps\IDEA-U\ch-0\231.9225.16\jbr\bin\sunmscapi.dll
0x00007ff88de50000 - 0x00007ff88dfc4000 	C:\WINDOWS\System32\CRYPT32.dll
0x00007ff88d310000 - 0x00007ff88d341000 	C:\WINDOWS\SYSTEM32\ncrypt.dll
0x00007ff88d2c0000 - 0x00007ff88d2fe000 	C:\WINDOWS\SYSTEM32\NTASN1.dll
0x00007ff85b310000 - 0x00007ff85b318000 	C:\WINDOWS\system32\wshunix.dll
0x00007ff88d1c0000 - 0x00007ff88d1db000 	C:\WINDOWS\SYSTEM32\CRYPTSP.dll
0x00007ff88c7f0000 - 0x00007ff88c827000 	C:\WINDOWS\system32\rsaenh.dll
0x00007ff88cdd0000 - 0x00007ff88cdfa000 	C:\WINDOWS\SYSTEM32\USERENV.dll
0x00007ff88d350000 - 0x00007ff88d378000 	C:\WINDOWS\SYSTEM32\bcrypt.dll
0x00007ff88cf30000 - 0x00007ff88cf3c000 	C:\WINDOWS\SYSTEM32\CRYPTBASE.dll
0x00007ff88c2c0000 - 0x00007ff88c2ef000 	C:\WINDOWS\SYSTEM32\IPHLPAPI.DLL
0x00007ff890150000 - 0x00007ff89015a000 	C:\WINDOWS\System32\NSI.dll
0x00007ff87efa0000 - 0x00007ff87efb9000 	C:\WINDOWS\SYSTEM32\dhcpcsvc6.DLL
0x00007ff87ef70000 - 0x00007ff87ef8f000 	C:\WINDOWS\SYSTEM32\dhcpcsvc.DLL
0x00007ff88c340000 - 0x00007ff88c44f000 	C:\WINDOWS\SYSTEM32\DNSAPI.dll
0x00007ff87d490000 - 0x00007ff87d499000 	C:\Users\AHMEDHOSNY\AppData\Local\JetBrains\Toolbox\apps\IDEA-U\ch-0\231.9225.16\jbr\bin\management.dll
0x00007ff87bc90000 - 0x00007ff87bc9b000 	C:\Users\AHMEDHOSNY\AppData\Local\JetBrains\Toolbox\apps\IDEA-U\ch-0\231.9225.16\jbr\bin\management_ext.dll
0x00007ff88e7e0000 - 0x00007ff88e7e8000 	C:\WINDOWS\System32\PSAPI.DLL
0x00007ff87e820000 - 0x00007ff87e82a000 	C:\Windows\System32\rasadhlp.dll
0x00007ff87f0f0000 - 0x00007ff87f172000 	C:\WINDOWS\System32\fwpuclnt.dll

dbghelp: loaded successfully - version: 4.0.5 - missing functions: none
symbol engine: initialized successfully - sym options: 0x614 - pdb path: .;C:\Users\AHMEDHOSNY\AppData\Local\JetBrains\Toolbox\apps\IDEA-U\ch-0\231.9225.16\jbr\bin;C:\WINDOWS\SYSTEM32;C:\WINDOWS\WinSxS\amd64_microsoft.windows.common-controls_6595b64144ccf1df_6.0.25905.1000_none_87b90b8fab340372;C:\Users\AHMEDHOSNY\AppData\Local\JetBrains\Toolbox\apps\IDEA-U\ch-0\231.9225.16\jbr\bin\server

VM Arguments:
jvm_args: -Dorg.gradle.internal.worker.tmpdir=D:\7-Learn\HyperSkill\Java\Anti-Fraud System\Anti-Fraud System\task\build\tmp\test\work -Dorg.gradle.native=false -Xmx512m -Dfile.encoding=utf-8 -Duser.country=US -Duser.language=en -Duser.variant -ea 
java_command: worker.org.gradle.process.internal.worker.GradleWorkerMain 'Gradle Test Executor 6'
java_class_path (initial): C:\Users\AHMEDHOSNY\.gradle\caches\7.6\workerMain\gradle-worker.jar;D:\7-Learn\HyperSkill\Java\Anti-Fraud System\Anti-Fraud System\task\build\classes\java\test;D:\7-Learn\HyperSkill\Java\Anti-Fraud System\Anti-Fraud System\task\build\classes\java\main;D:\7-Learn\HyperSkill\Java\Anti-Fraud System\Anti-Fraud System\task\build\classes\kotlin\main;D:\7-Learn\HyperSkill\Java\Anti-Fraud System\Anti-Fraud System\task\build\resources\main;C:\Users\AHMEDHOSNY\.gradle\caches\modules-2\files-2.1\org.springframework.boot\spring-boot-starter-actuator\3.0.2\7d884d7edd505b6d419e86cfaa90c6ec7e847cc7\spring-boot-starter-actuator-3.0.2.jar;C:\Users\AHMEDHOSNY\.gradle\caches\modules-2\files-2.1\org.springframework.boot\spring-boot-starter-web\3.0.2\3f6a2cb4cb11bac3611f5a95e234589eb190dd29\spring-boot-starter-web-3.0.2.jar;C:\Users\AHMEDHOSNY\.gradle\caches\modules-2\files-2.1\org.springframework.boot\spring-boot-starter-security\3.0.2\9482177b76f34717dc85b20c650ab1248005ebb4\spring-boot-starter-security-3.0.2.jar;C:\Users\AHMEDHOSNY\.gradle\caches\modules-2\files-2.1\org.springframework.boot\spring-boot-starter-data-jpa\3.0.2\fc0dbe82effb33d3d89b4cf2ec6b7968ad2af558\spring-boot-starter-data-jpa-3.0.2.jar;C:\Users\AHMEDHOSNY\.gradle\caches\modules-2\files-2.1\org.springframework.boot\spring-boot-starter-jdbc\3.0.2\662285456edce14301de88fc0ab4937643a51b50\spring-boot-starter-jdbc-3.0.2.jar;C:\Users\AHMEDHOSNY\.gradle\caches\modules-2\files-2.1\org.springframework.boot\spring-boot-starter-validation\3.0.2\19c672463a693c8a3cecaf458cd7e69f2971eea7\spring-boot-starter-validation-3.0.2.jar;C:\Users\AHMEDHOSNY\.gradle\caches\modules-2\files-2.1\org.springframework.boot\spring-boot-starter-json\3.0.2\11b9a2903af9014696d2576605bb73e8bca6ee19\spring-boot-starter-json-3.0.2.jar;C:\Users\AHMEDHOSNY\.gradle\caches\modules-2\files-2.1\org.springframework.boot\spring-boot-starter-aop\3.0.2\cfb3ff6a7f8d47c9703f140387f39a837b81ab52\spring-boot-starter-aop-3.0.2.jar;C:\Users
Launcher Type: SUN_STANDARD

[Global flags]
     intx CICompilerCount                          = 4                                         {product} {ergonomic}
     uint ConcGCThreads                            = 3                                         {product} {ergonomic}
     uint G1ConcRefinementThreads                  = 10                                        {product} {ergonomic}
   size_t G1HeapRegionSize                         = 1048576                                   {product} {ergonomic}
    uintx GCDrainStackTargetSize                   = 64                                        {product} {ergonomic}
   size_t InitialHeapSize                          = 266338304                                 {product} {ergonomic}
   size_t MarkStackSize                            = 4194304                                   {product} {ergonomic}
   size_t MaxHeapSize                              = 536870912                                 {product} {command line}
   size_t MaxNewSize                               = 321912832                                 {product} {ergonomic}
   size_t MinHeapDeltaBytes                        = 1048576                                   {product} {ergonomic}
   size_t MinHeapSize                              = 8388608                                   {product} {ergonomic}
    uintx NonNMethodCodeHeapSize                   = 5839372                                {pd product} {ergonomic}
    uintx NonProfiledCodeHeapSize                  = 122909434                              {pd product} {ergonomic}
    uintx ProfiledCodeHeapSize                     = 122909434                              {pd product} {ergonomic}
    uintx ReservedCodeCacheSize                    = 251658240                              {pd product} {ergonomic}
     bool SegmentedCodeCache                       = true                                      {product} {ergonomic}
   size_t SoftMaxHeapSize                          = 536870912                              {manageable} {ergonomic}
     bool UseCompressedClassPointers               = true                           {product lp64_product} {ergonomic}
     bool UseCompressedOops                        = true                           {product lp64_product} {ergonomic}
     bool UseG1GC                                  = true                                      {product} {ergonomic}
     bool UseLargePagesIndividualAllocation        = false                                  {pd product} {ergonomic}

Logging:
Log output configuration:
 #0: stdout all=warning uptime,level,tags
 #1: stderr all=off uptime,level,tags

Environment Variables:
CLASSPATH=.;C:\Program Files (x86)\QuickTime\QTSystem\QTJava.zip
PATH=C:\Python311\Scripts\;C:\Python311\;C:\Program Files\Common Files\Oracle\Java\javapath;C:\Program Files (x86)\Common Files\Oracle\Java\javapath;C:\Program Files (x86)\Common Files\Intel\Shared Libraries\redist\intel64_win\compiler;C:\Program Files (x86)\Common Files\Intel\Shared Libraries\redist\intel64\compiler;C:\Windows\system32;C:\Windows;C:\Windows\System32\Wbem;C:\Windows\System32\WindowsPowerShell\v1.0\;C:\Windows\System32\OpenSSH\;C:\Program Files (x86)\NVIDIA Corporation\PhysX\Common;C:\WINDOWS\system32;C:\WINDOWS;C:\WINDOWS\System32\Wbem;C:\WINDOWS\System32\WindowsPowerShell\v1.0\;C:\WINDOWS\System32\OpenSSH\;C:\Program Files (x86)\QuickTime\QTSystem\;C:\Program Files\dotnet\;C:\Program Files (x86)\Minimal ADB and Fastboot;C:\Program Files\MATLAB\R2022a\runtime\win64;C:\Program Files\MATLAB\R2022a\bin;C:\Program Files\Wolfram Research\WolframScript\;C:\ProgramData\chocolatey\bin;D:\8-Programming\maven\bin;C:\Users\AHMEDHOSNY\.jdks\openjdk-20\bin;C:\Users\AHMEDHOSNY\AppData\Local\Android\Sdk\tools\bin;C:\Users\AHMEDHOSNY\AppData\Local\Android\Sdk\platform-tools;C:\Users\AHMEDHOSNY\AppData\Local\Android\Sdk\emulator;C:\Users\AHMEDHOSNY\AppData\Roaming\npm\node_modules\@angular\cli\bin;C:\Users\AHMEDHOSNY\AppData\Roaming\npm;C:\Program Files\PostgreSQL\15\bin;C:\Moodle\server\php\php.exe;C:\Program Files\PuTTY\;C:\Program Files\Git\cmd;C:\Program Files\NVIDIA Corporation\NVIDIA NvDLISR;C:\Program Files\Docker\Docker\resources\bin;C:\Program Files\nodejs\;C:\Program Files\PowerShell\7\;C:\Users\AHMEDHOSNY\AppData\Local\Microsoft\WindowsApps;C:\Users\AHMEDHOSNY\AppData\Local\JetBrains\Toolbox\scripts;C:\Users\AHMEDHOSNY\AppData\Local\Programs\Microsoft VS Code\bin;C:\Users\AHMEDHOSNY\AppData\Local\GitHubDesktop\bin;C:\Users\AHMEDHOSNY\AppData\Local\Microsoft\WindowsApps;C:\Program Files\Java\jdk-11\bin
USERNAME=AHMEDHOSNY
OS=Windows_NT
PROCESSOR_IDENTIFIER=Intel64 Family 6 Model 165 Stepping 2, GenuineIntel
TMP=C:\Users\AHMEDHOSNY\AppData\Local\Temp
TEMP=C:\Users\AHMEDHOSNY\AppData\Local\Temp


JNI global refs:
JNI global refs: 21, weak refs: 15

JNI global refs memory usage: 843, weak refs: 841


---------------  S Y S T E M  ---------------

OS:
 Windows 11 , 64 bit Build 25905 (10.0.25905.1000)
OS uptime: 2 days 18:01 hours
Hyper-V role detected

CPU: total 12 (initial active 12) (6 cores per cpu, 2 threads per core) family 6 model 165 stepping 2 microcode 0xea, cx8, cmov, fxsr, ht, mmx, 3dnowpref, sse, sse2, sse3, ssse3, sse4.1, sse4.2, popcnt, lzcnt, tsc, tscinvbit, avx, avx2, aes, erms, clmul, bmi1, bmi2, adx, fma, vzeroupper, clflush, clflushopt, hv

Memory: 4k page, system-wide physical 16215M (1428M free)
TotalPageFile size 28503M (AvailPageFile size 9M)
current process WorkingSet (physical memory assigned to process): 348M, peak: 354M
current process commit charge ("private bytes"): 544M, peak: 550M

vm_info: OpenJDK 64-Bit Server VM (17.0.7+10-b829.16) for windows-amd64 JRE (17.0.7+10-b829.16), built on 2023-06-02 by "builduser" with MS VC++ 16.10 / 16.11 (VS2019)

END.
